Using pre-set license
Built from '2020.3/staging' branch; Version is '2020.3.30f1 (1fb1bf06830e) revision 2077119'; Using compiler version '192528614'; Build Type 'Release'
OS: 'Windows 10  (10.0.19044) 64bit Core' Language: 'zh' Physical Memory: 8034 MB
BatchMode: 1, IsHumanControllingUs: 0, StartBugReporterOnCrash: 0, Is64bit: 1, IsPro: 0

COMMAND LINE ARGUMENTS:
D:\2020.3.30f1\Editor\Unity.exe
-adb2
-batchMode
-noUpm
-name
AssetImportWorker9
-projectPath
D:/Unity/Stays/Stays
-logFile
Logs/AssetImportWorker9.log
-srvPort
59769
Successfully changed project path to: D:/Unity/Stays/Stays
D:/Unity/Stays/Stays
Using Asset Import Pipeline V2.
Refreshing native plugins compatible for Editor in 73.59 ms, found 5 plugins.
Preloading 0 native plugins for Editor in 0.00 ms.
Initialize engine version: 2020.3.30f1 (1fb1bf06830e)
[Subsystems] Discovering subsystems at path D:/2020.3.30f1/Editor/Data/Resources/UnitySubsystems
[Subsystems] Discovering subsystems at path D:/Unity/Stays/Stays/Assets
GfxDevice: creating device client; threaded=0
Direct3D:
    Version:  Direct3D 11.0 [level 11.1]
    Renderer: NVIDIA GeForce GTX 1050 (ID=0x1c91)
    Vendor:   
    VRAM:     2996 MB
    Driver:   30.0.15.1165
Shader 'Custom/AdditiveTintable': fallback shader 'Particles/Additive (Soft)' not found
Initialize mono
Mono path[0] = 'D:/2020.3.30f1/Editor/Data/Managed'
Mono path[1] = 'D:/2020.3.30f1/Editor/Data/MonoBleedingEdge/lib/mono/unityjit'
Mono config path = 'D:/2020.3.30f1/Editor/Data/MonoBleedingEdge/etc'
Using monoOptions --debugger-agent=transport=dt_socket,embedding=1,server=y,suspend=n,address=127.0.0.1:56736
Begin MonoManager ReloadAssembly
Registering precompiled unity dll's ...
Register platform support module: D:/2020.3.30f1/Editor/Data/PlaybackEngines/WebGLSupport/UnityEditor.WebGL.Extensions.dll
Register platform support module: D:/2020.3.30f1/Editor/Data/PlaybackEngines/WindowsStandaloneSupport/UnityEditor.WindowsStandalone.Extensions.dll
Registered in 0.001289 seconds.
Native extension for WindowsStandalone target not found
Native extension for WebGL target not found
Refreshing native plugins compatible for Editor in 64.25 ms, found 5 plugins.
Preloading 0 native plugins for Editor in 0.00 ms.
Mono: successfully reloaded assembly
- Completed reload, in  0.541 seconds
Domain Reload Profiling:
	ReloadAssembly (541ms)
		BeginReloadAssembly (56ms)
			ExecutionOrderSort (0ms)
			DisableScriptedObjects (0ms)
			BackupInstance (0ms)
			ReleaseScriptingObjects (0ms)
			CreateAndSetChildDomain (1ms)
		EndReloadAssembly (427ms)
			LoadAssemblies (56ms)
			RebuildTransferFunctionScriptingTraits (0ms)
			SetupTypeCache (132ms)
			ReleaseScriptCaches (0ms)
			RebuildScriptCaches (28ms)
			SetupLoadedEditorAssemblies (176ms)
				LogAssemblyErrors (0ms)
				InitializePlatformSupportModulesInManaged (4ms)
				SetLoadedEditorAssemblies (0ms)
				RefreshPlugins (64ms)
				BeforeProcessingInitializeOnLoad (14ms)
				ProcessInitializeOnLoadAttributes (69ms)
				ProcessInitializeOnLoadMethodAttributes (24ms)
				AfterProcessingInitializeOnLoad (0ms)
				EditorAssembliesLoaded (0ms)
			ExecutionOrderSort2 (0ms)
			AwakeInstancesAfterBackupRestoration (0ms)
Platform modules already initialized, skipping
Registering precompiled user dll's ...
Registered in 0.003355 seconds.
Begin MonoManager ReloadAssembly
Native extension for WindowsStandalone target not found
Native extension for WebGL target not found
Refreshing native plugins compatible for Editor in 63.21 ms, found 5 plugins.
Preloading 0 native plugins for Editor in 0.00 ms.
Mono: successfully reloaded assembly
- Completed reload, in  4.302 seconds
Domain Reload Profiling:
	ReloadAssembly (4392ms)
		BeginReloadAssembly (130ms)
			ExecutionOrderSort (0ms)
			DisableScriptedObjects (4ms)
			BackupInstance (0ms)
			ReleaseScriptingObjects (0ms)
			CreateAndSetChildDomain (16ms)
		EndReloadAssembly (4214ms)
			LoadAssemblies (87ms)
			RebuildTransferFunctionScriptingTraits (0ms)
			SetupTypeCache (272ms)
			ReleaseScriptCaches (0ms)
			RebuildScriptCaches (47ms)
			SetupLoadedEditorAssemblies (3626ms)
				LogAssemblyErrors (0ms)
				InitializePlatformSupportModulesInManaged (3ms)
				SetLoadedEditorAssemblies (0ms)
				RefreshPlugins (63ms)
				BeforeProcessingInitializeOnLoad (66ms)
				ProcessInitializeOnLoadAttributes (2985ms)
				ProcessInitializeOnLoadMethodAttributes (505ms)
				AfterProcessingInitializeOnLoad (2ms)
				EditorAssembliesLoaded (0ms)
			ExecutionOrderSort2 (0ms)
			AwakeInstancesAfterBackupRestoration (5ms)
Platform modules already initialized, skipping
========================================================================
Worker process is ready to serve import requests
Shader 'Custom/AdditiveTintable': fallback shader 'Particles/Additive (Soft)' not found
Launched and connected shader compiler UnityShaderCompiler.exe after 0.50 seconds
Refreshing native plugins compatible for Editor in 0.91 ms, found 5 plugins.
Preloading 0 native plugins for Editor in 0.00 ms.
Unloading 2845 Unused Serialized files (Serialized files now loaded: 0)
System memory in use before: 198.8 MB.
System memory in use after: 188.2 MB.

Unloading 88 unused Assets to reduce memory usage. Loaded Objects now: 3280.
Total: 10.716900 ms (FindLiveObjects: 0.228000 ms CreateObjectMapping: 0.101400 ms MarkObjects: 3.267700 ms  DeleteObjects: 7.119200 ms)

AssetImportParameters requested are different than current active one (requested -> active):
  custom:framework-win-MediaFoundation: 216162199b28c13a410421893ffa2e32 -> 
  custom:video-decoder-ogg-theora: a1e56fd34408186e4bbccfd4996cb3dc -> 
  custom:container-muxer-webm: aa71ff27fc2769a1b78a27578f13a17b -> 
  custom:container-demuxer-webm: 4f35f7cbe854078d1ac9338744f61a02 -> 
  custom:container-demuxer-ogg: 62fdf1f143b41e24485cea50d1cbac27 -> 
  custom:video-encoder-webm-vp8: eb34c28f22e8b96e1ab97ce403110664 -> 
  custom:video-decoder-webm-vp8: 9c59270c3fd7afecdb556c50c9e8de78 -> 
  custom:audio-decoder-ogg-vorbis: bf7c407c2cedff20999df2af8eb42d56 -> 
  custom:audio-encoder-webm-vorbis: bf7c407c2cedff20999df2af8eb42d56 -> 
========================================================================
Received Import Request.
  path: Assets/Prefabricated/主角 1.prefab
  artifactKey: Guid(a8d6cfe21cc470f49941a99cdc13c82f) Importer(815301076,1909f56bfc062723c751e8b465ee728b)
Start importing Assets/Prefabricated/主角 1.prefab using Guid(a8d6cfe21cc470f49941a99cdc13c82f) Importer(815301076,1909f56bfc062723c751e8b465ee728b)  -> (artifact id: '2cd07adef163b581ad7af6c5dd958953') in 3.418780 seconds 
========================================================================
Received Import Request.
  Time since last request: 0.000457 seconds.
  path: Assets/Prefabricated/UI/back.prefab
  artifactKey: Guid(060ca8bace8ad804e9b70456a0df5ddb) Importer(815301076,1909f56bfc062723c751e8b465ee728b)
Start importing Assets/Prefabricated/UI/back.prefab using Guid(060ca8bace8ad804e9b70456a0df5ddb) Importer(815301076,1909f56bfc062723c751e8b465ee728b)  -> (artifact id: '3f9776ed9a7ebf2ef5ae901bdad6c51d') in 0.107166 seconds 
========================================================================
Received Import Request.
  Time since last request: 0.000549 seconds.
  path: Assets/Prefabricated/UI/關卡內提示.prefab
  artifactKey: Guid(78c42bb0618c01d42a48d7ca866f9f42) Importer(815301076,1909f56bfc062723c751e8b465ee728b)
Start importing Assets/Prefabricated/UI/關卡內提示.prefab using Guid(78c42bb0618c01d42a48d7ca866f9f42) Importer(815301076,1909f56bfc062723c751e8b465ee728b)  -> (artifact id: 'f6367ff790fb2057c1d43e8ebcc521c2') in 0.201069 seconds 
========================================================================
Received Import Request.
  Time since last request: 0.000374 seconds.
  path: Assets/Prefabricated/UI/對話框.prefab
  artifactKey: Guid(0edd12d347d24844d9768ee683bd3b4d) Importer(815301076,1909f56bfc062723c751e8b465ee728b)
Start importing Assets/Prefabricated/UI/對話框.prefab using Guid(0edd12d347d24844d9768ee683bd3b4d) Importer(815301076,1909f56bfc062723c751e8b465ee728b)  -> (artifact id: 'dedf77db226ca117602be3885c06f9a6') in 0.416563 seconds 
========================================================================
Received Import Request.
  Time since last request: 0.000463 seconds.
  path: Assets/Prefabricated/土地.prefab
  artifactKey: Guid(ea4a9e6f87613344cba9f2f11b97f56b) Importer(815301076,1909f56bfc062723c751e8b465ee728b)
Start importing Assets/Prefabricated/土地.prefab using Guid(ea4a9e6f87613344cba9f2f11b97f56b) Importer(815301076,1909f56bfc062723c751e8b465ee728b)  -> (artifact id: '7caa5b132295a4e3e007fee97a53bd87') in 0.061412 seconds 
========================================================================
Received Import Request.
  Time since last request: 0.000363 seconds.
  path: Assets/Prefabricated/清潔員.prefab
  artifactKey: Guid(7f71ead7e23910d419b499bad532d037) Importer(815301076,1909f56bfc062723c751e8b465ee728b)
Start importing Assets/Prefabricated/清潔員.prefab using Guid(7f71ead7e23910d419b499bad532d037) Importer(815301076,1909f56bfc062723c751e8b465ee728b)  -> (artifact id: '590338a2ca665b0befbd7bc6407a5378') in 0.356043 seconds 
========================================================================
Received Import Request.
  Time since last request: 0.000353 seconds.
  path: Assets/Prefabricated/UI/重置頁面.prefab
  artifactKey: Guid(1694d7930291b59458d9f9dee84b5307) Importer(815301076,1909f56bfc062723c751e8b465ee728b)
Start importing Assets/Prefabricated/UI/重置頁面.prefab using Guid(1694d7930291b59458d9f9dee84b5307) Importer(815301076,1909f56bfc062723c751e8b465ee728b)  -> (artifact id: '0b99a023ca1fa19d482b2a2d77f47100') in 0.384716 seconds 
========================================================================
Received Import Request.
  Time since last request: 0.000477 seconds.
  path: Assets/Prefabricated/UI/技能確認.prefab
  artifactKey: Guid(bb422ea40df0baa4ca9ad704d21951ff) Importer(815301076,1909f56bfc062723c751e8b465ee728b)
Start importing Assets/Prefabricated/UI/技能確認.prefab using Guid(bb422ea40df0baa4ca9ad704d21951ff) Importer(815301076,1909f56bfc062723c751e8b465ee728b)  -> (artifact id: 'd8ad71691d9335b2fadac4fec0809766') in 0.005631 seconds 
========================================================================
Received Import Request.
  Time since last request: 0.000412 seconds.
  path: Assets/Prefabricated/主角 Variant.prefab
  artifactKey: Guid(9930d501e34f7074e8984282d74cf047) Importer(815301076,1909f56bfc062723c751e8b465ee728b)
Start importing Assets/Prefabricated/主角 Variant.prefab using Guid(9930d501e34f7074e8984282d74cf047) Importer(815301076,1909f56bfc062723c751e8b465ee728b)  -> (artifact id: 'de2b45fc1783c7a350e993144a9bca1a') in 1.151119 seconds 
========================================================================
Received Import Request.
  Time since last request: 0.000378 seconds.
  path: Assets/Prefabricated/UI/skill UI.prefab
  artifactKey: Guid(0a56125b4cd8f8d4e83c7a288221c071) Importer(815301076,1909f56bfc062723c751e8b465ee728b)
Start importing Assets/Prefabricated/UI/skill UI.prefab using Guid(0a56125b4cd8f8d4e83c7a288221c071) Importer(815301076,1909f56bfc062723c751e8b465ee728b)  -> (artifact id: 'd9cb2fa8a60614b34c21d5de185730ea') in 0.253400 seconds 
========================================================================
Received Import Request.
  Time since last request: 0.000468 seconds.
  path: Assets/Prefabricated/UI/回首頁.prefab
  artifactKey: Guid(ab1cf450c90f77e40b93e89b84f758f0) Importer(815301076,1909f56bfc062723c751e8b465ee728b)
Start importing Assets/Prefabricated/UI/回首頁.prefab using Guid(ab1cf450c90f77e40b93e89b84f758f0) Importer(815301076,1909f56bfc062723c751e8b465ee728b)  -> (artifact id: '1c25e0d1721eb7157655c1d68dab59ac') in 0.055839 seconds 
========================================================================
Received Import Request.
  Time since last request: 0.000432 seconds.
  path: Assets/Prefabricated/主角.prefab
  artifactKey: Guid(10fba4c8033c7a544a3b23501b371546) Importer(815301076,1909f56bfc062723c751e8b465ee728b)
Start importing Assets/Prefabricated/主角.prefab using Guid(10fba4c8033c7a544a3b23501b371546) Importer(815301076,1909f56bfc062723c751e8b465ee728b)  -> (artifact id: '8bc570c68d5268f06c04c05204ba63d1') in 0.596988 seconds 
========================================================================
Received Import Request.
  Time since last request: 0.000350 seconds.
  path: Assets/Prefabricated/小孩_color_high.prefab
  artifactKey: Guid(ef4f765e18e26554fa302732fc0ecaf0) Importer(815301076,1909f56bfc062723c751e8b465ee728b)
Start importing Assets/Prefabricated/小孩_color_high.prefab using Guid(ef4f765e18e26554fa302732fc0ecaf0) Importer(815301076,1909f56bfc062723c751e8b465ee728b)  -> (artifact id: '03f58a3cfd4b78e2f956dcd4ab4144fb') in 0.024518 seconds 
========================================================================
Received Import Request.
  Time since last request: 0.000540 seconds.
  path: Assets/Prefabricated/UI/關卡內UI.prefab
  artifactKey: Guid(7b5ced3b1794f934faf9eb8c4aab8286) Importer(815301076,1909f56bfc062723c751e8b465ee728b)
Start importing Assets/Prefabricated/UI/關卡內UI.prefab using Guid(7b5ced3b1794f934faf9eb8c4aab8286) Importer(815301076,1909f56bfc062723c751e8b465ee728b)  -> (artifact id: '8ca6e3f85c5eb99bc1a85c59ae61f808') in 0.363780 seconds 
========================================================================
Received Import Request.
  Time since last request: 0.000437 seconds.
  path: Assets/Prefabricated/UI/拉條.prefab
  artifactKey: Guid(ed6ef5bef28352a4e86ed637a0bc86bb) Importer(815301076,1909f56bfc062723c751e8b465ee728b)
Start importing Assets/Prefabricated/UI/拉條.prefab using Guid(ed6ef5bef28352a4e86ed637a0bc86bb) Importer(815301076,1909f56bfc062723c751e8b465ee728b)  -> (artifact id: '7319d912aea0212119514bc69d172edd') in 0.008712 seconds 
========================================================================
Received Import Request.
  Time since last request: 0.000422 seconds.
  path: Assets/Prefabricated/UI/切換關卡.prefab
  artifactKey: Guid(2c4f97a46e743ac418ac0813e90b9611) Importer(815301076,1909f56bfc062723c751e8b465ee728b)
Start importing Assets/Prefabricated/UI/切換關卡.prefab using Guid(2c4f97a46e743ac418ac0813e90b9611) Importer(815301076,1909f56bfc062723c751e8b465ee728b)  -> (artifact id: 'd5899d7da23cc547889cb2eaa5bc0943') in 0.054446 seconds 
========================================================================
Received Import Request.
  Time since last request: 0.000373 seconds.
  path: Assets/InputSystem.inputsettings.asset
  artifactKey: Guid(4af81a24cefa86a4c987a2747089076b) Importer(815301076,1909f56bfc062723c751e8b465ee728b)
Start importing Assets/InputSystem.inputsettings.asset using Guid(4af81a24cefa86a4c987a2747089076b) Importer(815301076,1909f56bfc062723c751e8b465ee728b)  -> (artifact id: '48af2cc850b5eee40ea5c811db07a73b') in 0.005189 seconds 
========================================================================
Received Import Request.
  Time since last request: 0.000422 seconds.
  path: Assets/Prefabricated/UI/關卡內設定.prefab
  artifactKey: Guid(f0958901332f98445980dbb4c6bd27b1) Importer(815301076,1909f56bfc062723c751e8b465ee728b)
Start importing Assets/Prefabricated/UI/關卡內設定.prefab using Guid(f0958901332f98445980dbb4c6bd27b1) Importer(815301076,1909f56bfc062723c751e8b465ee728b)  -> (artifact id: '3f38d1629feb432f9706992060f23789') in 0.297308 seconds 
========================================================================
Received Import Request.
  Time since last request: 0.000363 seconds.
  path: Assets/Prefabricated/UI/返回提示-首頁.prefab
  artifactKey: Guid(0c70e70dc312314429f2bab969d3d2a7) Importer(815301076,1909f56bfc062723c751e8b465ee728b)
Start importing Assets/Prefabricated/UI/返回提示-首頁.prefab using Guid(0c70e70dc312314429f2bab969d3d2a7) Importer(815301076,1909f56bfc062723c751e8b465ee728b)  -> (artifact id: '676a92365c9e1b259a76d46d0a2ba4fb') in 0.242850 seconds 
========================================================================
Received Import Request.
  Time since last request: 0.000513 seconds.
  path: Assets/Prefabricated/小孩.prefab
  artifactKey: Guid(3b761dc2284e38948b8624fcfda7ffd1) Importer(815301076,1909f56bfc062723c751e8b465ee728b)
Start importing Assets/Prefabricated/小孩.prefab using Guid(3b761dc2284e38948b8624fcfda7ffd1) Importer(815301076,1909f56bfc062723c751e8b465ee728b)  -> (artifact id: 'ca5d9650993b453ce996f60ef49100e0') in 0.622335 seconds 
========================================================================
Received Import Request.
  Time since last request: 0.000359 seconds.
  path: Assets/Prefabricated/UI/返回提示.prefab
  artifactKey: Guid(22c043250a934ac469dfa96bdc68ed48) Importer(815301076,1909f56bfc062723c751e8b465ee728b)
Start importing Assets/Prefabricated/UI/返回提示.prefab using Guid(22c043250a934ac469dfa96bdc68ed48) Importer(815301076,1909f56bfc062723c751e8b465ee728b)  -> (artifact id: 'abac10dbaa318033b68d02eebdeb81e8') in 0.012592 seconds 
========================================================================
Received Import Request.
  Time since last request: 41.962326 seconds.
  path: Assets/Store/Jonathan Foust/Meshes/Arrowhead Chute Plant 3.fbx
  artifactKey: Guid(8b95a776c7078d045a8a374b9ce467cd) Importer(815301076,1909f56bfc062723c751e8b465ee728b)
Start importing Assets/Store/Jonathan Foust/Meshes/Arrowhead Chute Plant 3.fbx using Guid(8b95a776c7078d045a8a374b9ce467cd) Importer(815301076,1909f56bfc062723c751e8b465ee728b)  -> (artifact id: '81daf307245afbe06eadefcc32eb1719') in 4.288215 seconds 
========================================================================
Received Import Request.
  Time since last request: 0.000342 seconds.
  path: Assets/Store/polygonTrees/polygonTrees/models/trees/trees/bigLeavesTree/bigLeavesTree.fbx
  artifactKey: Guid(331e6cacaa5064ecb91f918c9aca93fd) Importer(815301076,1909f56bfc062723c751e8b465ee728b)
Start importing Assets/Store/polygonTrees/polygonTrees/models/trees/trees/bigLeavesTree/bigLeavesTree.fbx using Guid(331e6cacaa5064ecb91f918c9aca93fd) Importer(815301076,1909f56bfc062723c751e8b465ee728b)  -> (artifact id: '3ef052c3413d9b4005538183725e590c') in 0.847768 seconds 
========================================================================
Received Import Request.
  Time since last request: 0.000420 seconds.
  path: Assets/Store/Jonathan Foust/Meshes/Arrowhead Chute Plant 4.fbx
  artifactKey: Guid(79c8c272ed323a74bb748da84a21efa0) Importer(815301076,1909f56bfc062723c751e8b465ee728b)
Start importing Assets/Store/Jonathan Foust/Meshes/Arrowhead Chute Plant 4.fbx using Guid(79c8c272ed323a74bb748da84a21efa0) Importer(815301076,1909f56bfc062723c751e8b465ee728b)  -> (artifact id: '84e2a9a913346f9a28f45ae9ace35b11') in 0.128460 seconds 
========================================================================
Received Import Request.
  Time since last request: 0.000358 seconds.
  path: Assets/Store/polygonTrees/polygonTrees/models/shrubs/bigLeavesShrubs/bigLeavesShrubs.fbx
  artifactKey: Guid(606069ef88593eae49cdff6264762507) Importer(815301076,1909f56bfc062723c751e8b465ee728b)
Start importing Assets/Store/polygonTrees/polygonTrees/models/shrubs/bigLeavesShrubs/bigLeavesShrubs.fbx using Guid(606069ef88593eae49cdff6264762507) Importer(815301076,1909f56bfc062723c751e8b465ee728b)  -> (artifact id: '28af5dc9f2787dfda9b92e00c3bdc7e3') in 0.322510 seconds 
========================================================================
Received Import Request.
  Time since last request: 0.000435 seconds.
  path: Assets/Store/polygonTrees/polygonTrees/models/rocks/blackRock/blackRock.fbx
  artifactKey: Guid(3409899a9e78caa6191f715ddafe62cd) Importer(815301076,1909f56bfc062723c751e8b465ee728b)
Start importing Assets/Store/polygonTrees/polygonTrees/models/rocks/blackRock/blackRock.fbx using Guid(3409899a9e78caa6191f715ddafe62cd) Importer(815301076,1909f56bfc062723c751e8b465ee728b)  -> (artifact id: '814a34e102e47ec9b74b87e6d4f0f6c5') in 0.206510 seconds 
========================================================================
Received Import Request.
  Time since last request: 0.000366 seconds.
  path: Assets/Store/polygonTrees/polygonTrees/models/trees/deadTrees/dryBigLeavesTree/bigLeavesTree.fbx
  artifactKey: Guid(b79ea7d30c3eb9ee7b39cd55a82c6229) Importer(815301076,1909f56bfc062723c751e8b465ee728b)
Start importing Assets/Store/polygonTrees/polygonTrees/models/trees/deadTrees/dryBigLeavesTree/bigLeavesTree.fbx using Guid(b79ea7d30c3eb9ee7b39cd55a82c6229) Importer(815301076,1909f56bfc062723c751e8b465ee728b)  -> (artifact id: 'a107819b5b9eeca07323bc05a6b00ad2') in 0.404345 seconds 
========================================================================
Received Import Request.
  Time since last request: 18.516888 seconds.
  path: Assets/Models/S1_Models/房子_1.fbx
  artifactKey: Guid(c4e9db32bacf2774690726d60eb5c6d0) Importer(815301076,1909f56bfc062723c751e8b465ee728b)
Start importing Assets/Models/S1_Models/房子_1.fbx using Guid(c4e9db32bacf2774690726d60eb5c6d0) Importer(815301076,1909f56bfc062723c751e8b465ee728b)  -> (artifact id: '9f84e936fcf5a00cf5d03e86f6202973') in 0.432517 seconds 
========================================================================
Received Import Request.
  Time since last request: 0.000429 seconds.
  path: Assets/Models/S1_Models/鐘塔_1.fbx
  artifactKey: Guid(63a7f0e20e741cd499131f3e100f657a) Importer(815301076,1909f56bfc062723c751e8b465ee728b)
Start importing Assets/Models/S1_Models/鐘塔_1.fbx using Guid(63a7f0e20e741cd499131f3e100f657a) Importer(815301076,1909f56bfc062723c751e8b465ee728b)  -> (artifact id: '33354c019ce76110c80e24244c8e7941') in 0.360523 seconds 
========================================================================
Received Import Request.
  Time since last request: 0.000365 seconds.
  path: Assets/Material/grandmom.mat
  artifactKey: Guid(7eb835de5cacc2b448563c782fc323a5) Importer(815301076,1909f56bfc062723c751e8b465ee728b)
Start importing Assets/Material/grandmom.mat using Guid(7eb835de5cacc2b448563c782fc323a5) Importer(815301076,1909f56bfc062723c751e8b465ee728b)  -> (artifact id: '74f4f55e44975662d5f669a2e50a7394') in 0.387316 seconds 
========================================================================
Received Import Request.
  Time since last request: 0.000345 seconds.
  path: Assets/Material/Kid.mat
  artifactKey: Guid(6908b19717bbf49468a538b09924a831) Importer(815301076,1909f56bfc062723c751e8b465ee728b)
Start importing Assets/Material/Kid.mat using Guid(6908b19717bbf49468a538b09924a831) Importer(815301076,1909f56bfc062723c751e8b465ee728b)  -> (artifact id: '14748256ce90b3f725484520df521b44') in 0.108092 seconds 
========================================================================
Received Import Request.
  Time since last request: 0.000397 seconds.
  path: Assets/Material/Clear 1.mat
  artifactKey: Guid(67872fe7ecb466748a2e7f4d9799991d) Importer(815301076,1909f56bfc062723c751e8b465ee728b)
Start importing Assets/Material/Clear 1.mat using Guid(67872fe7ecb466748a2e7f4d9799991d) Importer(815301076,1909f56bfc062723c751e8b465ee728b)  -> (artifact id: 'd46eedcc95dcff600c7ff935f2acab63') in 0.043013 seconds 
========================================================================
Received Import Request.
  Time since last request: 0.000350 seconds.
  path: Assets/Material/conductor.mat
  artifactKey: Guid(447ed79a76ec7b247abb78ba3f934a6b) Importer(815301076,1909f56bfc062723c751e8b465ee728b)
Start importing Assets/Material/conductor.mat using Guid(447ed79a76ec7b247abb78ba3f934a6b) Importer(815301076,1909f56bfc062723c751e8b465ee728b)  -> (artifact id: '03c5cc1287e696253e7bfd2a352d68f4') in 0.213865 seconds 
========================================================================
Received Import Request.
  Time since last request: 0.000440 seconds.
  path: Assets/Material/young.mat
  artifactKey: Guid(ff86907434becce4a9fdaae6bdfc2eab) Importer(815301076,1909f56bfc062723c751e8b465ee728b)
Start importing Assets/Material/young.mat using Guid(ff86907434becce4a9fdaae6bdfc2eab) Importer(815301076,1909f56bfc062723c751e8b465ee728b)  -> (artifact id: '1686f604c78ae66eb800a52b52ff182d') in 0.176053 seconds 
========================================================================
Received Import Request.
  Time since last request: 0.000313 seconds.
  path: Assets/Models/S1_Models/房子_2.fbx
  artifactKey: Guid(60b25c0c1125cf346a0881a513992dc3) Importer(815301076,1909f56bfc062723c751e8b465ee728b)
Start importing Assets/Models/S1_Models/房子_2.fbx using Guid(60b25c0c1125cf346a0881a513992dc3) Importer(815301076,1909f56bfc062723c751e8b465ee728b)  -> (artifact id: '6cd32cb1bb23a7c2ac1a3ad513ddb3b1') in 0.294813 seconds 
========================================================================
Received Import Request.
  Time since last request: 0.000343 seconds.
  path: Assets/Models/S1_Models/鐘塔_2.fbx
  artifactKey: Guid(7cb9b0ccb4b36cc4f8f5c6aa07a84962) Importer(815301076,1909f56bfc062723c751e8b465ee728b)
Start importing Assets/Models/S1_Models/鐘塔_2.fbx using Guid(7cb9b0ccb4b36cc4f8f5c6aa07a84962) Importer(815301076,1909f56bfc062723c751e8b465ee728b)  -> (artifact id: '71ec6b9dfc431a9a0c1cd6573de8b85c') in 0.315533 seconds 
========================================================================
Received Import Request.
  Time since last request: 0.000404 seconds.
  path: Assets/icon/Stays_標準字_彩.png
  artifactKey: Guid(23b7af8158d1bf64e8b1dd66b01b91e2) Importer(815301076,1909f56bfc062723c751e8b465ee728b)
Start importing Assets/icon/Stays_標準字_彩.png using Guid(23b7af8158d1bf64e8b1dd66b01b91e2) Importer(815301076,1909f56bfc062723c751e8b465ee728b)  -> (artifact id: '04e7912ab9053e11d79916eaf4d35628') in 0.564910 seconds 
========================================================================
Received Import Request.
  Time since last request: 0.000498 seconds.
  path: Assets/icon/資訊
  artifactKey: Guid(223271087ae24e947b1a24c98e74d7c0) Importer(815301076,1909f56bfc062723c751e8b465ee728b)
Start importing Assets/icon/資訊 using Guid(223271087ae24e947b1a24c98e74d7c0) Importer(815301076,1909f56bfc062723c751e8b465ee728b)  -> (artifact id: 'a1c318a143ac4ddd46f8a0a472a461cf') in 0.055567 seconds 
========================================================================
Received Import Request.
  Time since last request: 0.000385 seconds.
  path: Assets/icon/LOGO-04.png
  artifactKey: Guid(cc9d089b100f42243a7f41f6af31e14b) Importer(815301076,1909f56bfc062723c751e8b465ee728b)
Start importing Assets/icon/LOGO-04.png using Guid(cc9d089b100f42243a7f41f6af31e14b) Importer(815301076,1909f56bfc062723c751e8b465ee728b)  -> (artifact id: '246f68c0295c4686c827755363ed40b4') in 0.246434 seconds 
========================================================================
Received Import Request.
  Time since last request: 0.000366 seconds.
  path: Assets/icon/資訊/yin.png
  artifactKey: Guid(2a6214e42c5b7f346a681ba6148e8b66) Importer(815301076,1909f56bfc062723c751e8b465ee728b)
Start importing Assets/icon/資訊/yin.png using Guid(2a6214e42c5b7f346a681ba6148e8b66) Importer(815301076,1909f56bfc062723c751e8b465ee728b)  -> (artifact id: '50709ff7a34a1b1a4ba8d9fe3fb2325c') in 0.067362 seconds 
========================================================================
Received Import Request.
  Time since last request: 0.000422 seconds.
  path: Assets/icon/資訊/fox.png
  artifactKey: Guid(856537fbd9bb5ce4c8a261dbbd9b06f8) Importer(815301076,1909f56bfc062723c751e8b465ee728b)
Start importing Assets/icon/資訊/fox.png using Guid(856537fbd9bb5ce4c8a261dbbd9b06f8) Importer(815301076,1909f56bfc062723c751e8b465ee728b)  -> (artifact id: 'd56f72d73002f5a9b6a7f574187dc115') in 0.071167 seconds 
========================================================================
Received Import Request.
  Time since last request: 0.000414 seconds.
  path: Assets/icon/主頁_製作名單.png
  artifactKey: Guid(b8a27f63eca4f58459ac50d8957e00c6) Importer(815301076,1909f56bfc062723c751e8b465ee728b)
Start importing Assets/icon/主頁_製作名單.png using Guid(b8a27f63eca4f58459ac50d8957e00c6) Importer(815301076,1909f56bfc062723c751e8b465ee728b)  -> (artifact id: 'a3da159e82b845d88acc7a14e23ab8ce') in 0.087833 seconds 
========================================================================
Received Import Request.
  Time since last request: 0.000428 seconds.
  path: Assets/icon/jf-openhuninn-1.0.ttf
  artifactKey: Guid(2edb4724b9504814abbc5c4988fc1f42) Importer(815301076,1909f56bfc062723c751e8b465ee728b)
Start importing Assets/icon/jf-openhuninn-1.0.ttf using Guid(2edb4724b9504814abbc5c4988fc1f42) Importer(815301076,1909f56bfc062723c751e8b465ee728b)  -> (artifact id: '14ed3edd252d1913f0fa75ae9238e554') in 0.251633 seconds 
========================================================================
Received Import Request.
  Time since last request: 0.000405 seconds.
  path: Assets/icon/設定列_拉條鈕.png
  artifactKey: Guid(c65211203485cfc498542f7330873218) Importer(815301076,1909f56bfc062723c751e8b465ee728b)
Start importing Assets/icon/設定列_拉條鈕.png using Guid(c65211203485cfc498542f7330873218) Importer(815301076,1909f56bfc062723c751e8b465ee728b)  -> (artifact id: '62905165f75717ac9fccce2e13bca7ed') in 0.014806 seconds 
========================================================================
Received Import Request.
  Time since last request: 0.000393 seconds.
  path: Assets/icon/主頁_設定.png
  artifactKey: Guid(245a34ab1242555428eefaf16986db4c) Importer(815301076,1909f56bfc062723c751e8b465ee728b)
Start importing Assets/icon/主頁_設定.png using Guid(245a34ab1242555428eefaf16986db4c) Importer(815301076,1909f56bfc062723c751e8b465ee728b)  -> (artifact id: 'b52c15e5d4b41cfe9cc1f4b0166c5d52') in 0.093684 seconds 
========================================================================
Received Import Request.
  Time since last request: 0.000431 seconds.
  path: Assets/Material/young 1.mat
  artifactKey: Guid(b74be088cb2ac4d4280ae037b8ce6156) Importer(815301076,1909f56bfc062723c751e8b465ee728b)
Start importing Assets/Material/young 1.mat using Guid(b74be088cb2ac4d4280ae037b8ce6156) Importer(815301076,1909f56bfc062723c751e8b465ee728b)  -> (artifact id: '60fc9e7ed59d7d09320eb568ca16edec') in 0.087755 seconds 
========================================================================
Received Import Request.
  Time since last request: 0.000412 seconds.
  path: Assets/Models/S1_Models/火車.fbx
  artifactKey: Guid(eaa5725de420bdc4690abc9a376ae416) Importer(815301076,1909f56bfc062723c751e8b465ee728b)
Start importing Assets/Models/S1_Models/火車.fbx using Guid(eaa5725de420bdc4690abc9a376ae416) Importer(815301076,1909f56bfc062723c751e8b465ee728b)  -> (artifact id: 'cfb6b790a065b9d8407701f8bd382884') in 0.861567 seconds 
========================================================================
Received Import Request.
  Time since last request: 0.000415 seconds.
  path: Assets/Material/conductor 1.mat
  artifactKey: Guid(9e8bacc266030b74792e03fef3d7722a) Importer(815301076,1909f56bfc062723c751e8b465ee728b)
Start importing Assets/Material/conductor 1.mat using Guid(9e8bacc266030b74792e03fef3d7722a) Importer(815301076,1909f56bfc062723c751e8b465ee728b)  -> (artifact id: '14b88cfa1100f14d379febe3c0158b06') in 0.051187 seconds 
========================================================================
Received Import Request.
  Time since last request: 0.000356 seconds.
  path: Assets/icon/遊戲內_對話框_1031_不透明85.png
  artifactKey: Guid(6cfe1a773486a934fbbaa1f76a11e5b8) Importer(815301076,1909f56bfc062723c751e8b465ee728b)
Start importing Assets/icon/遊戲內_對話框_1031_不透明85.png using Guid(6cfe1a773486a934fbbaa1f76a11e5b8) Importer(815301076,1909f56bfc062723c751e8b465ee728b)  -> (artifact id: 'ea671b7b80e3daba53a92829955241ad') in 0.013780 seconds 
========================================================================
Received Import Request.
  Time since last request: 0.000421 seconds.
  path: Assets/Material/Clear 2.mat
  artifactKey: Guid(0b5507a5d51f6b14982647245c26abbd) Importer(815301076,1909f56bfc062723c751e8b465ee728b)
Start importing Assets/Material/Clear 2.mat using Guid(0b5507a5d51f6b14982647245c26abbd) Importer(815301076,1909f56bfc062723c751e8b465ee728b)  -> (artifact id: 'f360b3eda142f66342a69eb15fa765c0') in 0.041970 seconds 
========================================================================
Received Import Request.
  Time since last request: 0.000402 seconds.
  path: Assets/icon/資訊/rabbit.png
  artifactKey: Guid(221d602942668c742a199e672ef50b73) Importer(815301076,1909f56bfc062723c751e8b465ee728b)
Start importing Assets/icon/資訊/rabbit.png using Guid(221d602942668c742a199e672ef50b73) Importer(815301076,1909f56bfc062723c751e8b465ee728b)  -> (artifact id: '0579aba87fb31353d0fdf3062b21ce53') in 0.050275 seconds 
========================================================================
Received Import Request.
  Time since last request: 0.000416 seconds.
  path: Assets/Models/S1_Models/火車站.fbx
  artifactKey: Guid(3b72c212fdd767b44914120ae3e0dc19) Importer(815301076,1909f56bfc062723c751e8b465ee728b)
Start importing Assets/Models/S1_Models/火車站.fbx using Guid(3b72c212fdd767b44914120ae3e0dc19) Importer(815301076,1909f56bfc062723c751e8b465ee728b)  -> (artifact id: 'f8cc3b269e0f8bac9baf850d57086c9d') in 0.625945 seconds 
========================================================================
Received Import Request.
  Time since last request: 0.000463 seconds.
  path: Assets/icon/07遊戲內提示
  artifactKey: Guid(23414dc1d216ccd4f8eecb9f84c97a40) Importer(815301076,1909f56bfc062723c751e8b465ee728b)
Start importing Assets/icon/07遊戲內提示 using Guid(23414dc1d216ccd4f8eecb9f84c97a40) Importer(815301076,1909f56bfc062723c751e8b465ee728b)  -> (artifact id: 'e8812c1107f7736cd13fc9e025c1ac91') in 0.001549 seconds 
========================================================================
Received Import Request.
  Time since last request: 0.000434 seconds.
  path: Assets/Material/Clear.mat
  artifactKey: Guid(4e4ce9d3aee4dc44db15e93b26cec29f) Importer(815301076,1909f56bfc062723c751e8b465ee728b)
Start importing Assets/Material/Clear.mat using Guid(4e4ce9d3aee4dc44db15e93b26cec29f) Importer(815301076,1909f56bfc062723c751e8b465ee728b)  -> (artifact id: 'a2f9331bcdef07ea8125df7b8225ca3a') in 0.073585 seconds 
========================================================================
Received Import Request.
  Time since last request: 0.000358 seconds.
  path: Assets/icon/遊戲內_03重置.png
  artifactKey: Guid(eaf0c3c41b4213544a77c4c7859978ec) Importer(815301076,1909f56bfc062723c751e8b465ee728b)
Start importing Assets/icon/遊戲內_03重置.png using Guid(eaf0c3c41b4213544a77c4c7859978ec) Importer(815301076,1909f56bfc062723c751e8b465ee728b)  -> (artifact id: '23389978e9aafd7ea8411fe0e5582e0c') in 0.016648 seconds 
========================================================================
Received Import Request.
  Time since last request: 0.000311 seconds.
  path: Assets/icon/資訊/RIYU.png
  artifactKey: Guid(40b4ad96d895f6c4a92817512313fca3) Importer(815301076,1909f56bfc062723c751e8b465ee728b)
Start importing Assets/icon/資訊/RIYU.png using Guid(40b4ad96d895f6c4a92817512313fca3) Importer(815301076,1909f56bfc062723c751e8b465ee728b)  -> (artifact id: '6b6113214e597093844c1795a1ad59e8') in 0.046468 seconds 
========================================================================
Received Import Request.
  Time since last request: 0.000373 seconds.
  path: Assets/Material/Rem.mat
  artifactKey: Guid(3863cf9de5a3a0a4082f41331c190adf) Importer(815301076,1909f56bfc062723c751e8b465ee728b)
Start importing Assets/Material/Rem.mat using Guid(3863cf9de5a3a0a4082f41331c190adf) Importer(815301076,1909f56bfc062723c751e8b465ee728b)  -> (artifact id: '678cfb7abb58dd7aebb9bf38d0a8e959') in 0.087584 seconds 
========================================================================
Received Import Request.
  Time since last request: 0.000355 seconds.
  path: Assets/icon/主頁_CG回放.png
  artifactKey: Guid(9a8577c74b2027d478e8d5c2dca13598) Importer(815301076,1909f56bfc062723c751e8b465ee728b)
Start importing Assets/icon/主頁_CG回放.png using Guid(9a8577c74b2027d478e8d5c2dca13598) Importer(815301076,1909f56bfc062723c751e8b465ee728b)  -> (artifact id: 'c8c39f1d6dc06557484a4a903a20357b') in 0.042604 seconds 
========================================================================
Received Import Request.
  Time since last request: 0.000337 seconds.
  path: Assets/Models/S1_Models/鐘塔.fbx
  artifactKey: Guid(2dc98ae5d7f254b40a7f5c2f3379d080) Importer(815301076,1909f56bfc062723c751e8b465ee728b)
Start importing Assets/Models/S1_Models/鐘塔.fbx using Guid(2dc98ae5d7f254b40a7f5c2f3379d080) Importer(815301076,1909f56bfc062723c751e8b465ee728b)  -> (artifact id: '4f7c2e8610976e7cebeb817c6c6ddf54') in 0.069462 seconds 
========================================================================
Received Import Request.
  Time since last request: 0.565007 seconds.
  path: Assets/icon/07遊戲內提示/07遊戲內提示_提示底圖.png
  artifactKey: Guid(61c4702af8c1ea746b9577f6edd8a51c) Importer(815301076,1909f56bfc062723c751e8b465ee728b)
Start importing Assets/icon/07遊戲內提示/07遊戲內提示_提示底圖.png using Guid(61c4702af8c1ea746b9577f6edd8a51c) Importer(815301076,1909f56bfc062723c751e8b465ee728b)  -> (artifact id: 'ee70b74a822d4b9699d5a22626f5f0da') in 0.019232 seconds 
========================================================================
Received Import Request.
  Time since last request: 0.012356 seconds.
  path: Assets/icon/07遊戲內提示/07遊戲內提示_提示文字內容.png
  artifactKey: Guid(3e8a4e4100a8c664883c7013a1cbddbf) Importer(815301076,1909f56bfc062723c751e8b465ee728b)
Start importing Assets/icon/07遊戲內提示/07遊戲內提示_提示文字內容.png using Guid(3e8a4e4100a8c664883c7013a1cbddbf) Importer(815301076,1909f56bfc062723c751e8b465ee728b)  -> (artifact id: '686ffd8dc4ba3aa284fe6aeb3009fe86') in 0.107459 seconds 
========================================================================
Received Import Request.
  Time since last request: 0.000375 seconds.
  path: Assets/icon/07遊戲內提示/07遊戲內提示_提示返回.png
  artifactKey: Guid(2a83a7d4e1c5ec14db9247e0494582fe) Importer(815301076,1909f56bfc062723c751e8b465ee728b)
Start importing Assets/icon/07遊戲內提示/07遊戲內提示_提示返回.png using Guid(2a83a7d4e1c5ec14db9247e0494582fe) Importer(815301076,1909f56bfc062723c751e8b465ee728b)  -> (artifact id: 'b3123caa023777c8cfb8ad865a8d28cb') in 0.020220 seconds 
========================================================================
Received Import Request.
  Time since last request: 0.000468 seconds.
  path: Assets/icon/07遊戲內提示/07遊戲內提示_提示標題.png
  artifactKey: Guid(c738c370162a0e442968807354330adf) Importer(815301076,1909f56bfc062723c751e8b465ee728b)
Start importing Assets/icon/07遊戲內提示/07遊戲內提示_提示標題.png using Guid(c738c370162a0e442968807354330adf) Importer(815301076,1909f56bfc062723c751e8b465ee728b)  -> (artifact id: '4ce991d7a55b9ca9eded3e6f8f32414e') in 0.017146 seconds 
========================================================================
Received Import Request.
  Time since last request: 34.988759 seconds.
  path: Assets/icon/07遊戲內提示/07遊戲內提示_提示文字內容.png
  artifactKey: Guid(3e8a4e4100a8c664883c7013a1cbddbf) Importer(815301076,1909f56bfc062723c751e8b465ee728b)
Start importing Assets/icon/07遊戲內提示/07遊戲內提示_提示文字內容.png using Guid(3e8a4e4100a8c664883c7013a1cbddbf) Importer(815301076,1909f56bfc062723c751e8b465ee728b)  -> (artifact id: 'fed4ee20ec1d00193634bccd3bb1cde1') in 0.020744 seconds 
========================================================================
Received Import Request.
  Time since last request: 49.224910 seconds.
  path: Assets/icon/06遊戲內設定/06遊戲內設定_設定底圖.png
  artifactKey: Guid(59db041122cbd4a4d83a29f92f11f5f7) Importer(815301076,1909f56bfc062723c751e8b465ee728b)
Start importing Assets/icon/06遊戲內設定/06遊戲內設定_設定底圖.png using Guid(59db041122cbd4a4d83a29f92f11f5f7) Importer(815301076,1909f56bfc062723c751e8b465ee728b)  -> (artifact id: 'e7cdde4abbffb1ae389f11537a7aba48') in 0.016960 seconds 
========================================================================
Received Import Request.
  Time since last request: 0.000476 seconds.
  path: Assets/icon/06遊戲內設定/06遊戲內設定_設定拉條底圖白.png
  artifactKey: Guid(8bd3fec4d9e96f34498147f73962caf0) Importer(815301076,1909f56bfc062723c751e8b465ee728b)
Start importing Assets/icon/06遊戲內設定/06遊戲內設定_設定拉條底圖白.png using Guid(8bd3fec4d9e96f34498147f73962caf0) Importer(815301076,1909f56bfc062723c751e8b465ee728b)  -> (artifact id: 'aca7153d52cf2309138f9e110301636d') in 0.044372 seconds 
========================================================================
Received Import Request.
  Time since last request: 0.000417 seconds.
  path: Assets/icon/06遊戲內設定/06遊戲內設定_設定標題.png
  artifactKey: Guid(0c4fb8a3061c1454fa4a9ced1eb49cf4) Importer(815301076,1909f56bfc062723c751e8b465ee728b)
Start importing Assets/icon/06遊戲內設定/06遊戲內設定_設定標題.png using Guid(0c4fb8a3061c1454fa4a9ced1eb49cf4) Importer(815301076,1909f56bfc062723c751e8b465ee728b)  -> (artifact id: '445d7f17ebd47275e02e10bfeae197e1') in 0.015631 seconds 
========================================================================
Received Import Request.
  Time since last request: 0.000500 seconds.
  path: Assets/icon/06遊戲內設定/06遊戲內設定_設定返回.png
  artifactKey: Guid(ef0d7348baf399841ae23a2d975880a3) Importer(815301076,1909f56bfc062723c751e8b465ee728b)
Start importing Assets/icon/06遊戲內設定/06遊戲內設定_設定返回.png using Guid(ef0d7348baf399841ae23a2d975880a3) Importer(815301076,1909f56bfc062723c751e8b465ee728b)  -> (artifact id: '730b09c2e1a89f09dca7ec4ceca10b8f') in 0.035856 seconds 
========================================================================
Received Import Request.
  Time since last request: 0.000367 seconds.
  path: Assets/icon/06遊戲內設定/06遊戲內設定_音效.png
  artifactKey: Guid(3f48a15b9dd9a4743be9d35e05aa7006) Importer(815301076,1909f56bfc062723c751e8b465ee728b)
Start importing Assets/icon/06遊戲內設定/06遊戲內設定_音效.png using Guid(3f48a15b9dd9a4743be9d35e05aa7006) Importer(815301076,1909f56bfc062723c751e8b465ee728b)  -> (artifact id: '905d3ef85e4557d726ff205b7ff63b16') in 0.013556 seconds 
========================================================================
Received Import Request.
  Time since last request: 0.000420 seconds.
  path: Assets/icon/06遊戲內設定/06遊戲內設定_設定拉條鈕.png
  artifactKey: Guid(6b41e540575b3ce44b52d30932c034a9) Importer(815301076,1909f56bfc062723c751e8b465ee728b)
Start importing Assets/icon/06遊戲內設定/06遊戲內設定_設定拉條鈕.png using Guid(6b41e540575b3ce44b52d30932c034a9) Importer(815301076,1909f56bfc062723c751e8b465ee728b)  -> (artifact id: 'b4ea31fd963c726219844cd26993abb3') in 0.039892 seconds 
========================================================================
Received Import Request.
  Time since last request: 0.000430 seconds.
  path: Assets/icon/06遊戲內設定/06遊戲內設定_音樂.png
  artifactKey: Guid(ef0776e3b82027a4fb3596d548add8f7) Importer(815301076,1909f56bfc062723c751e8b465ee728b)
Start importing Assets/icon/06遊戲內設定/06遊戲內設定_音樂.png using Guid(ef0776e3b82027a4fb3596d548add8f7) Importer(815301076,1909f56bfc062723c751e8b465ee728b)  -> (artifact id: '22193d697b19add04e896eb5dfc17e5b') in 0.061040 seconds 
========================================================================
Received Import Request.
  Time since last request: 0.000438 seconds.
  path: Assets/icon/06遊戲內設定/06遊戲內設定_設定拉條上層彩.png
  artifactKey: Guid(83d42dd01ead88344b064a097f1b8911) Importer(815301076,1909f56bfc062723c751e8b465ee728b)
Start importing Assets/icon/06遊戲內設定/06遊戲內設定_設定拉條上層彩.png using Guid(83d42dd01ead88344b064a097f1b8911) Importer(815301076,1909f56bfc062723c751e8b465ee728b)  -> (artifact id: 'd5018cc11654239dfba23d92646772e6') in 0.059120 seconds 
========================================================================
Received Import Request.
  Time since last request: 3.500110 seconds.
  path: Assets/icon/04關於/04關於_團隊LOGO.png
  artifactKey: Guid(90ab54a057ae983418dee76d296df218) Importer(815301076,1909f56bfc062723c751e8b465ee728b)
Start importing Assets/icon/04關於/04關於_團隊LOGO.png using Guid(90ab54a057ae983418dee76d296df218) Importer(815301076,1909f56bfc062723c751e8b465ee728b)  -> (artifact id: '28867967e49ea68fdf72b0c398c15baa') in 0.144868 seconds 
========================================================================
Received Import Request.
  Time since last request: 0.000416 seconds.
  path: Assets/icon/04關於/04關於_團隊連結.png
  artifactKey: Guid(3a7a61407f13b4b478a4cd99bd77716d) Importer(815301076,1909f56bfc062723c751e8b465ee728b)
Start importing Assets/icon/04關於/04關於_團隊連結.png using Guid(3a7a61407f13b4b478a4cd99bd77716d) Importer(815301076,1909f56bfc062723c751e8b465ee728b)  -> (artifact id: '6951582c8242733949e185f550e8d737') in 0.123232 seconds 
========================================================================
Received Import Request.
  Time since last request: 0.000354 seconds.
  path: Assets/icon/04關於/04關於_說明02兔毛.png
  artifactKey: Guid(1f8cc2adf7bed5e47902cfafcd975755) Importer(815301076,1909f56bfc062723c751e8b465ee728b)
Start importing Assets/icon/04關於/04關於_說明02兔毛.png using Guid(1f8cc2adf7bed5e47902cfafcd975755) Importer(815301076,1909f56bfc062723c751e8b465ee728b)  -> (artifact id: 'eb05fdeb23cde192aa77d8925ed322a0') in 0.307827 seconds 
========================================================================
Received Import Request.
  Time since last request: 0.000349 seconds.
  path: Assets/icon/04關於/04關於_說明01泱泱.png
  artifactKey: Guid(a41ca92dc9f98c24faee1236a674579c) Importer(815301076,1909f56bfc062723c751e8b465ee728b)
Start importing Assets/icon/04關於/04關於_說明01泱泱.png using Guid(a41ca92dc9f98c24faee1236a674579c) Importer(815301076,1909f56bfc062723c751e8b465ee728b)  -> (artifact id: 'fcb47ed666f283dab1fa0826c1d34635') in 0.106426 seconds 
========================================================================
Received Import Request.
  Time since last request: 0.000406 seconds.
  path: Assets/icon/04關於/04關於_頭貼01泱泱.png
  artifactKey: Guid(27e8d05266556bb45b5579667e88066b) Importer(815301076,1909f56bfc062723c751e8b465ee728b)
Start importing Assets/icon/04關於/04關於_頭貼01泱泱.png using Guid(27e8d05266556bb45b5579667e88066b) Importer(815301076,1909f56bfc062723c751e8b465ee728b)  -> (artifact id: '1e5d74773985b9b8fed2f07281c4774c') in 0.086141 seconds 
========================================================================
Received Import Request.
  Time since last request: 0.000358 seconds.
  path: Assets/icon/04關於/04關於_關於標題.png
  artifactKey: Guid(000d0219d98af4a4db176270ffe6d4e7) Importer(815301076,1909f56bfc062723c751e8b465ee728b)
Start importing Assets/icon/04關於/04關於_關於標題.png using Guid(000d0219d98af4a4db176270ffe6d4e7) Importer(815301076,1909f56bfc062723c751e8b465ee728b)  -> (artifact id: '836fd59928d15a144e329af91d189f44') in 0.079419 seconds 
========================================================================
Received Import Request.
  Time since last request: 0.000401 seconds.
  path: Assets/icon/04關於/04關於_頭貼03犬狐.png
  artifactKey: Guid(cf738404316ab3b48933d66cb344426f) Importer(815301076,1909f56bfc062723c751e8b465ee728b)
Start importing Assets/icon/04關於/04關於_頭貼03犬狐.png using Guid(cf738404316ab3b48933d66cb344426f) Importer(815301076,1909f56bfc062723c751e8b465ee728b)  -> (artifact id: '5c64cdd0815e5cbf546d8c804f5e2226') in 0.083852 seconds 
========================================================================
Received Import Request.
  Time since last request: 0.000445 seconds.
  path: Assets/icon/04關於/04關於_關於返回.png
  artifactKey: Guid(b83776edf4518af4b90814ebd6816128) Importer(815301076,1909f56bfc062723c751e8b465ee728b)
Start importing Assets/icon/04關於/04關於_關於返回.png using Guid(b83776edf4518af4b90814ebd6816128) Importer(815301076,1909f56bfc062723c751e8b465ee728b)  -> (artifact id: '31dc1e0438588107d95f970ec6aec8d2') in 0.063701 seconds 
========================================================================
Received Import Request.
  Time since last request: 0.000421 seconds.
  path: Assets/icon/04關於/04關於_頭貼02兔毛.png
  artifactKey: Guid(b39571116bd660e42bb34e57c728f9a6) Importer(815301076,1909f56bfc062723c751e8b465ee728b)
Start importing Assets/icon/04關於/04關於_頭貼02兔毛.png using Guid(b39571116bd660e42bb34e57c728f9a6) Importer(815301076,1909f56bfc062723c751e8b465ee728b)  -> (artifact id: '97fd213c18f7857497ac6dadc917f189') in 0.108978 seconds 
========================================================================
Received Import Request.
  Time since last request: 0.000364 seconds.
  path: Assets/icon/04關於/04關於_團隊名稱.png
  artifactKey: Guid(a29c9b94c29741346bb21153388b7985) Importer(815301076,1909f56bfc062723c751e8b465ee728b)
Start importing Assets/icon/04關於/04關於_團隊名稱.png using Guid(a29c9b94c29741346bb21153388b7985) Importer(815301076,1909f56bfc062723c751e8b465ee728b)  -> (artifact id: '42f80ba3d55674c01b892022ca4bd6b2') in 0.099161 seconds 
========================================================================
Received Import Request.
  Time since last request: 0.000353 seconds.
  path: Assets/icon/04關於/04關於_背景.png
  artifactKey: Guid(a3a90aa010a09d44d961fb4646b587c9) Importer(815301076,1909f56bfc062723c751e8b465ee728b)
Start importing Assets/icon/04關於/04關於_背景.png using Guid(a3a90aa010a09d44d961fb4646b587c9) Importer(815301076,1909f56bfc062723c751e8b465ee728b)  -> (artifact id: '9d9a24e7022916101e004316ad37ae27') in 0.399172 seconds 
========================================================================
Received Import Request.
  Time since last request: 0.000349 seconds.
  path: Assets/icon/04關於/04關於_說明04凜夕.png
  artifactKey: Guid(51f23e29c837cae459aafe0f71049d45) Importer(815301076,1909f56bfc062723c751e8b465ee728b)
Start importing Assets/icon/04關於/04關於_說明04凜夕.png using Guid(51f23e29c837cae459aafe0f71049d45) Importer(815301076,1909f56bfc062723c751e8b465ee728b)  -> (artifact id: 'b9544aeed61f43517f969d80aa60194e') in 0.131771 seconds 
========================================================================
Received Import Request.
  Time since last request: 0.000316 seconds.
  path: Assets/icon/04關於/04關於_說明03犬狐.png
  artifactKey: Guid(2132b53cba39daf4fb3ae23f71c2f8d7) Importer(815301076,1909f56bfc062723c751e8b465ee728b)
Start importing Assets/icon/04關於/04關於_說明03犬狐.png using Guid(2132b53cba39daf4fb3ae23f71c2f8d7) Importer(815301076,1909f56bfc062723c751e8b465ee728b)  -> (artifact id: '07134d702de4312762ea7c6ac9788383') in 0.087815 seconds 
========================================================================
Received Import Request.
  Time since last request: 9.828397 seconds.
  path: Assets/Prefabricated/UI/關卡內提示.prefab
  artifactKey: Guid(78c42bb0618c01d42a48d7ca866f9f42) Importer(815301076,1909f56bfc062723c751e8b465ee728b)
Start importing Assets/Prefabricated/UI/關卡內提示.prefab using Guid(78c42bb0618c01d42a48d7ca866f9f42) Importer(815301076,1909f56bfc062723c751e8b465ee728b)  -> (artifact id: '23b7117b66c17f7cd8140b160db07d96') in 0.007098 seconds 
========================================================================
Received Import Request.
  Time since last request: 24.940062 seconds.
  path: Assets/Scenes/關卡1 城市.unity
  artifactKey: Guid(b1b0cd6247b526b4481cbfa624aee5ba) Importer(815301076,1909f56bfc062723c751e8b465ee728b)
Start importing Assets/Scenes/關卡1 城市.unity using Guid(b1b0cd6247b526b4481cbfa624aee5ba) Importer(815301076,1909f56bfc062723c751e8b465ee728b)  -> (artifact id: '3d424a1bb1168f45293a0986497fdcc8') in 0.057864 seconds 
========================================================================
Received Import Request.
  Time since last request: 303.597767 seconds.
  path: Assets/Scenes/UI.unity
  artifactKey: Guid(9fc0d4010bbf28b4594072e72b8655ab) Importer(815301076,1909f56bfc062723c751e8b465ee728b)
Start importing Assets/Scenes/UI.unity using Guid(9fc0d4010bbf28b4594072e72b8655ab) Importer(815301076,1909f56bfc062723c751e8b465ee728b)  -> (artifact id: '8d0b63c3ffc9cd6b7b6b9813a7e33a93') in 0.004304 seconds 
========================================================================
Received Import Request.
  Time since last request: 6.174016 seconds.
  path: Assets/Scenes/test Scenes.unity
  artifactKey: Guid(f05f12db13fb0c642a72c51373eee794) Importer(815301076,1909f56bfc062723c751e8b465ee728b)
Start importing Assets/Scenes/test Scenes.unity using Guid(f05f12db13fb0c642a72c51373eee794) Importer(815301076,1909f56bfc062723c751e8b465ee728b)  -> (artifact id: '3ed92ccc3a1237715ca1edf3dc418eb6') in 0.030676 seconds 
========================================================================
Received Import Request.
  Time since last request: 6.784869 seconds.
  path: Assets/Scenes/New關卡2.unity
  artifactKey: Guid(f05ac9a6068dfc84689a02c877dcad1e) Importer(815301076,1909f56bfc062723c751e8b465ee728b)
Start importing Assets/Scenes/New關卡2.unity using Guid(f05ac9a6068dfc84689a02c877dcad1e) Importer(815301076,1909f56bfc062723c751e8b465ee728b)  -> (artifact id: '42a258f822e09d92bc56d503f0e1d1db') in 0.002038 seconds 
========================================================================
Received Import Request.
  Time since last request: 0.453461 seconds.
  path: Assets/Scenes/New關卡3.unity
  artifactKey: Guid(9f14f6fa99f272b49bf1fc4f2e98aea1) Importer(815301076,1909f56bfc062723c751e8b465ee728b)
Start importing Assets/Scenes/New關卡3.unity using Guid(9f14f6fa99f272b49bf1fc4f2e98aea1) Importer(815301076,1909f56bfc062723c751e8b465ee728b)  -> (artifact id: 'f10c28649673bc658549f6085cf5af99') in 0.043368 seconds 
========================================================================
Received Import Request.
  Time since last request: 0.447524 seconds.
  path: Assets/Scenes/New關卡1.unity
  artifactKey: Guid(64c3b2d6196c3a6419f468eb4f88f961) Importer(815301076,1909f56bfc062723c751e8b465ee728b)
Start importing Assets/Scenes/New關卡1.unity using Guid(64c3b2d6196c3a6419f468eb4f88f961) Importer(815301076,1909f56bfc062723c751e8b465ee728b)  -> (artifact id: '3376a5687b6b686efa8496884446da0c') in 0.002096 seconds 
========================================================================
Received Import Request.
  Time since last request: 1.951242 seconds.
  path: Assets/Scenes/Sstting.unity
  artifactKey: Guid(9c122330b80b4c24d848e08b7fa8f81e) Importer(815301076,1909f56bfc062723c751e8b465ee728b)
Start importing Assets/Scenes/Sstting.unity using Guid(9c122330b80b4c24d848e08b7fa8f81e) Importer(815301076,1909f56bfc062723c751e8b465ee728b)  -> (artifact id: 'cb9e246e299e46ce2eb28e9ff1ffd44e') in 0.061938 seconds 
========================================================================
Received Import Request.
  Time since last request: 61.543010 seconds.
  path: Assets/Scenes/關卡1 城市.unity
  artifactKey: Guid(b1b0cd6247b526b4481cbfa624aee5ba) Importer(815301076,1909f56bfc062723c751e8b465ee728b)
Start importing Assets/Scenes/關卡1 城市.unity using Guid(b1b0cd6247b526b4481cbfa624aee5ba) Importer(815301076,1909f56bfc062723c751e8b465ee728b)  -> (artifact id: '5ab6bc910f83853ff82d6acb971ccfb7') in 0.002870 seconds 
========================================================================
Received Import Request.
  Time since last request: 107.672793 seconds.
  path: Assets/Display/售票員.PNG
  artifactKey: Guid(ec329582be90ee344bd0611d8165d6d6) Importer(815301076,1909f56bfc062723c751e8b465ee728b)
Start importing Assets/Display/售票員.PNG using Guid(ec329582be90ee344bd0611d8165d6d6) Importer(815301076,1909f56bfc062723c751e8b465ee728b)  -> (artifact id: '831d5c1fb2c1f1d105f22a754f4a9985') in 1.363554 seconds 
========================================================================
Received Import Request.
  Time since last request: 0.000457 seconds.
  path: Assets/Display/成年人.png
  artifactKey: Guid(6c1de9240f263ae47af26bad8d88b8bc) Importer(815301076,1909f56bfc062723c751e8b465ee728b)
Start importing Assets/Display/成年人.png using Guid(6c1de9240f263ae47af26bad8d88b8bc) Importer(815301076,1909f56bfc062723c751e8b465ee728b)  -> (artifact id: '7212c0ef438ab5b17938662a5c9bf3ec') in 0.328568 seconds 
========================================================================
Received Import Request.
  Time since last request: 0.000360 seconds.
  path: Assets/Display/奶奶.png
  artifactKey: Guid(1295ebda5688bfd46901b44aa87c3a02) Importer(815301076,1909f56bfc062723c751e8b465ee728b)
Start importing Assets/Display/奶奶.png using Guid(1295ebda5688bfd46901b44aa87c3a02) Importer(815301076,1909f56bfc062723c751e8b465ee728b)  -> (artifact id: 'f74c7e464699f615a81a3567e46e64f1') in 1.158223 seconds 
========================================================================
Received Import Request.
  Time since last request: 0.000469 seconds.
  path: Assets/Display/小孩_無表情.PNG
  artifactKey: Guid(7ea55d11266c02a4d8f71a091121e723) Importer(815301076,1909f56bfc062723c751e8b465ee728b)
Start importing Assets/Display/小孩_無表情.PNG using Guid(7ea55d11266c02a4d8f71a091121e723) Importer(815301076,1909f56bfc062723c751e8b465ee728b)  -> (artifact id: '2bcde7fcdbb5fcd7bf3bcb75764ec2ed') in 1.226486 seconds 
========================================================================
Received Import Request.
  Time since last request: 0.000418 seconds.
  path: Assets/Display/清潔人員.png
  artifactKey: Guid(0d264cc55c250cd4384c8f18862fff1e) Importer(815301076,1909f56bfc062723c751e8b465ee728b)
Start importing Assets/Display/清潔人員.png using Guid(0d264cc55c250cd4384c8f18862fff1e) Importer(815301076,1909f56bfc062723c751e8b465ee728b)  -> (artifact id: 'da9ac4d45c4296f62720d6db40241599') in 0.491965 seconds 
========================================================================
Received Import Request.
  Time since last request: 0.000350 seconds.
  path: Assets/Display/小孩_微笑.PNG
  artifactKey: Guid(75f13d48c3789b24b95d6dc9174384a2) Importer(815301076,1909f56bfc062723c751e8b465ee728b)
Start importing Assets/Display/小孩_微笑.PNG using Guid(75f13d48c3789b24b95d6dc9174384a2) Importer(815301076,1909f56bfc062723c751e8b465ee728b)  -> (artifact id: '038ef7180941d99a6e576c0eb933fa01') in 0.327342 seconds 
========================================================================
Received Import Request.
  Time since last request: 0.000377 seconds.
  path: Assets/Display/年輕人.png
  artifactKey: Guid(203ca4ea502d2234ea6f5476859c3a03) Importer(815301076,1909f56bfc062723c751e8b465ee728b)
Start importing Assets/Display/年輕人.png using Guid(203ca4ea502d2234ea6f5476859c3a03) Importer(815301076,1909f56bfc062723c751e8b465ee728b)  -> (artifact id: '33bc2c93f09ceacc946adf4e2a93ffc1') in 0.396972 seconds 
========================================================================
Received Import Request.
  Time since last request: 32.141878 seconds.
  path: Assets/Prefabricated/BackGround
  artifactKey: Guid(af60b9091e9b30440ac9f46afce63038) Importer(815301076,1909f56bfc062723c751e8b465ee728b)
Start importing Assets/Prefabricated/BackGround using Guid(af60b9091e9b30440ac9f46afce63038) Importer(815301076,1909f56bfc062723c751e8b465ee728b)  -> (artifact id: '8b952be3b00df9be48f15ec4143ac514') in 0.002589 seconds 
========================================================================
Received Import Request.
  Time since last request: 8.551677 seconds.
  path: Assets/Prefabricated/BackGround/Background.prefab
  artifactKey: Guid(51978f81626d9884ea5c02a7e4511f5d) Importer(815301076,1909f56bfc062723c751e8b465ee728b)
Start importing Assets/Prefabricated/BackGround/Background.prefab using Guid(51978f81626d9884ea5c02a7e4511f5d) Importer(815301076,1909f56bfc062723c751e8b465ee728b)  -> (artifact id: '1a2f0fb60fc4017db62c672244b0f0b0') in 0.870000 seconds 
========================================================================
Received Import Request.
  Time since last request: 7.764752 seconds.
  path: Assets/Prefabricated/BackGround/Sprite Renderer Camera.prefab
  artifactKey: Guid(9f8514cccb5ede84c935756b6ff2832a) Importer(815301076,1909f56bfc062723c751e8b465ee728b)
Start importing Assets/Prefabricated/BackGround/Sprite Renderer Camera.prefab using Guid(9f8514cccb5ede84c935756b6ff2832a) Importer(815301076,1909f56bfc062723c751e8b465ee728b)  -> (artifact id: '3dc1deb136914874ffa4529893ba7857') in 0.005543 seconds 
========================================================================
Received Import Request.
  Time since last request: 7.683884 seconds.
  path: Assets/Scenes/Sstting.unity
  artifactKey: Guid(9c122330b80b4c24d848e08b7fa8f81e) Importer(815301076,1909f56bfc062723c751e8b465ee728b)
Start importing Assets/Scenes/Sstting.unity using Guid(9c122330b80b4c24d848e08b7fa8f81e) Importer(815301076,1909f56bfc062723c751e8b465ee728b)  -> (artifact id: 'b32a952e88aa593c697ffecd47285867') in 0.001830 seconds 
========================================================================
Received Import Request.
  Time since last request: 200.967467 seconds.
  path: Assets/Texture/block/000_01.png
  artifactKey: Guid(2a8356172a91b2044a2d98833b3df0d4) Importer(815301076,1909f56bfc062723c751e8b465ee728b)
Start importing Assets/Texture/block/000_01.png using Guid(2a8356172a91b2044a2d98833b3df0d4) Importer(815301076,1909f56bfc062723c751e8b465ee728b)  -> (artifact id: 'e5ff60978e83e578715471fae0d5c073') in 0.331836 seconds 
========================================================================
Received Import Request.
  Time since last request: 0.000376 seconds.
  path: Assets/Prefabricated/Sky/1-2 (1).png
  artifactKey: Guid(ebcac17c8b4c085418052ca07d4b9cf2) Importer(815301076,1909f56bfc062723c751e8b465ee728b)
Start importing Assets/Prefabricated/Sky/1-2 (1).png using Guid(ebcac17c8b4c085418052ca07d4b9cf2) Importer(815301076,1909f56bfc062723c751e8b465ee728b)  -> (artifact id: '2d4dc80eb43c4553e4ce71b40efb482d') in 0.210674 seconds 
========================================================================
Received Import Request.
  Time since last request: 0.009545 seconds.
  path: Assets/Prefabricated/Sky/2.jpeg
  artifactKey: Guid(5ef8d2853f14cbe41bc5e0e27b0bbb40) Importer(815301076,1909f56bfc062723c751e8b465ee728b)
Start importing Assets/Prefabricated/Sky/2.jpeg using Guid(5ef8d2853f14cbe41bc5e0e27b0bbb40) Importer(815301076,1909f56bfc062723c751e8b465ee728b)  -> (artifact id: '322abda2f80e52f8a142fb22c3022b7c') in 0.207357 seconds 
========================================================================
Received Import Request.
  Time since last request: 0.000383 seconds.
  path: Assets/icon/01首頁/01首頁_Touch_to_Start.png
  artifactKey: Guid(c337a4df09db41348a10ca523392b2ab) Importer(815301076,1909f56bfc062723c751e8b465ee728b)
Start importing Assets/icon/01首頁/01首頁_Touch_to_Start.png using Guid(c337a4df09db41348a10ca523392b2ab) Importer(815301076,1909f56bfc062723c751e8b465ee728b)  -> (artifact id: 'a7434c034863d6618b9b547205a7703c') in 0.121515 seconds 
========================================================================
Received Import Request.
  Time since last request: 0.000448 seconds.
  path: Assets/icon/02回憶/02回憶_回憶底框.png
  artifactKey: Guid(6fa68eabb6202a641a0d9ec56316e480) Importer(815301076,1909f56bfc062723c751e8b465ee728b)
Start importing Assets/icon/02回憶/02回憶_回憶底框.png using Guid(6fa68eabb6202a641a0d9ec56316e480) Importer(815301076,1909f56bfc062723c751e8b465ee728b)  -> (artifact id: '0c0672a665d77343581cdea183170a1c') in 0.245416 seconds 
========================================================================
Received Import Request.
  Time since last request: 0.000365 seconds.
  path: Assets/Prefabricated/Sky/1-2 (2).png
  artifactKey: Guid(0346d6dae92d025488cf0c996265781e) Importer(815301076,1909f56bfc062723c751e8b465ee728b)
Start importing Assets/Prefabricated/Sky/1-2 (2).png using Guid(0346d6dae92d025488cf0c996265781e) Importer(815301076,1909f56bfc062723c751e8b465ee728b)  -> (artifact id: '7e1489b2a9b17f5de4f58b2050c0cd0e') in 0.014633 seconds 
========================================================================
Received Import Request.
  Time since last request: 0.000746 seconds.
  path: Assets/icon/02回憶/02回憶_向左箭頭.png
  artifactKey: Guid(7af4e0064754d5a4cae6e21eb70483e5) Importer(815301076,1909f56bfc062723c751e8b465ee728b)
Start importing Assets/icon/02回憶/02回憶_向左箭頭.png using Guid(7af4e0064754d5a4cae6e21eb70483e5) Importer(815301076,1909f56bfc062723c751e8b465ee728b)  -> (artifact id: 'fb68489ae7bf4b2c0f7bec8987ed7c47') in 0.148963 seconds 
========================================================================
Received Import Request.
  Time since last request: 0.000362 seconds.
  path: Assets/icon/02回憶/02回憶_向右箭頭.png
  artifactKey: Guid(07d539e8be49b854dac0f1f1445af3e1) Importer(815301076,1909f56bfc062723c751e8b465ee728b)
Start importing Assets/icon/02回憶/02回憶_向右箭頭.png using Guid(07d539e8be49b854dac0f1f1445af3e1) Importer(815301076,1909f56bfc062723c751e8b465ee728b)  -> (artifact id: 'da2d1a998a0ad7fa3c6afc282659e260') in 0.058301 seconds 
========================================================================
Received Import Request.
  Time since last request: 0.000440 seconds.
  path: Assets/icon/02回憶/02回憶_回憶返回.png
  artifactKey: Guid(31395f35e64e6d74bb8cf15a67b28f43) Importer(815301076,1909f56bfc062723c751e8b465ee728b)
Start importing Assets/icon/02回憶/02回憶_回憶返回.png using Guid(31395f35e64e6d74bb8cf15a67b28f43) Importer(815301076,1909f56bfc062723c751e8b465ee728b)  -> (artifact id: 'f7275bd26ade016153183956f4581896') in 0.068335 seconds 
========================================================================
Received Import Request.
  Time since last request: 0.000320 seconds.
  path: Assets/icon/02回憶/02回憶_背景.png
  artifactKey: Guid(dbe8b8747d7b53949a345226bfc40dbf) Importer(815301076,1909f56bfc062723c751e8b465ee728b)
Start importing Assets/icon/02回憶/02回憶_背景.png using Guid(dbe8b8747d7b53949a345226bfc40dbf) Importer(815301076,1909f56bfc062723c751e8b465ee728b)  -> (artifact id: '720557bab85cdc32aadd2f62a9d8a53c') in 0.513049 seconds 
========================================================================
Received Import Request.
  Time since last request: 0.000376 seconds.
  path: Assets/icon/01首頁/01首頁_按鈕01回憶.png
  artifactKey: Guid(36853dbc1f885b54d80fe57684172c83) Importer(815301076,1909f56bfc062723c751e8b465ee728b)
Start importing Assets/icon/01首頁/01首頁_按鈕01回憶.png using Guid(36853dbc1f885b54d80fe57684172c83) Importer(815301076,1909f56bfc062723c751e8b465ee728b)  -> (artifact id: '86e782d1c771bdf591b222e1e052796d') in 0.551985 seconds 
========================================================================
Received Import Request.
  Time since last request: 0.000400 seconds.
  path: Assets/icon/03設定/03設定_設定標題.png
  artifactKey: Guid(0cfc6dd9660f72d4d954b059e2efcae4) Importer(815301076,1909f56bfc062723c751e8b465ee728b)
Start importing Assets/icon/03設定/03設定_設定標題.png using Guid(0cfc6dd9660f72d4d954b059e2efcae4) Importer(815301076,1909f56bfc062723c751e8b465ee728b)  -> (artifact id: '9abb23bbe3b89152da2926834f8fbd80') in 0.009422 seconds 
========================================================================
Received Import Request.
  Time since last request: 0.000444 seconds.
  path: Assets/icon/03設定/03設定_設定返回.png
  artifactKey: Guid(5fd1f55ba02fa794a95feaf6b297b7b7) Importer(815301076,1909f56bfc062723c751e8b465ee728b)
Start importing Assets/icon/03設定/03設定_設定返回.png using Guid(5fd1f55ba02fa794a95feaf6b297b7b7) Importer(815301076,1909f56bfc062723c751e8b465ee728b)  -> (artifact id: 'b78d189afa7a54a8d10df7472280660c') in 0.024038 seconds 
========================================================================
Received Import Request.
  Time since last request: 0.000441 seconds.
  path: Assets/Texture/block/S1/S1_03.png
  artifactKey: Guid(723a085cdfe257545bbafe9f5d4f87e7) Importer(815301076,1909f56bfc062723c751e8b465ee728b)
Start importing Assets/Texture/block/S1/S1_03.png using Guid(723a085cdfe257545bbafe9f5d4f87e7) Importer(815301076,1909f56bfc062723c751e8b465ee728b)  -> (artifact id: '7d314a37f4ff1526e8e70721428b9772') in 0.083059 seconds 
========================================================================
Received Import Request.
  Time since last request: 0.000473 seconds.
  path: Assets/icon/03設定/03設定_拉條上_彩.png
  artifactKey: Guid(06704579ed852c449822f21e5955f4c8) Importer(815301076,1909f56bfc062723c751e8b465ee728b)
Start importing Assets/icon/03設定/03設定_拉條上_彩.png using Guid(06704579ed852c449822f21e5955f4c8) Importer(815301076,1909f56bfc062723c751e8b465ee728b)  -> (artifact id: 'edc541d2f25811112a9250fbb4d9d1d9') in 0.156943 seconds 
========================================================================
Received Import Request.
  Time since last request: 0.000420 seconds.
  path: Assets/icon/03設定/03設定_設定底框.png
  artifactKey: Guid(d697c8a5c38ae8e42bd12418e81a210b) Importer(815301076,1909f56bfc062723c751e8b465ee728b)
Start importing Assets/icon/03設定/03設定_設定底框.png using Guid(d697c8a5c38ae8e42bd12418e81a210b) Importer(815301076,1909f56bfc062723c751e8b465ee728b)  -> (artifact id: '097eb06e937b8aef8b35ba37636d834e') in 0.032719 seconds 
========================================================================
Received Import Request.
  Time since last request: 0.000401 seconds.
  path: Assets/icon/01首頁/01首頁_按鈕02設定.png
  artifactKey: Guid(0f01de7677bb3fe4ca714b8eb077316c) Importer(815301076,1909f56bfc062723c751e8b465ee728b)
Start importing Assets/icon/01首頁/01首頁_按鈕02設定.png using Guid(0f01de7677bb3fe4ca714b8eb077316c) Importer(815301076,1909f56bfc062723c751e8b465ee728b)  -> (artifact id: 'd4da00ddc0c98857a1a687b810c3a37a') in 0.087893 seconds 
========================================================================
Received Import Request.
  Time since last request: 0.000343 seconds.
  path: Assets/icon/02回憶/02回憶_影片名稱.png
  artifactKey: Guid(7527a55054264c64d8840034351f5c52) Importer(815301076,1909f56bfc062723c751e8b465ee728b)
Start importing Assets/icon/02回憶/02回憶_影片名稱.png using Guid(7527a55054264c64d8840034351f5c52) Importer(815301076,1909f56bfc062723c751e8b465ee728b)  -> (artifact id: '58fb37402e82385e5f0575a5f463654a') in 0.055357 seconds 
========================================================================
Received Import Request.
  Time since last request: 0.000368 seconds.
  path: Assets/icon/03設定/03設定_拉條底_白.png
  artifactKey: Guid(a547998dc33e01b4b80583698fb0b385) Importer(815301076,1909f56bfc062723c751e8b465ee728b)
Start importing Assets/icon/03設定/03設定_拉條底_白.png using Guid(a547998dc33e01b4b80583698fb0b385) Importer(815301076,1909f56bfc062723c751e8b465ee728b)  -> (artifact id: '6dd2e584fa81a5d334d7fbfbae72304b') in 0.064130 seconds 
========================================================================
Received Import Request.
  Time since last request: 0.000357 seconds.
  path: Assets/icon/01首頁/01首頁_按鈕03關於.png
  artifactKey: Guid(64e14a4303fc51b4eb12c7a504831822) Importer(815301076,1909f56bfc062723c751e8b465ee728b)
Start importing Assets/icon/01首頁/01首頁_按鈕03關於.png using Guid(64e14a4303fc51b4eb12c7a504831822) Importer(815301076,1909f56bfc062723c751e8b465ee728b)  -> (artifact id: '0ee7e8c90e6136e15f6babcb6dff2cda') in 0.071554 seconds 
========================================================================
Received Import Request.
  Time since last request: 0.000365 seconds.
  path: Assets/icon/02回憶/02回憶_回憶標題與說明.png
  artifactKey: Guid(dc6d6b471a106ff49900c23290d85381) Importer(815301076,1909f56bfc062723c751e8b465ee728b)
Start importing Assets/icon/02回憶/02回憶_回憶標題與說明.png using Guid(dc6d6b471a106ff49900c23290d85381) Importer(815301076,1909f56bfc062723c751e8b465ee728b)  -> (artifact id: 'b528828c89d08c50fa7b9a576f660b25') in 0.109938 seconds 
========================================================================
Received Import Request.
  Time since last request: 0.000360 seconds.
  path: Assets/Texture/block/S3/S3_03.png
  artifactKey: Guid(389a508c2d63044429e43af42a11fc49) Importer(815301076,1909f56bfc062723c751e8b465ee728b)
Start importing Assets/Texture/block/S3/S3_03.png using Guid(389a508c2d63044429e43af42a11fc49) Importer(815301076,1909f56bfc062723c751e8b465ee728b)  -> (artifact id: 'f056548ca3a18cb4f1b5d957912e686e') in 0.209658 seconds 
========================================================================
Received Import Request.
  Time since last request: 0.000432 seconds.
  path: Assets/icon/01首頁/01首頁_背景.png
  artifactKey: Guid(3740fdc99bf8da44b81381d1bec38c2a) Importer(815301076,1909f56bfc062723c751e8b465ee728b)
Start importing Assets/icon/01首頁/01首頁_背景.png using Guid(3740fdc99bf8da44b81381d1bec38c2a) Importer(815301076,1909f56bfc062723c751e8b465ee728b)  -> (artifact id: 'b14a608d1f9831b91dd08a94974c164d') in 0.218538 seconds 
========================================================================
Received Import Request.
  Time since last request: 0.000282 seconds.
  path: Assets/Texture/block/S2/S2_03.png
  artifactKey: Guid(e8d8660582e8d154c81f0c2af0a091e0) Importer(815301076,1909f56bfc062723c751e8b465ee728b)
Start importing Assets/Texture/block/S2/S2_03.png using Guid(e8d8660582e8d154c81f0c2af0a091e0) Importer(815301076,1909f56bfc062723c751e8b465ee728b)  -> (artifact id: 'acae5b79ee26a9ec6bada1fdf2fc2772') in 0.245621 seconds 
========================================================================
Received Import Request.
  Time since last request: 0.000297 seconds.
  path: Assets/icon/03設定/03設定_音效.png
  artifactKey: Guid(350aa77feb967ba45af4703647138586) Importer(815301076,1909f56bfc062723c751e8b465ee728b)
Start importing Assets/icon/03設定/03設定_音效.png using Guid(350aa77feb967ba45af4703647138586) Importer(815301076,1909f56bfc062723c751e8b465ee728b)  -> (artifact id: 'ce8a08e99b54058e5435607e6a9ef82d') in 0.015956 seconds 
========================================================================
Received Import Request.
  Time since last request: 0.000476 seconds.
  path: Assets/icon/03設定/03設定_背景.png
  artifactKey: Guid(d0fb6928ba82f8442b714a6c2c59316b) Importer(815301076,1909f56bfc062723c751e8b465ee728b)
Start importing Assets/icon/03設定/03設定_背景.png using Guid(d0fb6928ba82f8442b714a6c2c59316b) Importer(815301076,1909f56bfc062723c751e8b465ee728b)  -> (artifact id: '1a6c9a6f346a8ada8903d72b8989c8ec') in 0.050228 seconds 
========================================================================
Received Import Request.
  Time since last request: 0.000363 seconds.
  path: Assets/icon/03設定/03設定_拉條鈕.png
  artifactKey: Guid(4ca0dd2ea7d1b2a4987196422d7ae500) Importer(815301076,1909f56bfc062723c751e8b465ee728b)
Start importing Assets/icon/03設定/03設定_拉條鈕.png using Guid(4ca0dd2ea7d1b2a4987196422d7ae500) Importer(815301076,1909f56bfc062723c751e8b465ee728b)  -> (artifact id: '435748bb9f09d286d00fbfadc087fa46') in 0.121041 seconds 
========================================================================
Received Import Request.
  Time since last request: 0.000435 seconds.
  path: Assets/icon/03設定/03設定_音樂.png
  artifactKey: Guid(9a81e8f479c8ff440afe65e7500421c5) Importer(815301076,1909f56bfc062723c751e8b465ee728b)
Start importing Assets/icon/03設定/03設定_音樂.png using Guid(9a81e8f479c8ff440afe65e7500421c5) Importer(815301076,1909f56bfc062723c751e8b465ee728b)  -> (artifact id: '10bb0447ba83f54f24fd64f00c4dbbf5') in 0.015714 seconds 
========================================================================
Received Import Request.
  Time since last request: 167.087685 seconds.
  path: Assets/ScenesBlock/S1_grass.prefab
  artifactKey: Guid(c18066b6572f7d840ac51fd238493ae4) Importer(815301076,1909f56bfc062723c751e8b465ee728b)
Start importing Assets/ScenesBlock/S1_grass.prefab using Guid(c18066b6572f7d840ac51fd238493ae4) Importer(815301076,1909f56bfc062723c751e8b465ee728b)  -> (artifact id: '455a8168b9fcf444e0fb61b02a5d6acc') in 0.114196 seconds 
========================================================================
Received Import Request.
  Time since last request: 0.000414 seconds.
  path: Assets/ScenesBlock/S1_street.prefab
  artifactKey: Guid(327436e806215dd4ab9dbaa716f668c2) Importer(815301076,1909f56bfc062723c751e8b465ee728b)
Start importing Assets/ScenesBlock/S1_street.prefab using Guid(327436e806215dd4ab9dbaa716f668c2) Importer(815301076,1909f56bfc062723c751e8b465ee728b)  -> (artifact id: '18e00dfe2ca8b29292fa752fa1720883') in 0.076521 seconds 
========================================================================
Received Import Request.
  Time since last request: 0.000455 seconds.
  path: Assets/ScenesBlock/S1_trail.prefab
  artifactKey: Guid(0edb3e0e60247604e80de3c64af05d2d) Importer(815301076,1909f56bfc062723c751e8b465ee728b)
Start importing Assets/ScenesBlock/S1_trail.prefab using Guid(0edb3e0e60247604e80de3c64af05d2d) Importer(815301076,1909f56bfc062723c751e8b465ee728b)  -> (artifact id: '7f69bacf030fbb42e2937daada65bfe9') in 0.049010 seconds 
========================================================================
Received Import Request.
  Time since last request: 0.000449 seconds.
  path: Assets/ScenesBlock/S2_grass.prefab
  artifactKey: Guid(da825cfdc6b7e8447b402c1339ec9243) Importer(815301076,1909f56bfc062723c751e8b465ee728b)
Start importing Assets/ScenesBlock/S2_grass.prefab using Guid(da825cfdc6b7e8447b402c1339ec9243) Importer(815301076,1909f56bfc062723c751e8b465ee728b)  -> (artifact id: '04996b3f7c43c5ea3b272f0eecc1befa') in 0.037211 seconds 
========================================================================
Received Import Request.
  Time since last request: 0.000361 seconds.
  path: Assets/ScenesBlock/S1_station.prefab
  artifactKey: Guid(83cca4721590f3d429a8ff5c2ccb9d87) Importer(815301076,1909f56bfc062723c751e8b465ee728b)
Start importing Assets/ScenesBlock/S1_station.prefab using Guid(83cca4721590f3d429a8ff5c2ccb9d87) Importer(815301076,1909f56bfc062723c751e8b465ee728b)  -> (artifact id: '3751dc1efa221e786df7887c34eb3669') in 0.042334 seconds 
========================================================================
Received Import Request.
  Time since last request: 0.000445 seconds.
  path: Assets/ScenesBlock/S2_incline.prefab
  artifactKey: Guid(9222032eb673e614092b3fcf671fb3c3) Importer(815301076,1909f56bfc062723c751e8b465ee728b)
Start importing Assets/ScenesBlock/S2_incline.prefab using Guid(9222032eb673e614092b3fcf671fb3c3) Importer(815301076,1909f56bfc062723c751e8b465ee728b)  -> (artifact id: 'c27b0b67a86c56ec8a0fcbd2bf8d414a') in 0.174982 seconds 
========================================================================
Received Import Request.
  Time since last request: 0.000351 seconds.
  path: Assets/ScenesBlock/S2_trail.prefab
  artifactKey: Guid(be760f830a762f1488f87db93548f075) Importer(815301076,1909f56bfc062723c751e8b465ee728b)
Start importing Assets/ScenesBlock/S2_trail.prefab using Guid(be760f830a762f1488f87db93548f075) Importer(815301076,1909f56bfc062723c751e8b465ee728b)  -> (artifact id: 'eb251a1581b7297ae841ccb737e6cbff') in 0.015261 seconds 
========================================================================
Received Import Request.
  Time since last request: 0.000444 seconds.
  path: Assets/ScenesBlock/S1_rockfloor.prefab
  artifactKey: Guid(f6b8dff5e6e65bd40b31fd2dfee342c1) Importer(815301076,1909f56bfc062723c751e8b465ee728b)
Start importing Assets/ScenesBlock/S1_rockfloor.prefab using Guid(f6b8dff5e6e65bd40b31fd2dfee342c1) Importer(815301076,1909f56bfc062723c751e8b465ee728b)  -> (artifact id: '38b51221e2d876f120e7c5f02343114c') in 0.147598 seconds 
========================================================================
Received Import Request.
  Time since last request: 0.000356 seconds.
  path: Assets/ScenesBlock/S3_floor_around.prefab
  artifactKey: Guid(3650ebe3ad1f52c43b278e6774dc4a57) Importer(815301076,1909f56bfc062723c751e8b465ee728b)
Start importing Assets/ScenesBlock/S3_floor_around.prefab using Guid(3650ebe3ad1f52c43b278e6774dc4a57) Importer(815301076,1909f56bfc062723c751e8b465ee728b)  -> (artifact id: 'daf7d62a1a52c541f0cdb817db5c3257') in 0.364677 seconds 
========================================================================
Received Import Request.
  Time since last request: 0.000362 seconds.
  path: Assets/ScenesBlock/S3_grass.prefab
  artifactKey: Guid(d3a4e921a29c35542af853cb8b6b53c2) Importer(815301076,1909f56bfc062723c751e8b465ee728b)
Start importing Assets/ScenesBlock/S3_grass.prefab using Guid(d3a4e921a29c35542af853cb8b6b53c2) Importer(815301076,1909f56bfc062723c751e8b465ee728b)  -> (artifact id: '5c45dca702fdaaa432013487ffd34bbb') in 0.077878 seconds 
========================================================================
Received Import Request.
  Time since last request: 0.000443 seconds.
  path: Assets/ScenesBlock/S3_floor.prefab
  artifactKey: Guid(0e5aa6000340fe3448f30eee441f8bf3) Importer(815301076,1909f56bfc062723c751e8b465ee728b)
Start importing Assets/ScenesBlock/S3_floor.prefab using Guid(0e5aa6000340fe3448f30eee441f8bf3) Importer(815301076,1909f56bfc062723c751e8b465ee728b)  -> (artifact id: '36dd4f031df534f82a57e22e26febd73') in 0.030929 seconds 
========================================================================
Received Import Request.
  Time since last request: 0.000304 seconds.
  path: Assets/ScenesBlock/S2_grass_stone.prefab
  artifactKey: Guid(d17c9773e18d7e1419d36ca791eb985c) Importer(815301076,1909f56bfc062723c751e8b465ee728b)
Start importing Assets/ScenesBlock/S2_grass_stone.prefab using Guid(d17c9773e18d7e1419d36ca791eb985c) Importer(815301076,1909f56bfc062723c751e8b465ee728b)  -> (artifact id: 'c66672042a4f3f8566cba96149be0c36') in 0.008826 seconds 
========================================================================
Received Import Request.
  Time since last request: 0.000495 seconds.
  path: Assets/ScenesBlock/S2_grass_road.prefab
  artifactKey: Guid(fbf99e86046ccca43b5a31cc929eceb7) Importer(815301076,1909f56bfc062723c751e8b465ee728b)
Start importing Assets/ScenesBlock/S2_grass_road.prefab using Guid(fbf99e86046ccca43b5a31cc929eceb7) Importer(815301076,1909f56bfc062723c751e8b465ee728b)  -> (artifact id: '97da4258d93ce4e532e21cb71f4b9bb3') in 0.019885 seconds 
========================================================================
Received Import Request.
  Time since last request: 15.961415 seconds.
  path: Assets/Scenes/Sstting.unity
  artifactKey: Guid(9c122330b80b4c24d848e08b7fa8f81e) Importer(815301076,1909f56bfc062723c751e8b465ee728b)
Start importing Assets/Scenes/Sstting.unity using Guid(9c122330b80b4c24d848e08b7fa8f81e) Importer(815301076,1909f56bfc062723c751e8b465ee728b)  -> (artifact id: 'bd7eb23ca4f15f5a95c0387310d376ab') in 0.003622 seconds 
========================================================================
Received Import Request.
  Time since last request: 1.076787 seconds.
  path: Assets/Scenes/CG集.unity
  artifactKey: Guid(f7401fea89c0eec46b5289da9eec56da) Importer(815301076,1909f56bfc062723c751e8b465ee728b)
Start importing Assets/Scenes/CG集.unity using Guid(f7401fea89c0eec46b5289da9eec56da) Importer(815301076,1909f56bfc062723c751e8b465ee728b)  -> (artifact id: '192760785e3e9015a1bd70870958fd9c') in 0.002789 seconds 
========================================================================
Received Import Request.
  Time since last request: 5.261876 seconds.
  path: Assets/Prefabricated/S1
  artifactKey: Guid(964e4d15701467646b209d942b32f60e) Importer(815301076,1909f56bfc062723c751e8b465ee728b)
Start importing Assets/Prefabricated/S1 using Guid(964e4d15701467646b209d942b32f60e) Importer(815301076,1909f56bfc062723c751e8b465ee728b)  -> (artifact id: '6948e75ef5e46a2c777780a4277da48f') in 0.188157 seconds 
========================================================================
Received Import Request.
  Time since last request: 195.346341 seconds.
  path: Assets/Scenes/工作人員.unity
  artifactKey: Guid(15800e704c482ee4e98e2c0bfef792d4) Importer(815301076,1909f56bfc062723c751e8b465ee728b)
Start importing Assets/Scenes/工作人員.unity using Guid(15800e704c482ee4e98e2c0bfef792d4) Importer(815301076,1909f56bfc062723c751e8b465ee728b)  -> (artifact id: '4a09e19e68140a7c7af494cf66cbc82c') in 0.003864 seconds 
========================================================================
Received Import Request.
  Time since last request: 79.179665 seconds.
  path: Assets/Scenes/關卡1 城市.unity
  artifactKey: Guid(b1b0cd6247b526b4481cbfa624aee5ba) Importer(815301076,1909f56bfc062723c751e8b465ee728b)
Start importing Assets/Scenes/關卡1 城市.unity using Guid(b1b0cd6247b526b4481cbfa624aee5ba) Importer(815301076,1909f56bfc062723c751e8b465ee728b)  -> (artifact id: '3fb267a485cfc8c14849fa48f6692b74') in 0.003306 seconds 
AssetImportWorkerClient::OnTransportError - code=2 error=End of file
