Using pre-set license
Built from '2020.3/staging' branch; Version is '2020.3.30f1 (1fb1bf06830e) revision 2077119'; Using compiler version '192528614'; Build Type 'Release'
OS: 'Windows 10  (10.0.19044) 64bit Core' Language: 'en' Physical Memory: 8034 MB
BatchMode: 1, IsHumanControllingUs: 0, StartBugReporterOnCrash: 0, Is64bit: 1, IsPro: 0

COMMAND LINE ARGUMENTS:
D:\2020.3.30f1\Editor\Unity.exe
-adb2
-batchMode
-noUpm
-name
AssetImportWorker5
-projectPath
D:/Unity/Stays/Stays
-logFile
Logs/AssetImportWorker5.log
-srvPort
65040
Successfully changed project path to: D:/Unity/Stays/Stays
D:/Unity/Stays/Stays
Using Asset Import Pipeline V2.
Refreshing native plugins compatible for Editor in 48.40 ms, found 5 plugins.
Preloading 0 native plugins for Editor in 0.00 ms.
Initialize engine version: 2020.3.30f1 (1fb1bf06830e)
[Subsystems] Discovering subsystems at path D:/2020.3.30f1/Editor/Data/Resources/UnitySubsystems
[Subsystems] Discovering subsystems at path D:/Unity/Stays/Stays/Assets
GfxDevice: creating device client; threaded=0
Direct3D:
    Version:  Direct3D 11.0 [level 11.1]
    Renderer: NVIDIA GeForce GTX 1050 (ID=0x1c91)
    Vendor:   
    VRAM:     2996 MB
    Driver:   30.0.15.1165
Shader 'Custom/AdditiveTintable': fallback shader 'Particles/Additive (Soft)' not found
Initialize mono
Mono path[0] = 'D:/2020.3.30f1/Editor/Data/Managed'
Mono path[1] = 'D:/2020.3.30f1/Editor/Data/MonoBleedingEdge/lib/mono/unityjit'
Mono config path = 'D:/2020.3.30f1/Editor/Data/MonoBleedingEdge/etc'
Using monoOptions --debugger-agent=transport=dt_socket,embedding=1,server=y,suspend=n,address=127.0.0.1:56640
Begin MonoManager ReloadAssembly
Registering precompiled unity dll's ...
Register platform support module: D:/2020.3.30f1/Editor/Data/PlaybackEngines/WebGLSupport/UnityEditor.WebGL.Extensions.dll
Register platform support module: D:/2020.3.30f1/Editor/Data/PlaybackEngines/WindowsStandaloneSupport/UnityEditor.WindowsStandalone.Extensions.dll
Registered in 0.001262 seconds.
Native extension for WindowsStandalone target not found
Native extension for WebGL target not found
Refreshing native plugins compatible for Editor in 42.65 ms, found 5 plugins.
Preloading 0 native plugins for Editor in 0.00 ms.
Mono: successfully reloaded assembly
- Completed reload, in  0.505 seconds
Domain Reload Profiling:
	ReloadAssembly (505ms)
		BeginReloadAssembly (55ms)
			ExecutionOrderSort (0ms)
			DisableScriptedObjects (0ms)
			BackupInstance (0ms)
			ReleaseScriptingObjects (0ms)
			CreateAndSetChildDomain (1ms)
		EndReloadAssembly (394ms)
			LoadAssemblies (55ms)
			RebuildTransferFunctionScriptingTraits (0ms)
			SetupTypeCache (127ms)
			ReleaseScriptCaches (0ms)
			RebuildScriptCaches (28ms)
			SetupLoadedEditorAssemblies (149ms)
				LogAssemblyErrors (0ms)
				InitializePlatformSupportModulesInManaged (4ms)
				SetLoadedEditorAssemblies (0ms)
				RefreshPlugins (43ms)
				BeforeProcessingInitializeOnLoad (14ms)
				ProcessInitializeOnLoadAttributes (65ms)
				ProcessInitializeOnLoadMethodAttributes (23ms)
				AfterProcessingInitializeOnLoad (0ms)
				EditorAssembliesLoaded (0ms)
			ExecutionOrderSort2 (0ms)
			AwakeInstancesAfterBackupRestoration (0ms)
Platform modules already initialized, skipping
Registering precompiled user dll's ...
Registered in 0.002768 seconds.
Begin MonoManager ReloadAssembly
Native extension for WindowsStandalone target not found
Native extension for WebGL target not found
Refreshing native plugins compatible for Editor in 41.75 ms, found 5 plugins.
Preloading 0 native plugins for Editor in 0.00 ms.
Mono: successfully reloaded assembly
- Completed reload, in  5.880 seconds
Domain Reload Profiling:
	ReloadAssembly (5880ms)
		BeginReloadAssembly (165ms)
			ExecutionOrderSort (0ms)
			DisableScriptedObjects (4ms)
			BackupInstance (0ms)
			ReleaseScriptingObjects (0ms)
			CreateAndSetChildDomain (33ms)
		EndReloadAssembly (5669ms)
			LoadAssemblies (2963ms)
			RebuildTransferFunctionScriptingTraits (0ms)
			SetupTypeCache (1021ms)
			ReleaseScriptCaches (0ms)
			RebuildScriptCaches (45ms)
			SetupLoadedEditorAssemblies (1500ms)
				LogAssemblyErrors (0ms)
				InitializePlatformSupportModulesInManaged (4ms)
				SetLoadedEditorAssemblies (0ms)
				RefreshPlugins (42ms)
				BeforeProcessingInitializeOnLoad (152ms)
				ProcessInitializeOnLoadAttributes (1101ms)
				ProcessInitializeOnLoadMethodAttributes (194ms)
				AfterProcessingInitializeOnLoad (7ms)
				EditorAssembliesLoaded (1ms)
			ExecutionOrderSort2 (0ms)
			AwakeInstancesAfterBackupRestoration (10ms)
Platform modules already initialized, skipping
========================================================================
Worker process is ready to serve import requests
Shader 'Custom/AdditiveTintable': fallback shader 'Particles/Additive (Soft)' not found
Launched and connected shader compiler UnityShaderCompiler.exe after 0.16 seconds
Refreshing native plugins compatible for Editor in 0.56 ms, found 5 plugins.
Preloading 0 native plugins for Editor in 0.00 ms.
Unloading 2400 Unused Serialized files (Serialized files now loaded: 0)
System memory in use before: 153.6 MB.
System memory in use after: 142.7 MB.

Unloading 87 unused Assets to reduce memory usage. Loaded Objects now: 2800.
Total: 10.653800 ms (FindLiveObjects: 0.196200 ms CreateObjectMapping: 0.092400 ms MarkObjects: 2.745100 ms  DeleteObjects: 7.619500 ms)

AssetImportParameters requested are different than current active one (requested -> active):
  custom:framework-win-MediaFoundation: 216162199b28c13a410421893ffa2e32 -> 
  custom:video-decoder-ogg-theora: a1e56fd34408186e4bbccfd4996cb3dc -> 
  custom:container-muxer-webm: aa71ff27fc2769a1b78a27578f13a17b -> 
  custom:container-demuxer-webm: 4f35f7cbe854078d1ac9338744f61a02 -> 
  custom:container-demuxer-ogg: 62fdf1f143b41e24485cea50d1cbac27 -> 
  custom:video-encoder-webm-vp8: eb34c28f22e8b96e1ab97ce403110664 -> 
  custom:video-decoder-webm-vp8: 9c59270c3fd7afecdb556c50c9e8de78 -> 
  custom:audio-decoder-ogg-vorbis: bf7c407c2cedff20999df2af8eb42d56 -> 
  custom:audio-encoder-webm-vorbis: bf7c407c2cedff20999df2af8eb42d56 -> 
========================================================================
Received Import Request.
  path: Assets/Scenes/Sstting.unity
  artifactKey: Guid(9c122330b80b4c24d848e08b7fa8f81e) Importer(815301076,1909f56bfc062723c751e8b465ee728b)
Start importing Assets/Scenes/Sstting.unity using Guid(9c122330b80b4c24d848e08b7fa8f81e) Importer(815301076,1909f56bfc062723c751e8b465ee728b)  -> (artifact id: '248363c4b19e28857cf1bb9947c34cae') in 0.014495 seconds 
========================================================================
Received Import Request.
  Time since last request: 98.212565 seconds.
  path: Assets/Store/UI圖/279560262_412025780929097_8341073223753397488_n.png
  artifactKey: Guid(02bfd9fd58f4960488cee38ff359f225) Importer(815301076,1909f56bfc062723c751e8b465ee728b)
Start importing Assets/Store/UI圖/279560262_412025780929097_8341073223753397488_n.png using Guid(02bfd9fd58f4960488cee38ff359f225) Importer(815301076,1909f56bfc062723c751e8b465ee728b)  -> (artifact id: '96be2bd0f9236085a407b1bf950772d3') in 0.235498 seconds 
========================================================================
Received Import Request.
  Time since last request: 228.084992 seconds.
  path: Assets/Prefabricated/UI/對話框.prefab
  artifactKey: Guid(0edd12d347d24844d9768ee683bd3b4d) Importer(815301076,1909f56bfc062723c751e8b465ee728b)
Start importing Assets/Prefabricated/UI/對話框.prefab using Guid(0edd12d347d24844d9768ee683bd3b4d) Importer(815301076,1909f56bfc062723c751e8b465ee728b)  -> (artifact id: '68694075d36417eb5a444f538f584144') in 0.103289 seconds 
========================================================================
Received Import Request.
  Time since last request: 0.000385 seconds.
  path: Assets/Prefabricated/UI/關卡內UI.prefab
  artifactKey: Guid(7b5ced3b1794f934faf9eb8c4aab8286) Importer(815301076,1909f56bfc062723c751e8b465ee728b)
Start importing Assets/Prefabricated/UI/關卡內UI.prefab using Guid(7b5ced3b1794f934faf9eb8c4aab8286) Importer(815301076,1909f56bfc062723c751e8b465ee728b)  -> (artifact id: '967cee2ef7cbab1b910419caa66bf6c7') in 0.030167 seconds 
========================================================================
Received Import Request.
  Time since last request: 10.014197 seconds.
  path: Assets/Conversation content/S5_Kid_1.asset
  artifactKey: Guid(4e63cafd80c481546a0d001ad117bc23) Importer(815301076,1909f56bfc062723c751e8b465ee728b)
Start importing Assets/Conversation content/S5_Kid_1.asset using Guid(4e63cafd80c481546a0d001ad117bc23) Importer(815301076,1909f56bfc062723c751e8b465ee728b)  -> (artifact id: 'cac69d194f3ea52ecb9a004ed7e41839') in 0.006490 seconds 
========================================================================
Received Import Request.
  Time since last request: 0.000423 seconds.
  path: Assets/Conversation content/S5_Kid_2.asset
  artifactKey: Guid(53c20a4ab7190ba4087dfdc37aba51ec) Importer(815301076,1909f56bfc062723c751e8b465ee728b)
Start importing Assets/Conversation content/S5_Kid_2.asset using Guid(53c20a4ab7190ba4087dfdc37aba51ec) Importer(815301076,1909f56bfc062723c751e8b465ee728b)  -> (artifact id: '92301cce6b32fff84b4b33143aa397c0') in 0.028829 seconds 
========================================================================
Received Import Request.
  Time since last request: 0.000452 seconds.
  path: Assets/Conversation content/S5_Kid_3.asset
  artifactKey: Guid(880720d3aad578643b57806b3ec687af) Importer(815301076,1909f56bfc062723c751e8b465ee728b)
Start importing Assets/Conversation content/S5_Kid_3.asset using Guid(880720d3aad578643b57806b3ec687af) Importer(815301076,1909f56bfc062723c751e8b465ee728b)  -> (artifact id: '3b93381c134056c72abb49d1ee070f80') in 0.015646 seconds 
========================================================================
Received Import Request.
  Time since last request: 52.126744 seconds.
  path: Assets/Scenes/Sstting.unity
  artifactKey: Guid(9c122330b80b4c24d848e08b7fa8f81e) Importer(815301076,1909f56bfc062723c751e8b465ee728b)
Start importing Assets/Scenes/Sstting.unity using Guid(9c122330b80b4c24d848e08b7fa8f81e) Importer(815301076,1909f56bfc062723c751e8b465ee728b)  -> (artifact id: 'd501e825de34ea45ea4356e4ecdedc26') in 0.001864 seconds 
========================================================================
Received Import Request.
  Time since last request: 66.555995 seconds.
  path: Assets/Script/area.cs
  artifactKey: Guid(58acc4f29dba2c143a76a3b00fd2e703) Importer(815301076,1909f56bfc062723c751e8b465ee728b)
Start importing Assets/Script/area.cs using Guid(58acc4f29dba2c143a76a3b00fd2e703) Importer(815301076,1909f56bfc062723c751e8b465ee728b)  -> (artifact id: '69bb6de74502353fe61f89afc1bba634') in 0.140469 seconds 
========================================================================
Received Import Request.
  Time since last request: 5.821929 seconds.
  path: Assets/Script/HomeButton.cs
  artifactKey: Guid(8e6ba0edf054a0d48ba726043bd6ef6d) Importer(815301076,1909f56bfc062723c751e8b465ee728b)
Start importing Assets/Script/HomeButton.cs using Guid(8e6ba0edf054a0d48ba726043bd6ef6d) Importer(815301076,1909f56bfc062723c751e8b465ee728b)  -> (artifact id: '9bc4fa62fc491a747738471c89fa844c') in 0.002405 seconds 
========================================================================
Received Import Request.
  Time since last request: 1859.876155 seconds.
  path: Assets/Script/HomeButton.cs
  artifactKey: Guid(8e6ba0edf054a0d48ba726043bd6ef6d) Importer(815301076,1909f56bfc062723c751e8b465ee728b)
Start importing Assets/Script/HomeButton.cs using Guid(8e6ba0edf054a0d48ba726043bd6ef6d) Importer(815301076,1909f56bfc062723c751e8b465ee728b)  -> (artifact id: '32381d3fdcb049fefea219e92915ce87') in 0.002182 seconds 
========================================================================
Received Prepare
Registering precompiled user dll's ...
Registered in 0.793729 seconds.
Begin MonoManager ReloadAssembly
Native extension for WindowsStandalone target not found
Native extension for WebGL target not found
Refreshing native plugins compatible for Editor in 0.51 ms, found 5 plugins.
Preloading 0 native plugins for Editor in 0.00 ms.
Mono: successfully reloaded assembly
- Completed reload, in  0.982 seconds
Domain Reload Profiling:
	ReloadAssembly (982ms)
		BeginReloadAssembly (129ms)
			ExecutionOrderSort (0ms)
			DisableScriptedObjects (4ms)
			BackupInstance (0ms)
			ReleaseScriptingObjects (0ms)
			CreateAndSetChildDomain (36ms)
		EndReloadAssembly (805ms)
			LoadAssemblies (103ms)
			RebuildTransferFunctionScriptingTraits (0ms)
			SetupTypeCache (251ms)
			ReleaseScriptCaches (1ms)
			RebuildScriptCaches (37ms)
			SetupLoadedEditorAssemblies (289ms)
				LogAssemblyErrors (0ms)
				InitializePlatformSupportModulesInManaged (4ms)
				SetLoadedEditorAssemblies (0ms)
				RefreshPlugins (1ms)
				BeforeProcessingInitializeOnLoad (60ms)
				ProcessInitializeOnLoadAttributes (216ms)
				ProcessInitializeOnLoadMethodAttributes (6ms)
				AfterProcessingInitializeOnLoad (2ms)
				EditorAssembliesLoaded (0ms)
			ExecutionOrderSort2 (0ms)
			AwakeInstancesAfterBackupRestoration (5ms)
Platform modules already initialized, skipping
Switching build target platform(19) subTarget(0) extendedPlatform(0) -> platform(13) subTarget(537395200) extendedPlatform(0)
Shader 'Custom/AdditiveTintable': fallback shader 'Particles/Additive (Soft)' not found
Refreshing native plugins compatible for Editor in 0.57 ms, found 5 plugins.
Preloading 0 native plugins for Editor in 0.00 ms.
Unloading 2307 Unused Serialized files (Serialized files now loaded: 0)
System memory in use before: 144.3 MB.
System memory in use after: 133.5 MB.

Unloading 80 unused Assets to reduce memory usage. Loaded Objects now: 2810.
Total: 10.547600 ms (FindLiveObjects: 0.207100 ms CreateObjectMapping: 0.087900 ms MarkObjects: 2.527800 ms  DeleteObjects: 7.724100 ms)

AssetImportParameters requested are different than current active one (requested -> active):
  custom:framework-win-MediaFoundation: 216162199b28c13a410421893ffa2e32 -> 
  custom:video-decoder-ogg-theora: a1e56fd34408186e4bbccfd4996cb3dc -> 
  custom:container-muxer-webm: aa71ff27fc2769a1b78a27578f13a17b -> 
  custom:container-demuxer-webm: 4f35f7cbe854078d1ac9338744f61a02 -> 
  custom:container-demuxer-ogg: 62fdf1f143b41e24485cea50d1cbac27 -> 
  custom:video-encoder-webm-vp8: eb34c28f22e8b96e1ab97ce403110664 -> 
  custom:video-decoder-webm-vp8: 9c59270c3fd7afecdb556c50c9e8de78 -> 
  custom:graphics/normal-map-encoding: 01000000000000000000000000000000 -> 02000000000000000000000000000000
  custom:audio-decoder-ogg-vorbis: bf7c407c2cedff20999df2af8eb42d56 -> 
  custom:audio-encoder-webm-vorbis: bf7c407c2cedff20999df2af8eb42d56 -> 
========================================================================
Received Import Request.
  Time since last request: 172.634331 seconds.
  path: Assets/Scenes/Sstting.unity
  artifactKey: Guid(9c122330b80b4c24d848e08b7fa8f81e) Importer(815301076,1909f56bfc062723c751e8b465ee728b)
Start importing Assets/Scenes/Sstting.unity using Guid(9c122330b80b4c24d848e08b7fa8f81e) Importer(815301076,1909f56bfc062723c751e8b465ee728b)  -> (artifact id: '83e39ade4bdcd93dab4a81d23d1fa50d') in 0.081151 seconds 
========================================================================
Received Import Request.
  Time since last request: 0.000347 seconds.
  path: Assets/Scenes/首頁.unity
  artifactKey: Guid(9fb980dc84c43384a8183a485703a585) Importer(815301076,1909f56bfc062723c751e8b465ee728b)
Start importing Assets/Scenes/首頁.unity using Guid(9fb980dc84c43384a8183a485703a585) Importer(815301076,1909f56bfc062723c751e8b465ee728b)  -> (artifact id: 'b8a0c12a5d2d3ffc9007eef788958150') in 0.002133 seconds 
========================================================================
Received Import Request.
  Time since last request: 52.123583 seconds.
  path: Assets/Scenes/CG集.unity
  artifactKey: Guid(f7401fea89c0eec46b5289da9eec56da) Importer(815301076,1909f56bfc062723c751e8b465ee728b)
Start importing Assets/Scenes/CG集.unity using Guid(f7401fea89c0eec46b5289da9eec56da) Importer(815301076,1909f56bfc062723c751e8b465ee728b)  -> (artifact id: '106f1d138cbf32023658bf12f9d9a831') in 0.003707 seconds 
========================================================================
Received Import Request.
  Time since last request: 133.565285 seconds.
  path: Assets/Store/UI圖/Stays_工作區域 1.png
  artifactKey: Guid(0c0af3d711d03774c86fbc177e4d1d34) Importer(815301076,1909f56bfc062723c751e8b465ee728b)
Start importing Assets/Store/UI圖/Stays_工作區域 1.png using Guid(0c0af3d711d03774c86fbc177e4d1d34) Importer(815301076,1909f56bfc062723c751e8b465ee728b)  -> (artifact id: 'ef163585944d9be3cc64bc3b9758fb45') in 0.193157 seconds 
========================================================================
Received Import Request.
  Time since last request: 341.069136 seconds.
  path: Assets/Prefabricated/UI/音量.prefab
  artifactKey: Guid(ed6ef5bef28352a4e86ed637a0bc86bb) Importer(815301076,1909f56bfc062723c751e8b465ee728b)
Start importing Assets/Prefabricated/UI/音量.prefab using Guid(ed6ef5bef28352a4e86ed637a0bc86bb) Importer(815301076,1909f56bfc062723c751e8b465ee728b)  -> (artifact id: 'c648148300d94e1c22bcbe5cdf785789') in 0.027704 seconds 
========================================================================
Received Import Request.
  Time since last request: 4.814527 seconds.
  path: Assets/Prefabricated/UI/音量.prefab
  artifactKey: Guid(ed6ef5bef28352a4e86ed637a0bc86bb) Importer(815301076,1909f56bfc062723c751e8b465ee728b)
Start importing Assets/Prefabricated/UI/音量.prefab using Guid(ed6ef5bef28352a4e86ed637a0bc86bb) Importer(815301076,1909f56bfc062723c751e8b465ee728b)  -> (artifact id: 'eacfc713bf6cba81ba70caaa55739d44') in 0.005988 seconds 
========================================================================
Received Import Request.
  Time since last request: 11.300763 seconds.
  path: Assets/Prefabricated/UI/拉條.prefab
  artifactKey: Guid(ed6ef5bef28352a4e86ed637a0bc86bb) Importer(815301076,1909f56bfc062723c751e8b465ee728b)
Start importing Assets/Prefabricated/UI/拉條.prefab using Guid(ed6ef5bef28352a4e86ed637a0bc86bb) Importer(815301076,1909f56bfc062723c751e8b465ee728b)  -> (artifact id: '240b22dacdbd26fe81abf1070da91367') in 0.008434 seconds 
========================================================================
Received Import Request.
  Time since last request: 220.415925 seconds.
  path: Assets/Scenes/CG集.unity
  artifactKey: Guid(f7401fea89c0eec46b5289da9eec56da) Importer(815301076,1909f56bfc062723c751e8b465ee728b)
Start importing Assets/Scenes/CG集.unity using Guid(f7401fea89c0eec46b5289da9eec56da) Importer(815301076,1909f56bfc062723c751e8b465ee728b)  -> (artifact id: '78e0d884f732972980281a870fed382c') in 0.003210 seconds 
========================================================================
Received Prepare
Registering precompiled user dll's ...
Registered in 0.002676 seconds.
Begin MonoManager ReloadAssembly
Native extension for WindowsStandalone target not found
Native extension for WebGL target not found
Refreshing native plugins compatible for Editor in 0.52 ms, found 5 plugins.
Preloading 0 native plugins for Editor in 0.00 ms.
Mono: successfully reloaded assembly
- Completed reload, in  1.061 seconds
Domain Reload Profiling:
	ReloadAssembly (1062ms)
		BeginReloadAssembly (170ms)
			ExecutionOrderSort (0ms)
			DisableScriptedObjects (4ms)
			BackupInstance (0ms)
			ReleaseScriptingObjects (0ms)
			CreateAndSetChildDomain (32ms)
		EndReloadAssembly (843ms)
			LoadAssemblies (153ms)
			RebuildTransferFunctionScriptingTraits (0ms)
			SetupTypeCache (267ms)
			ReleaseScriptCaches (1ms)
			RebuildScriptCaches (49ms)
			SetupLoadedEditorAssemblies (286ms)
				LogAssemblyErrors (0ms)
				InitializePlatformSupportModulesInManaged (4ms)
				SetLoadedEditorAssemblies (0ms)
				RefreshPlugins (1ms)
				BeforeProcessingInitializeOnLoad (61ms)
				ProcessInitializeOnLoadAttributes (212ms)
				ProcessInitializeOnLoadMethodAttributes (6ms)
				AfterProcessingInitializeOnLoad (2ms)
				EditorAssembliesLoaded (0ms)
			ExecutionOrderSort2 (0ms)
			AwakeInstancesAfterBackupRestoration (6ms)
Platform modules already initialized, skipping
Switching build target platform(19) subTarget(0) extendedPlatform(0) -> platform(13) subTarget(537395200) extendedPlatform(0)
Shader 'Custom/AdditiveTintable': fallback shader 'Particles/Additive (Soft)' not found
Refreshing native plugins compatible for Editor in 0.70 ms, found 5 plugins.
Preloading 0 native plugins for Editor in 0.00 ms.
Unloading 2307 Unused Serialized files (Serialized files now loaded: 0)
System memory in use before: 144.6 MB.
System memory in use after: 133.6 MB.

Unloading 80 unused Assets to reduce memory usage. Loaded Objects now: 2815.
Total: 11.107700 ms (FindLiveObjects: 0.206800 ms CreateObjectMapping: 0.081300 ms MarkObjects: 2.891400 ms  DeleteObjects: 7.927400 ms)

AssetImportParameters requested are different than current active one (requested -> active):
  custom:framework-win-MediaFoundation: 216162199b28c13a410421893ffa2e32 -> 
  custom:video-decoder-ogg-theora: a1e56fd34408186e4bbccfd4996cb3dc -> 
  custom:container-muxer-webm: aa71ff27fc2769a1b78a27578f13a17b -> 
  custom:container-demuxer-webm: 4f35f7cbe854078d1ac9338744f61a02 -> 
  custom:container-demuxer-ogg: 62fdf1f143b41e24485cea50d1cbac27 -> 
  custom:video-encoder-webm-vp8: eb34c28f22e8b96e1ab97ce403110664 -> 
  custom:video-decoder-webm-vp8: 9c59270c3fd7afecdb556c50c9e8de78 -> 
  custom:graphics/normal-map-encoding: 01000000000000000000000000000000 -> 02000000000000000000000000000000
  custom:audio-decoder-ogg-vorbis: bf7c407c2cedff20999df2af8eb42d56 -> 
  custom:audio-encoder-webm-vorbis: bf7c407c2cedff20999df2af8eb42d56 -> 
========================================================================
Received Import Request.
  Time since last request: 1007.737174 seconds.
  path: Assets/Scenes/UI.unity
  artifactKey: Guid(9fc0d4010bbf28b4594072e72b8655ab) Importer(815301076,1909f56bfc062723c751e8b465ee728b)
Start importing Assets/Scenes/UI.unity using Guid(9fc0d4010bbf28b4594072e72b8655ab) Importer(815301076,1909f56bfc062723c751e8b465ee728b)  -> (artifact id: 'ff41d37fffe4f4586c0c51114f2d467c') in 0.019703 seconds 
========================================================================
Received Import Request.
  Time since last request: 9.781380 seconds.
  path: Assets/Scenes/CG集.unity
  artifactKey: Guid(f7401fea89c0eec46b5289da9eec56da) Importer(815301076,1909f56bfc062723c751e8b465ee728b)
Start importing Assets/Scenes/CG集.unity using Guid(f7401fea89c0eec46b5289da9eec56da) Importer(815301076,1909f56bfc062723c751e8b465ee728b)  -> (artifact id: '96b316070acbe08adac88e824d47157c') in 0.002547 seconds 
========================================================================
Received Prepare
Registering precompiled user dll's ...
Registered in 0.003250 seconds.
Begin MonoManager ReloadAssembly
Native extension for WindowsStandalone target not found
Native extension for WebGL target not found
Refreshing native plugins compatible for Editor in 0.51 ms, found 5 plugins.
Preloading 0 native plugins for Editor in 0.00 ms.
Mono: successfully reloaded assembly
- Completed reload, in  1.058 seconds
Domain Reload Profiling:
	ReloadAssembly (1058ms)
		BeginReloadAssembly (195ms)
			ExecutionOrderSort (0ms)
			DisableScriptedObjects (4ms)
			BackupInstance (0ms)
			ReleaseScriptingObjects (0ms)
			CreateAndSetChildDomain (72ms)
		EndReloadAssembly (812ms)
			LoadAssemblies (143ms)
			RebuildTransferFunctionScriptingTraits (0ms)
			SetupTypeCache (293ms)
			ReleaseScriptCaches (1ms)
			RebuildScriptCaches (54ms)
			SetupLoadedEditorAssemblies (275ms)
				LogAssemblyErrors (0ms)
				InitializePlatformSupportModulesInManaged (4ms)
				SetLoadedEditorAssemblies (0ms)
				RefreshPlugins (1ms)
				BeforeProcessingInitializeOnLoad (59ms)
				ProcessInitializeOnLoadAttributes (203ms)
				ProcessInitializeOnLoadMethodAttributes (6ms)
				AfterProcessingInitializeOnLoad (2ms)
				EditorAssembliesLoaded (0ms)
			ExecutionOrderSort2 (0ms)
			AwakeInstancesAfterBackupRestoration (5ms)
Platform modules already initialized, skipping
Switching build target platform(19) subTarget(0) extendedPlatform(0) -> platform(13) subTarget(537395200) extendedPlatform(0)
Shader 'Custom/AdditiveTintable': fallback shader 'Particles/Additive (Soft)' not found
Refreshing native plugins compatible for Editor in 0.64 ms, found 5 plugins.
Preloading 0 native plugins for Editor in 0.00 ms.
Unloading 2307 Unused Serialized files (Serialized files now loaded: 0)
System memory in use before: 144.5 MB.
System memory in use after: 133.6 MB.

Unloading 80 unused Assets to reduce memory usage. Loaded Objects now: 2817.
Total: 11.672800 ms (FindLiveObjects: 0.256000 ms CreateObjectMapping: 0.120600 ms MarkObjects: 2.823700 ms  DeleteObjects: 8.471800 ms)

AssetImportParameters requested are different than current active one (requested -> active):
  custom:framework-win-MediaFoundation: 216162199b28c13a410421893ffa2e32 -> 
  custom:video-decoder-ogg-theora: a1e56fd34408186e4bbccfd4996cb3dc -> 
  custom:container-muxer-webm: aa71ff27fc2769a1b78a27578f13a17b -> 
  custom:container-demuxer-webm: 4f35f7cbe854078d1ac9338744f61a02 -> 
  custom:container-demuxer-ogg: 62fdf1f143b41e24485cea50d1cbac27 -> 
  custom:video-encoder-webm-vp8: eb34c28f22e8b96e1ab97ce403110664 -> 
  custom:video-decoder-webm-vp8: 9c59270c3fd7afecdb556c50c9e8de78 -> 
  custom:graphics/normal-map-encoding: 01000000000000000000000000000000 -> 02000000000000000000000000000000
  custom:audio-decoder-ogg-vorbis: bf7c407c2cedff20999df2af8eb42d56 -> 
  custom:audio-encoder-webm-vorbis: bf7c407c2cedff20999df2af8eb42d56 -> 
========================================================================
Received Import Request.
  Time since last request: 168.023293 seconds.
  path: Assets/Scenes/關卡3 歸途.unity
  artifactKey: Guid(bb68ec8e1ad851d479e038e34582b11d) Importer(815301076,1909f56bfc062723c751e8b465ee728b)
Start importing Assets/Scenes/關卡3 歸途.unity using Guid(bb68ec8e1ad851d479e038e34582b11d) Importer(815301076,1909f56bfc062723c751e8b465ee728b)  -> (artifact id: '03f0ec556de3629e581ca8fb3c4d2341') in 0.017088 seconds 
========================================================================
Received Import Request.
  Time since last request: 36.370880 seconds.
  path: Assets/Scenes/關卡2 上山.unity
  artifactKey: Guid(9f45ce2297a444d4f927109d8cf4ac73) Importer(815301076,1909f56bfc062723c751e8b465ee728b)
Start importing Assets/Scenes/關卡2 上山.unity using Guid(9f45ce2297a444d4f927109d8cf4ac73) Importer(815301076,1909f56bfc062723c751e8b465ee728b)  -> (artifact id: 'd9ebc91250ce1a0c57d33b88dd46c68a') in 0.002511 seconds 
========================================================================
Received Import Request.
  Time since last request: 14.503922 seconds.
  path: Assets/Scenes/首頁.unity
  artifactKey: Guid(9fb980dc84c43384a8183a485703a585) Importer(815301076,1909f56bfc062723c751e8b465ee728b)
Start importing Assets/Scenes/首頁.unity using Guid(9fb980dc84c43384a8183a485703a585) Importer(815301076,1909f56bfc062723c751e8b465ee728b)  -> (artifact id: '74c4fed69284f497e6a2869541814d6f') in 0.002219 seconds 
========================================================================
Received Import Request.
  Time since last request: 21.616594 seconds.
  path: Assets/Scenes/工作人員.unity
  artifactKey: Guid(15800e704c482ee4e98e2c0bfef792d4) Importer(815301076,1909f56bfc062723c751e8b465ee728b)
Start importing Assets/Scenes/工作人員.unity using Guid(15800e704c482ee4e98e2c0bfef792d4) Importer(815301076,1909f56bfc062723c751e8b465ee728b)  -> (artifact id: '0e562f8c65a6aa7f30b3b813d11a97e6') in 0.003216 seconds 
========================================================================
Received Prepare
Registering precompiled user dll's ...
Registered in 0.002992 seconds.
Begin MonoManager ReloadAssembly
Native extension for WindowsStandalone target not found
Native extension for WebGL target not found
Refreshing native plugins compatible for Editor in 0.55 ms, found 5 plugins.
Preloading 0 native plugins for Editor in 0.00 ms.
Mono: successfully reloaded assembly
- Completed reload, in  0.961 seconds
Domain Reload Profiling:
	ReloadAssembly (961ms)
		BeginReloadAssembly (106ms)
			ExecutionOrderSort (0ms)
			DisableScriptedObjects (4ms)
			BackupInstance (0ms)
			ReleaseScriptingObjects (0ms)
			CreateAndSetChildDomain (29ms)
		EndReloadAssembly (804ms)
			LoadAssemblies (96ms)
			RebuildTransferFunctionScriptingTraits (0ms)
			SetupTypeCache (270ms)
			ReleaseScriptCaches (1ms)
			RebuildScriptCaches (41ms)
			SetupLoadedEditorAssemblies (295ms)
				LogAssemblyErrors (0ms)
				InitializePlatformSupportModulesInManaged (4ms)
				SetLoadedEditorAssemblies (0ms)
				RefreshPlugins (1ms)
				BeforeProcessingInitializeOnLoad (64ms)
				ProcessInitializeOnLoadAttributes (217ms)
				ProcessInitializeOnLoadMethodAttributes (7ms)
				AfterProcessingInitializeOnLoad (2ms)
				EditorAssembliesLoaded (0ms)
			ExecutionOrderSort2 (0ms)
			AwakeInstancesAfterBackupRestoration (6ms)
Platform modules already initialized, skipping
Switching build target platform(19) subTarget(0) extendedPlatform(0) -> platform(13) subTarget(537395200) extendedPlatform(0)
Shader 'Custom/AdditiveTintable': fallback shader 'Particles/Additive (Soft)' not found
Refreshing native plugins compatible for Editor in 0.56 ms, found 5 plugins.
Preloading 0 native plugins for Editor in 0.00 ms.
Unloading 2307 Unused Serialized files (Serialized files now loaded: 0)
System memory in use before: 144.5 MB.
System memory in use after: 133.6 MB.

Unloading 80 unused Assets to reduce memory usage. Loaded Objects now: 2819.
Total: 11.273900 ms (FindLiveObjects: 0.189900 ms CreateObjectMapping: 0.090100 ms MarkObjects: 2.597700 ms  DeleteObjects: 8.395300 ms)

AssetImportParameters requested are different than current active one (requested -> active):
  custom:framework-win-MediaFoundation: 216162199b28c13a410421893ffa2e32 -> 
  custom:video-decoder-ogg-theora: a1e56fd34408186e4bbccfd4996cb3dc -> 
  custom:container-muxer-webm: aa71ff27fc2769a1b78a27578f13a17b -> 
  custom:container-demuxer-webm: 4f35f7cbe854078d1ac9338744f61a02 -> 
  custom:container-demuxer-ogg: 62fdf1f143b41e24485cea50d1cbac27 -> 
  custom:video-encoder-webm-vp8: eb34c28f22e8b96e1ab97ce403110664 -> 
  custom:video-decoder-webm-vp8: 9c59270c3fd7afecdb556c50c9e8de78 -> 
  custom:graphics/normal-map-encoding: 01000000000000000000000000000000 -> 02000000000000000000000000000000
  custom:audio-decoder-ogg-vorbis: bf7c407c2cedff20999df2af8eb42d56 -> 
  custom:audio-encoder-webm-vorbis: bf7c407c2cedff20999df2af8eb42d56 -> 
========================================================================
Received Import Request.
  Time since last request: 77.385050 seconds.
  path: Assets/Scenes/關卡2 上山.unity
  artifactKey: Guid(9f45ce2297a444d4f927109d8cf4ac73) Importer(815301076,1909f56bfc062723c751e8b465ee728b)
Start importing Assets/Scenes/關卡2 上山.unity using Guid(9f45ce2297a444d4f927109d8cf4ac73) Importer(815301076,1909f56bfc062723c751e8b465ee728b)  -> (artifact id: 'bb22d6c46df01b8e998fdf050dfe48b6') in 0.015435 seconds 
========================================================================
Received Import Request.
  Time since last request: 2.034985 seconds.
  path: Assets/Scenes/CG集.unity
  artifactKey: Guid(f7401fea89c0eec46b5289da9eec56da) Importer(815301076,1909f56bfc062723c751e8b465ee728b)
Start importing Assets/Scenes/CG集.unity using Guid(f7401fea89c0eec46b5289da9eec56da) Importer(815301076,1909f56bfc062723c751e8b465ee728b)  -> (artifact id: '6de9df26797e3d0c2d2b801a56a7fd33') in 0.002042 seconds 
========================================================================
Received Import Request.
  Time since last request: 14.821851 seconds.
  path: Assets/Prefabricated/UI/回首頁.prefab
  artifactKey: Guid(ab1cf450c90f77e40b93e89b84f758f0) Importer(815301076,1909f56bfc062723c751e8b465ee728b)
Start importing Assets/Prefabricated/UI/回首頁.prefab using Guid(ab1cf450c90f77e40b93e89b84f758f0) Importer(815301076,1909f56bfc062723c751e8b465ee728b)  -> (artifact id: '732f356654d9d35a0e7a36f50b477a9b') in 0.022909 seconds 
========================================================================
Received Import Request.
  Time since last request: 99.151539 seconds.
  path: Assets/Scenes/CG集.unity
  artifactKey: Guid(f7401fea89c0eec46b5289da9eec56da) Importer(815301076,1909f56bfc062723c751e8b465ee728b)
Start importing Assets/Scenes/CG集.unity using Guid(f7401fea89c0eec46b5289da9eec56da) Importer(815301076,1909f56bfc062723c751e8b465ee728b)  -> (artifact id: '6f1a57a6af216c5e4a285007b0c7d153') in 0.002435 seconds 
========================================================================
Received Import Request.
  Time since last request: 1281.222909 seconds.
  path: Assets/Scenes/Sstting.unity
  artifactKey: Guid(9c122330b80b4c24d848e08b7fa8f81e) Importer(815301076,1909f56bfc062723c751e8b465ee728b)
Start importing Assets/Scenes/Sstting.unity using Guid(9c122330b80b4c24d848e08b7fa8f81e) Importer(815301076,1909f56bfc062723c751e8b465ee728b)  -> (artifact id: '6d5671af2dfb5193fcb69f201f74303e') in 0.003231 seconds 
========================================================================
Received Import Request.
  Time since last request: 10.941363 seconds.
  path: Assets/Scenes/工作人員.unity
  artifactKey: Guid(15800e704c482ee4e98e2c0bfef792d4) Importer(815301076,1909f56bfc062723c751e8b465ee728b)
Start importing Assets/Scenes/工作人員.unity using Guid(15800e704c482ee4e98e2c0bfef792d4) Importer(815301076,1909f56bfc062723c751e8b465ee728b)  -> (artifact id: '176819e18b13c12b6308c01aab8e1c0e') in 0.002906 seconds 
========================================================================
Received Import Request.
  Time since last request: 1.581808 seconds.
  path: Assets/Scenes/關卡1 城市.unity
  artifactKey: Guid(b1b0cd6247b526b4481cbfa624aee5ba) Importer(815301076,1909f56bfc062723c751e8b465ee728b)
Start importing Assets/Scenes/關卡1 城市.unity using Guid(b1b0cd6247b526b4481cbfa624aee5ba) Importer(815301076,1909f56bfc062723c751e8b465ee728b)  -> (artifact id: 'd3a366d39817a0f2313fbf20ac8d1f48') in 0.002411 seconds 
========================================================================
Received Import Request.
  Time since last request: 217.404047 seconds.
  path: Assets/Scenes/關卡3 歸途.unity
  artifactKey: Guid(bb68ec8e1ad851d479e038e34582b11d) Importer(815301076,1909f56bfc062723c751e8b465ee728b)
Start importing Assets/Scenes/關卡3 歸途.unity using Guid(bb68ec8e1ad851d479e038e34582b11d) Importer(815301076,1909f56bfc062723c751e8b465ee728b)  -> (artifact id: '57c3fdc2a46d3ae1e8e73f1a96b0b44c') in 0.003296 seconds 
========================================================================
Received Import Request.
  Time since last request: 5.042392 seconds.
  path: Assets/Scenes/關卡2 上山.unity
  artifactKey: Guid(9f45ce2297a444d4f927109d8cf4ac73) Importer(815301076,1909f56bfc062723c751e8b465ee728b)
Start importing Assets/Scenes/關卡2 上山.unity using Guid(9f45ce2297a444d4f927109d8cf4ac73) Importer(815301076,1909f56bfc062723c751e8b465ee728b)  -> (artifact id: '014d5e17151b6302b3a4920855708b2c') in 0.011966 seconds 
========================================================================
Received Import Request.
  Time since last request: 11.171820 seconds.
  path: Assets/Scenes/關卡2 上山.unity
  artifactKey: Guid(9f45ce2297a444d4f927109d8cf4ac73) Importer(815301076,1909f56bfc062723c751e8b465ee728b)
Start importing Assets/Scenes/關卡2 上山.unity using Guid(9f45ce2297a444d4f927109d8cf4ac73) Importer(815301076,1909f56bfc062723c751e8b465ee728b)  -> (artifact id: '294728079c698f4877f45c3c58391ad7') in 0.002256 seconds 
========================================================================
Received Import Request.
  Time since last request: 45.042115 seconds.
  path: Assets/Scenes/關卡2 上山.unity
  artifactKey: Guid(9f45ce2297a444d4f927109d8cf4ac73) Importer(815301076,1909f56bfc062723c751e8b465ee728b)
Start importing Assets/Scenes/關卡2 上山.unity using Guid(9f45ce2297a444d4f927109d8cf4ac73) Importer(815301076,1909f56bfc062723c751e8b465ee728b)  -> (artifact id: 'bc88d69f6249d37444e9777a489a7dba') in 0.002459 seconds 
