Using pre-set license
Built from '2020.3/staging' branch; Version is '2020.3.30f1 (1fb1bf06830e) revision 2077119'; Using compiler version '192528614'; Build Type 'Release'
OS: 'Windows 10  (10.0.19044) 64bit Core' Language: 'zh' Physical Memory: 8034 MB
BatchMode: 1, IsHumanControllingUs: 0, StartBugReporterOnCrash: 0, Is64bit: 1, IsPro: 0

COMMAND LINE ARGUMENTS:
D:\2020.3.30f1\Editor\Unity.exe
-adb2
-batchMode
-noUpm
-name
AssetImportWorker24
-projectPath
D:/Unity/Stays/Stays
-logFile
Logs/AssetImportWorker24.log
-srvPort
60908
Successfully changed project path to: D:/Unity/Stays/Stays
D:/Unity/Stays/Stays
Using Asset Import Pipeline V2.
Refreshing native plugins compatible for Editor in 65.95 ms, found 5 plugins.
Preloading 0 native plugins for Editor in 0.00 ms.
Initialize engine version: 2020.3.30f1 (1fb1bf06830e)
[Subsystems] Discovering subsystems at path D:/2020.3.30f1/Editor/Data/Resources/UnitySubsystems
[Subsystems] Discovering subsystems at path D:/Unity/Stays/Stays/Assets
GfxDevice: creating device client; threaded=0
Direct3D:
    Version:  Direct3D 11.0 [level 11.1]
    Renderer: NVIDIA GeForce GTX 1050 (ID=0x1c91)
    Vendor:   
    VRAM:     2996 MB
    Driver:   30.0.15.1165
Shader 'Custom/AdditiveTintable': fallback shader 'Particles/Additive (Soft)' not found
Initialize mono
Mono path[0] = 'D:/2020.3.30f1/Editor/Data/Managed'
Mono path[1] = 'D:/2020.3.30f1/Editor/Data/MonoBleedingEdge/lib/mono/unityjit'
Mono config path = 'D:/2020.3.30f1/Editor/Data/MonoBleedingEdge/etc'
Using monoOptions --debugger-agent=transport=dt_socket,embedding=1,server=y,suspend=n,address=127.0.0.1:56148
Begin MonoManager ReloadAssembly
Registering precompiled unity dll's ...
Register platform support module: D:/2020.3.30f1/Editor/Data/PlaybackEngines/WebGLSupport/UnityEditor.WebGL.Extensions.dll
Register platform support module: D:/2020.3.30f1/Editor/Data/PlaybackEngines/WindowsStandaloneSupport/UnityEditor.WindowsStandalone.Extensions.dll
Registered in 0.001286 seconds.
Native extension for WindowsStandalone target not found
Native extension for WebGL target not found
Refreshing native plugins compatible for Editor in 68.46 ms, found 5 plugins.
Preloading 0 native plugins for Editor in 0.00 ms.
Mono: successfully reloaded assembly
- Completed reload, in  0.577 seconds
Domain Reload Profiling:
	ReloadAssembly (577ms)
		BeginReloadAssembly (57ms)
			ExecutionOrderSort (0ms)
			DisableScriptedObjects (0ms)
			BackupInstance (0ms)
			ReleaseScriptingObjects (0ms)
			CreateAndSetChildDomain (1ms)
		EndReloadAssembly (462ms)
			LoadAssemblies (57ms)
			RebuildTransferFunctionScriptingTraits (0ms)
			SetupTypeCache (130ms)
			ReleaseScriptCaches (0ms)
			RebuildScriptCaches (29ms)
			SetupLoadedEditorAssemblies (208ms)
				LogAssemblyErrors (0ms)
				InitializePlatformSupportModulesInManaged (4ms)
				SetLoadedEditorAssemblies (0ms)
				RefreshPlugins (69ms)
				BeforeProcessingInitializeOnLoad (18ms)
				ProcessInitializeOnLoadAttributes (76ms)
				ProcessInitializeOnLoadMethodAttributes (42ms)
				AfterProcessingInitializeOnLoad (0ms)
				EditorAssembliesLoaded (0ms)
			ExecutionOrderSort2 (0ms)
			AwakeInstancesAfterBackupRestoration (0ms)
Platform modules already initialized, skipping
Registering precompiled user dll's ...
Registered in 0.003409 seconds.
Begin MonoManager ReloadAssembly
Native extension for WindowsStandalone target not found
Native extension for WebGL target not found
Refreshing native plugins compatible for Editor in 64.41 ms, found 5 plugins.
Preloading 0 native plugins for Editor in 0.00 ms.
Mono: successfully reloaded assembly
- Completed reload, in 16.006 seconds
Domain Reload Profiling:
	ReloadAssembly (16082ms)
		BeginReloadAssembly (139ms)
			ExecutionOrderSort (0ms)
			DisableScriptedObjects (4ms)
			BackupInstance (0ms)
			ReleaseScriptingObjects (0ms)
			CreateAndSetChildDomain (17ms)
		EndReloadAssembly (15895ms)
			LoadAssemblies (89ms)
			RebuildTransferFunctionScriptingTraits (0ms)
			SetupTypeCache (275ms)
			ReleaseScriptCaches (0ms)
			RebuildScriptCaches (50ms)
			SetupLoadedEditorAssemblies (15194ms)
				LogAssemblyErrors (0ms)
				InitializePlatformSupportModulesInManaged (4ms)
				SetLoadedEditorAssemblies (0ms)
				RefreshPlugins (65ms)
				BeforeProcessingInitializeOnLoad (128ms)
				ProcessInitializeOnLoadAttributes (11129ms)
				ProcessInitializeOnLoadMethodAttributes (3866ms)
				AfterProcessingInitializeOnLoad (2ms)
				EditorAssembliesLoaded (0ms)
			ExecutionOrderSort2 (0ms)
			AwakeInstancesAfterBackupRestoration (6ms)
Platform modules already initialized, skipping
========================================================================
Worker process is ready to serve import requests
Shader 'Custom/AdditiveTintable': fallback shader 'Particles/Additive (Soft)' not found
Launched and connected shader compiler UnityShaderCompiler.exe after 0.65 seconds
Refreshing native plugins compatible for Editor in 0.95 ms, found 5 plugins.
Preloading 0 native plugins for Editor in 0.00 ms.
Unloading 2845 Unused Serialized files (Serialized files now loaded: 0)
System memory in use before: 198.8 MB.
System memory in use after: 188.2 MB.

Unloading 88 unused Assets to reduce memory usage. Loaded Objects now: 3280.
Total: 423.501500 ms (FindLiveObjects: 0.297300 ms CreateObjectMapping: 0.103400 ms MarkObjects: 413.098400 ms  DeleteObjects: 10.001000 ms)

AssetImportParameters requested are different than current active one (requested -> active):
  custom:framework-win-MediaFoundation: 216162199b28c13a410421893ffa2e32 -> 
  custom:video-decoder-ogg-theora: a1e56fd34408186e4bbccfd4996cb3dc -> 
  custom:container-muxer-webm: aa71ff27fc2769a1b78a27578f13a17b -> 
  custom:container-demuxer-webm: 4f35f7cbe854078d1ac9338744f61a02 -> 
  custom:container-demuxer-ogg: 62fdf1f143b41e24485cea50d1cbac27 -> 
  custom:video-encoder-webm-vp8: eb34c28f22e8b96e1ab97ce403110664 -> 
  custom:video-decoder-webm-vp8: 9c59270c3fd7afecdb556c50c9e8de78 -> 
  custom:audio-decoder-ogg-vorbis: bf7c407c2cedff20999df2af8eb42d56 -> 
  custom:audio-encoder-webm-vorbis: bf7c407c2cedff20999df2af8eb42d56 -> 
========================================================================
Received Import Request.
  path: Assets/Conversation content/S5_Kid_1.asset
  artifactKey: Guid(4e63cafd80c481546a0d001ad117bc23) Importer(815301076,1909f56bfc062723c751e8b465ee728b)
Start importing Assets/Conversation content/S5_Kid_1.asset using Guid(4e63cafd80c481546a0d001ad117bc23) Importer(815301076,1909f56bfc062723c751e8b465ee728b)  -> (artifact id: 'cac69d194f3ea52ecb9a004ed7e41839') in 0.948210 seconds 
========================================================================
Received Import Request.
  Time since last request: 0.000657 seconds.
  path: Assets/Display/成年人.png
  artifactKey: Guid(6c1de9240f263ae47af26bad8d88b8bc) Importer(815301076,1909f56bfc062723c751e8b465ee728b)
Start importing Assets/Display/成年人.png using Guid(6c1de9240f263ae47af26bad8d88b8bc) Importer(815301076,1909f56bfc062723c751e8b465ee728b)  -> (artifact id: '7212c0ef438ab5b17938662a5c9bf3ec') in 1.607143 seconds 
========================================================================
Received Import Request.
  Time since last request: 0.000602 seconds.
  path: Assets/Conversation content/Tast_chat.asset
  artifactKey: Guid(a9fc1aaedaebe98428eb59fe7686ffc9) Importer(815301076,1909f56bfc062723c751e8b465ee728b)
Start importing Assets/Conversation content/Tast_chat.asset using Guid(a9fc1aaedaebe98428eb59fe7686ffc9) Importer(815301076,1909f56bfc062723c751e8b465ee728b)  -> (artifact id: 'bfd3def2654e1aab06362de6d0a25398') in 0.177350 seconds 
========================================================================
Received Import Request.
  Time since last request: 0.000433 seconds.
  path: Assets/Display/NPC.renderTexture
  artifactKey: Guid(feed6eb8b812325449a1b1394fca6156) Importer(815301076,1909f56bfc062723c751e8b465ee728b)
Start importing Assets/Display/NPC.renderTexture using Guid(feed6eb8b812325449a1b1394fca6156) Importer(815301076,1909f56bfc062723c751e8b465ee728b)  -> (artifact id: '01cc7f8d0231a7ed52f43b9841292633') in 0.265992 seconds 
========================================================================
Received Import Request.
  Time since last request: 0.000557 seconds.
  path: Assets/Display/奶奶.png
  artifactKey: Guid(1295ebda5688bfd46901b44aa87c3a02) Importer(815301076,1909f56bfc062723c751e8b465ee728b)
Start importing Assets/Display/奶奶.png using Guid(1295ebda5688bfd46901b44aa87c3a02) Importer(815301076,1909f56bfc062723c751e8b465ee728b)  -> (artifact id: 'f74c7e464699f615a81a3567e46e64f1') in 0.194393 seconds 
========================================================================
Received Import Request.
  Time since last request: 0.000483 seconds.
  path: Assets/Display/小孩_無表情.PNG
  artifactKey: Guid(7ea55d11266c02a4d8f71a091121e723) Importer(815301076,1909f56bfc062723c751e8b465ee728b)
Start importing Assets/Display/小孩_無表情.PNG using Guid(7ea55d11266c02a4d8f71a091121e723) Importer(815301076,1909f56bfc062723c751e8b465ee728b)  -> (artifact id: '2bcde7fcdbb5fcd7bf3bcb75764ec2ed') in 0.284917 seconds 
========================================================================
Received Import Request.
  Time since last request: 0.000480 seconds.
  path: Assets/Display/清潔人員.png
  artifactKey: Guid(0d264cc55c250cd4384c8f18862fff1e) Importer(815301076,1909f56bfc062723c751e8b465ee728b)
Start importing Assets/Display/清潔人員.png using Guid(0d264cc55c250cd4384c8f18862fff1e) Importer(815301076,1909f56bfc062723c751e8b465ee728b)  -> (artifact id: 'da9ac4d45c4296f62720d6db40241599') in 0.441119 seconds 
========================================================================
Received Import Request.
  Time since last request: 0.000533 seconds.
  path: Assets/Display/Rem.renderTexture
  artifactKey: Guid(353ba50510b90d64380d6beeed7d0e68) Importer(815301076,1909f56bfc062723c751e8b465ee728b)
Start importing Assets/Display/Rem.renderTexture using Guid(353ba50510b90d64380d6beeed7d0e68) Importer(815301076,1909f56bfc062723c751e8b465ee728b)  -> (artifact id: 'b8795a2f0c3f845e24264bf903c96dac') in 0.118592 seconds 
========================================================================
Received Import Request.
  Time since last request: 0.000528 seconds.
  path: Assets/Conversation content/S5_Kid_2.asset
  artifactKey: Guid(53c20a4ab7190ba4087dfdc37aba51ec) Importer(815301076,1909f56bfc062723c751e8b465ee728b)
Start importing Assets/Conversation content/S5_Kid_2.asset using Guid(53c20a4ab7190ba4087dfdc37aba51ec) Importer(815301076,1909f56bfc062723c751e8b465ee728b)  -> (artifact id: '92301cce6b32fff84b4b33143aa397c0') in 0.227970 seconds 
========================================================================
Received Import Request.
  Time since last request: 0.000769 seconds.
  path: Assets/Display/小孩_微笑.PNG
  artifactKey: Guid(75f13d48c3789b24b95d6dc9174384a2) Importer(815301076,1909f56bfc062723c751e8b465ee728b)
Start importing Assets/Display/小孩_微笑.PNG using Guid(75f13d48c3789b24b95d6dc9174384a2) Importer(815301076,1909f56bfc062723c751e8b465ee728b)  -> (artifact id: '038ef7180941d99a6e576c0eb933fa01') in 0.287759 seconds 
========================================================================
Received Import Request.
  Time since last request: 0.000460 seconds.
  path: Assets/Conversation content/S3_End_1.asset
  artifactKey: Guid(2c441caedc4729b4c884a62226945f98) Importer(815301076,1909f56bfc062723c751e8b465ee728b)
Start importing Assets/Conversation content/S3_End_1.asset using Guid(2c441caedc4729b4c884a62226945f98) Importer(815301076,1909f56bfc062723c751e8b465ee728b)  -> (artifact id: '4120e0c6a7cac200b9391e476b7c1770') in 0.028890 seconds 
========================================================================
Received Import Request.
  Time since last request: 0.000650 seconds.
  path: Assets/Display/主角.PNG
  artifactKey: Guid(e654de75099ae7e45b668cefb95d0add) Importer(815301076,1909f56bfc062723c751e8b465ee728b)
Start importing Assets/Display/主角.PNG using Guid(e654de75099ae7e45b668cefb95d0add) Importer(815301076,1909f56bfc062723c751e8b465ee728b)  -> (artifact id: '17ea1946c3d0fb0d584dee00480ba216') in 0.228419 seconds 
========================================================================
Received Import Request.
  Time since last request: 0.000446 seconds.
  path: Assets/Display/年輕人.png
  artifactKey: Guid(203ca4ea502d2234ea6f5476859c3a03) Importer(815301076,1909f56bfc062723c751e8b465ee728b)
Start importing Assets/Display/年輕人.png using Guid(203ca4ea502d2234ea6f5476859c3a03) Importer(815301076,1909f56bfc062723c751e8b465ee728b)  -> (artifact id: '33bc2c93f09ceacc946adf4e2a93ffc1') in 0.319636 seconds 
========================================================================
Received Import Request.
  Time since last request: 0.000695 seconds.
  path: Assets/Display/售票員.PNG
  artifactKey: Guid(ec329582be90ee344bd0611d8165d6d6) Importer(815301076,1909f56bfc062723c751e8b465ee728b)
Start importing Assets/Display/售票員.PNG using Guid(ec329582be90ee344bd0611d8165d6d6) Importer(815301076,1909f56bfc062723c751e8b465ee728b)  -> (artifact id: '831d5c1fb2c1f1d105f22a754f4a9985') in 0.466844 seconds 
========================================================================
Received Import Request.
  Time since last request: 0.000460 seconds.
  path: Assets/Conversation content/S3_End_2.asset
  artifactKey: Guid(efec7c07e773c3140b1728345429d34a) Importer(815301076,1909f56bfc062723c751e8b465ee728b)
Start importing Assets/Conversation content/S3_End_2.asset using Guid(efec7c07e773c3140b1728345429d34a) Importer(815301076,1909f56bfc062723c751e8b465ee728b)  -> (artifact id: 'c2570c14fc634ab365c44cc57477a86f') in 0.002815 seconds 
========================================================================
Received Import Request.
  Time since last request: 0.000449 seconds.
  path: Assets/Conversation content/S5_Kid_3.asset
  artifactKey: Guid(880720d3aad578643b57806b3ec687af) Importer(815301076,1909f56bfc062723c751e8b465ee728b)
Start importing Assets/Conversation content/S5_Kid_3.asset using Guid(880720d3aad578643b57806b3ec687af) Importer(815301076,1909f56bfc062723c751e8b465ee728b)  -> (artifact id: '3b93381c134056c72abb49d1ee070f80') in 0.003081 seconds 
========================================================================
Received Import Request.
  Time since last request: 385.478040 seconds.
  path: Assets/Display/奶奶.png
  artifactKey: Guid(1295ebda5688bfd46901b44aa87c3a02) Importer(815301076,1909f56bfc062723c751e8b465ee728b)
Start importing Assets/Display/奶奶.png using Guid(1295ebda5688bfd46901b44aa87c3a02) Importer(815301076,1909f56bfc062723c751e8b465ee728b)  -> (artifact id: '45d2ad4f9a7d34247bf9814e75016893') in 0.293046 seconds 
========================================================================
Received Import Request.
  Time since last request: 0.000472 seconds.
  path: Assets/Display/成年人.png
  artifactKey: Guid(6c1de9240f263ae47af26bad8d88b8bc) Importer(815301076,1909f56bfc062723c751e8b465ee728b)
Start importing Assets/Display/成年人.png using Guid(6c1de9240f263ae47af26bad8d88b8bc) Importer(815301076,1909f56bfc062723c751e8b465ee728b)  -> (artifact id: 'b4d869d97248e35eb51479889ce7b9d6') in 0.084952 seconds 
========================================================================
Received Import Request.
  Time since last request: 0.000552 seconds.
  path: Assets/Display/年輕人.png
  artifactKey: Guid(203ca4ea502d2234ea6f5476859c3a03) Importer(815301076,1909f56bfc062723c751e8b465ee728b)
Start importing Assets/Display/年輕人.png using Guid(203ca4ea502d2234ea6f5476859c3a03) Importer(815301076,1909f56bfc062723c751e8b465ee728b)  -> (artifact id: '777b88f8fcfb24620a97940ecf1b4ff1') in 0.219838 seconds 
AssetImportWorkerClient::OnTransportError - code=2 error=End of file
