Using pre-set license
Built from '2020.3/staging' branch; Version is '2020.3.30f1 (1fb1bf06830e) revision 2077119'; Using compiler version '192528614'; Build Type 'Release'
OS: 'Windows 11  (10.0.22000) 64bit Core' Language: 'zh' Physical Memory: 32100 MB
BatchMode: 1, IsHumanControllingUs: 0, StartBugReporterOnCrash: 0, Is64bit: 1, IsPro: 0

COMMAND LINE ARGUMENTS:
C:\Program Files\Unity\Hub\Editor\2020.3.30f1\Editor\Unity.exe
-adb2
-batchMode
-noUpm
-name
AssetImportWorker0
-projectPath
C:/Users/lilyh/Documents/GitHub/Stays/Stays
-logFile
Logs/AssetImportWorker0.log
-srvPort
51745
Successfully changed project path to: C:/Users/lilyh/Documents/GitHub/Stays/Stays
C:/Users/lilyh/Documents/GitHub/Stays/Stays
Using Asset Import Pipeline V2.
Refreshing native plugins compatible for Editor in 71.68 ms, found 5 plugins.
Preloading 0 native plugins for Editor in 0.00 ms.
Initialize engine version: 2020.3.30f1 (1fb1bf06830e)
[Subsystems] Discovering subsystems at path C:/Program Files/Unity/Hub/Editor/2020.3.30f1/Editor/Data/Resources/UnitySubsystems
[Subsystems] Discovering subsystems at path C:/Users/lilyh/Documents/GitHub/Stays/Stays/Assets
GfxDevice: creating device client; threaded=0
Direct3D:
    Version:  Direct3D 11.0 [level 11.1]
    Renderer: NVIDIA GeForce RTX 3060 Laptop GPU (ID=0x2520)
    Vendor:   
    VRAM:     6023 MB
    Driver:   30.0.15.1278
Shader 'Custom/AdditiveTintable': fallback shader 'Particles/Additive (Soft)' not found
Initialize mono
Mono path[0] = 'C:/Program Files/Unity/Hub/Editor/2020.3.30f1/Editor/Data/Managed'
Mono path[1] = 'C:/Program Files/Unity/Hub/Editor/2020.3.30f1/Editor/Data/MonoBleedingEdge/lib/mono/unityjit'
Mono config path = 'C:/Program Files/Unity/Hub/Editor/2020.3.30f1/Editor/Data/MonoBleedingEdge/etc'
Using monoOptions --debugger-agent=transport=dt_socket,embedding=1,server=y,suspend=n,address=127.0.0.1:56608
Begin MonoManager ReloadAssembly
Registering precompiled unity dll's ...
Register platform support module: C:/Program Files/Unity/Hub/Editor/2020.3.30f1/Editor/Data/PlaybackEngines/WebGLSupport/UnityEditor.WebGL.Extensions.dll
Register platform support module: C:/Program Files/Unity/Hub/Editor/2020.3.30f1/Editor/Data/PlaybackEngines/WindowsStandaloneSupport/UnityEditor.WindowsStandalone.Extensions.dll
Registered in 0.003743 seconds.
Native extension for WindowsStandalone target not found
Native extension for WebGL target not found
Refreshing native plugins compatible for Editor in 48.97 ms, found 5 plugins.
Preloading 0 native plugins for Editor in 0.00 ms.
Mono: successfully reloaded assembly
- Completed reload, in  0.578 seconds
Domain Reload Profiling:
	ReloadAssembly (578ms)
		BeginReloadAssembly (64ms)
			ExecutionOrderSort (0ms)
			DisableScriptedObjects (0ms)
			BackupInstance (0ms)
			ReleaseScriptingObjects (0ms)
			CreateAndSetChildDomain (1ms)
		EndReloadAssembly (442ms)
			LoadAssemblies (62ms)
			RebuildTransferFunctionScriptingTraits (0ms)
			SetupTypeCache (135ms)
			ReleaseScriptCaches (0ms)
			RebuildScriptCaches (25ms)
			SetupLoadedEditorAssemblies (168ms)
				LogAssemblyErrors (0ms)
				InitializePlatformSupportModulesInManaged (5ms)
				SetLoadedEditorAssemblies (0ms)
				RefreshPlugins (49ms)
				BeforeProcessingInitializeOnLoad (10ms)
				ProcessInitializeOnLoadAttributes (76ms)
				ProcessInitializeOnLoadMethodAttributes (27ms)
				AfterProcessingInitializeOnLoad (0ms)
				EditorAssembliesLoaded (0ms)
			ExecutionOrderSort2 (0ms)
			AwakeInstancesAfterBackupRestoration (0ms)
Platform modules already initialized, skipping
Registering precompiled user dll's ...
Registered in 0.005145 seconds.
Begin MonoManager ReloadAssembly
Native extension for WindowsStandalone target not found
Native extension for WebGL target not found
Refreshing native plugins compatible for Editor in 55.06 ms, found 5 plugins.
Preloading 0 native plugins for Editor in 0.00 ms.
Mono: successfully reloaded assembly
- Completed reload, in  1.134 seconds
Domain Reload Profiling:
	ReloadAssembly (1135ms)
		BeginReloadAssembly (137ms)
			ExecutionOrderSort (0ms)
			DisableScriptedObjects (4ms)
			BackupInstance (0ms)
			ReleaseScriptingObjects (0ms)
			CreateAndSetChildDomain (19ms)
		EndReloadAssembly (941ms)
			LoadAssemblies (97ms)
			RebuildTransferFunctionScriptingTraits (0ms)
			SetupTypeCache (278ms)
			ReleaseScriptCaches (0ms)
			RebuildScriptCaches (51ms)
			SetupLoadedEditorAssemblies (420ms)
				LogAssemblyErrors (0ms)
				InitializePlatformSupportModulesInManaged (5ms)
				SetLoadedEditorAssemblies (0ms)
				RefreshPlugins (55ms)
				BeforeProcessingInitializeOnLoad (83ms)
				ProcessInitializeOnLoadAttributes (261ms)
				ProcessInitializeOnLoadMethodAttributes (8ms)
				AfterProcessingInitializeOnLoad (7ms)
				EditorAssembliesLoaded (0ms)
			ExecutionOrderSort2 (0ms)
			AwakeInstancesAfterBackupRestoration (7ms)
Platform modules already initialized, skipping
========================================================================
Worker process is ready to serve import requests
Shader 'Custom/AdditiveTintable': fallback shader 'Particles/Additive (Soft)' not found
Launched and connected shader compiler UnityShaderCompiler.exe after 0.07 seconds
Refreshing native plugins compatible for Editor in 0.92 ms, found 5 plugins.
Preloading 0 native plugins for Editor in 0.00 ms.
Unloading 2401 Unused Serialized files (Serialized files now loaded: 0)
System memory in use before: 153.6 MB.
System memory in use after: 142.7 MB.

Unloading 87 unused Assets to reduce memory usage. Loaded Objects now: 2801.
Total: 8.474300 ms (FindLiveObjects: 0.239800 ms CreateObjectMapping: 0.074300 ms MarkObjects: 2.678200 ms  DeleteObjects: 5.481100 ms)

AssetImportParameters requested are different than current active one (requested -> active):
  custom:framework-win-MediaFoundation: 216162199b28c13a410421893ffa2e32 -> 
  custom:video-decoder-ogg-theora: a1e56fd34408186e4bbccfd4996cb3dc -> 
  custom:container-muxer-webm: aa71ff27fc2769a1b78a27578f13a17b -> 
  custom:container-demuxer-webm: 4f35f7cbe854078d1ac9338744f61a02 -> 
  custom:container-demuxer-ogg: 62fdf1f143b41e24485cea50d1cbac27 -> 
  custom:video-encoder-webm-vp8: eb34c28f22e8b96e1ab97ce403110664 -> 
  custom:video-codec-MediaFoundation-h265: 746d11721c4dcdbdad8f713fa42b33f4 -> 
  custom:video-decoder-webm-vp8: 9c59270c3fd7afecdb556c50c9e8de78 -> 
  custom:audio-decoder-ogg-vorbis: bf7c407c2cedff20999df2af8eb42d56 -> 
  custom:audio-encoder-webm-vorbis: bf7c407c2cedff20999df2af8eb42d56 -> 
========================================================================
Received Import Request.
  path: Assets/InputSystem.inputsettings.asset
  artifactKey: Guid(4af81a24cefa86a4c987a2747089076b) Importer(815301076,1909f56bfc062723c751e8b465ee728b)
Start importing Assets/InputSystem.inputsettings.asset using Guid(4af81a24cefa86a4c987a2747089076b) Importer(815301076,1909f56bfc062723c751e8b465ee728b)  -> (artifact id: '56a999b18d0c0c3da0b13ed00bd1799c') in 0.040739 seconds 
========================================================================
Received Import Request.
  Time since last request: 31.148429 seconds.
  path: Assets/icon/主頁_CG回放.png
  artifactKey: Guid(9a8577c74b2027d478e8d5c2dca13598) Importer(815301076,1909f56bfc062723c751e8b465ee728b)
Start importing Assets/icon/主頁_CG回放.png using Guid(9a8577c74b2027d478e8d5c2dca13598) Importer(815301076,1909f56bfc062723c751e8b465ee728b)  -> (artifact id: 'ba1fd2a0bc830e5e58077dfedb9619b2') in 0.098277 seconds 
========================================================================
Received Import Request.
  Time since last request: 0.000165 seconds.
  path: Assets/icon/主頁_製作名單.png
  artifactKey: Guid(b8a27f63eca4f58459ac50d8957e00c6) Importer(815301076,1909f56bfc062723c751e8b465ee728b)
Start importing Assets/icon/主頁_製作名單.png using Guid(b8a27f63eca4f58459ac50d8957e00c6) Importer(815301076,1909f56bfc062723c751e8b465ee728b)  -> (artifact id: 'cda09ed933133e41b7a84bf947c8d0c9') in 0.015992 seconds 
========================================================================
Received Import Request.
  Time since last request: 0.000322 seconds.
  path: Assets/icon/遊戲內_對話框.png
  artifactKey: Guid(c26183acaa4443642b53ed9e9df8f6d5) Importer(815301076,1909f56bfc062723c751e8b465ee728b)
Start importing Assets/icon/遊戲內_對話框.png using Guid(c26183acaa4443642b53ed9e9df8f6d5) Importer(815301076,1909f56bfc062723c751e8b465ee728b)  -> (artifact id: '9f651a44eab02e42a95693b569c9f139') in 0.021556 seconds 
========================================================================
Received Import Request.
  Time since last request: 0.000162 seconds.
  path: Assets/icon/設定列_底圖.png
  artifactKey: Guid(db1087e8a799fc14c88a6a897f0810b4) Importer(815301076,1909f56bfc062723c751e8b465ee728b)
Start importing Assets/icon/設定列_底圖.png using Guid(db1087e8a799fc14c88a6a897f0810b4) Importer(815301076,1909f56bfc062723c751e8b465ee728b)  -> (artifact id: 'c99b7a25c0ecea41fa5433c448a3260d') in 0.027382 seconds 
========================================================================
Received Import Request.
  Time since last request: 0.000240 seconds.
  path: Assets/icon/設定列_拉條鈕.png
  artifactKey: Guid(c65211203485cfc498542f7330873218) Importer(815301076,1909f56bfc062723c751e8b465ee728b)
Start importing Assets/icon/設定列_拉條鈕.png using Guid(c65211203485cfc498542f7330873218) Importer(815301076,1909f56bfc062723c751e8b465ee728b)  -> (artifact id: 'b3dec6d9a482f492d9a8d6ab72df17cc') in 0.016929 seconds 
========================================================================
Received Import Request.
  Time since last request: 0.000158 seconds.
  path: Assets/icon/主頁_CG回放_2.png
  artifactKey: Guid(2f13888412302b74faca88643b5403aa) Importer(815301076,1909f56bfc062723c751e8b465ee728b)
Start importing Assets/icon/主頁_CG回放_2.png using Guid(2f13888412302b74faca88643b5403aa) Importer(815301076,1909f56bfc062723c751e8b465ee728b)  -> (artifact id: 'de2df64a5e54cb28d8b778e57a0284ca') in 0.022668 seconds 
========================================================================
Received Import Request.
  Time since last request: 0.000287 seconds.
  path: Assets/icon/主頁_設定.png
  artifactKey: Guid(245a34ab1242555428eefaf16986db4c) Importer(815301076,1909f56bfc062723c751e8b465ee728b)
Start importing Assets/icon/主頁_設定.png using Guid(245a34ab1242555428eefaf16986db4c) Importer(815301076,1909f56bfc062723c751e8b465ee728b)  -> (artifact id: '7b7dbe4691f0a79de1b7c43656788136') in 0.019006 seconds 
========================================================================
Received Import Request.
  Time since last request: 0.000237 seconds.
  path: Assets/icon/遊戲內_提示.png
  artifactKey: Guid(9da25021c601a3c4fa668b1570d69f26) Importer(815301076,1909f56bfc062723c751e8b465ee728b)
Start importing Assets/icon/遊戲內_提示.png using Guid(9da25021c601a3c4fa668b1570d69f26) Importer(815301076,1909f56bfc062723c751e8b465ee728b)  -> (artifact id: '5b208b579b024cd193bddeaa71968869') in 0.023757 seconds 
========================================================================
Received Import Request.
  Time since last request: 0.000154 seconds.
  path: Assets/icon/遊戲內_設定 1.png
  artifactKey: Guid(c67dbc516dcecef4d99877751dc10028) Importer(815301076,1909f56bfc062723c751e8b465ee728b)
Start importing Assets/icon/遊戲內_設定 1.png using Guid(c67dbc516dcecef4d99877751dc10028) Importer(815301076,1909f56bfc062723c751e8b465ee728b)  -> (artifact id: '9403f8cb7651a737208c7eb3e1325ffc') in 0.018653 seconds 
========================================================================
Received Import Request.
  Time since last request: 0.000181 seconds.
  path: Assets/icon/設定列_拉條.png
  artifactKey: Guid(4945b25bfd88af345a071eec2cd394cf) Importer(815301076,1909f56bfc062723c751e8b465ee728b)
Start importing Assets/icon/設定列_拉條.png using Guid(4945b25bfd88af345a071eec2cd394cf) Importer(815301076,1909f56bfc062723c751e8b465ee728b)  -> (artifact id: '9d01b249993fa071b96c86f0ad49092d') in 0.015924 seconds 
========================================================================
Received Import Request.
  Time since last request: 1.544557 seconds.
  path: Assets/Scenes/關卡4 下山
  artifactKey: Guid(2eba1ad7fa578064cba4c41090350e1a) Importer(815301076,1909f56bfc062723c751e8b465ee728b)
Start importing Assets/Scenes/關卡4 下山 using Guid(2eba1ad7fa578064cba4c41090350e1a) Importer(815301076,1909f56bfc062723c751e8b465ee728b)  -> (artifact id: '5887f27a91145bb9f836faf5827e363f') in 0.006049 seconds 
========================================================================
Received Import Request.
  Time since last request: 0.061818 seconds.
  path: Assets/Scenes/關卡4 下山/NavMesh.asset
  artifactKey: Guid(1ca40159343a0ea45a5b725d9bba425e) Importer(815301076,1909f56bfc062723c751e8b465ee728b)
Start importing Assets/Scenes/關卡4 下山/NavMesh.asset using Guid(1ca40159343a0ea45a5b725d9bba425e) Importer(815301076,1909f56bfc062723c751e8b465ee728b)  -> (artifact id: '9d783c3a4119dc91e690a9930452678f') in 0.007367 seconds 
========================================================================
Received Import Request.
  Time since last request: 2.938887 seconds.
  path: Assets/Scenes/S3_Tree.unity
  artifactKey: Guid(53c8a8e7af6591d46ae72099a82c8354) Importer(815301076,1909f56bfc062723c751e8b465ee728b)
Start importing Assets/Scenes/S3_Tree.unity using Guid(53c8a8e7af6591d46ae72099a82c8354) Importer(815301076,1909f56bfc062723c751e8b465ee728b)  -> (artifact id: '1213900160056808a28b3e4bf7754b68') in 0.006839 seconds 
========================================================================
Received Import Request.
  Time since last request: 0.821801 seconds.
  path: Assets/Scenes/UI.unity
  artifactKey: Guid(9fc0d4010bbf28b4594072e72b8655ab) Importer(815301076,1909f56bfc062723c751e8b465ee728b)
Start importing Assets/Scenes/UI.unity using Guid(9fc0d4010bbf28b4594072e72b8655ab) Importer(815301076,1909f56bfc062723c751e8b465ee728b)  -> (artifact id: 'beabc1368f7600c9d44638492e8d9047') in 0.014938 seconds 
========================================================================
Received Import Request.
  Time since last request: 205.737081 seconds.
  path: Assets/Scenes/首頁.unity
  artifactKey: Guid(9fb980dc84c43384a8183a485703a585) Importer(815301076,1909f56bfc062723c751e8b465ee728b)
Start importing Assets/Scenes/首頁.unity using Guid(9fb980dc84c43384a8183a485703a585) Importer(815301076,1909f56bfc062723c751e8b465ee728b)  -> (artifact id: '4526eb564f84f9ebb1dbdee9fbc43bb2') in 0.008370 seconds 
========================================================================
Received Import Request.
  Time since last request: 84.499574 seconds.
  path: Assets/icon/主頁_CG回放_3.png
  artifactKey: Guid(3000bb200f9175b4bace7cf4213a78ee) Importer(815301076,1909f56bfc062723c751e8b465ee728b)
Start importing Assets/icon/主頁_CG回放_3.png using Guid(3000bb200f9175b4bace7cf4213a78ee) Importer(815301076,1909f56bfc062723c751e8b465ee728b)  -> (artifact id: '69ff81d132caf642bfba8b9d17a8c5ed') in 0.016093 seconds 
========================================================================
Received Import Request.
  Time since last request: 42.092460 seconds.
  path: Assets/icon
  artifactKey: Guid(8f599851e77eceb478dbcd1389d52eec) Importer(815301076,1909f56bfc062723c751e8b465ee728b)
Start importing Assets/icon using Guid(8f599851e77eceb478dbcd1389d52eec) Importer(815301076,1909f56bfc062723c751e8b465ee728b)  -> (artifact id: 'efd0c66ae25d7ab9d4703e72ef0b423d') in 0.005924 seconds 
========================================================================
Received Import Request.
  Time since last request: 20.197803 seconds.
  path: Assets/icon/主頁_CG回放_4.png
  artifactKey: Guid(3f0722f832865154f95bca27e002768d) Importer(815301076,1909f56bfc062723c751e8b465ee728b)
Start importing Assets/icon/主頁_CG回放_4.png using Guid(3f0722f832865154f95bca27e002768d) Importer(815301076,1909f56bfc062723c751e8b465ee728b)  -> (artifact id: '0a9fb72e865d4d528afb3b69899e63b1') in 0.017949 seconds 
========================================================================
Received Import Request.
  Time since last request: 129.807182 seconds.
  path: Assets/icon/主頁_CG回放_3.png
  artifactKey: Guid(3000bb200f9175b4bace7cf4213a78ee) Importer(815301076,1909f56bfc062723c751e8b465ee728b)
Start importing Assets/icon/主頁_CG回放_3.png using Guid(3000bb200f9175b4bace7cf4213a78ee) Importer(815301076,1909f56bfc062723c751e8b465ee728b)  -> (artifact id: 'adcaffc3cdf6d6b99d5726187b06fdb3') in 0.017014 seconds 
========================================================================
Received Import Request.
  Time since last request: 252.176026 seconds.
  path: Assets/Scenes/test Scenes.unity
  artifactKey: Guid(f05f12db13fb0c642a72c51373eee794) Importer(815301076,1909f56bfc062723c751e8b465ee728b)
Start importing Assets/Scenes/test Scenes.unity using Guid(f05f12db13fb0c642a72c51373eee794) Importer(815301076,1909f56bfc062723c751e8b465ee728b)  -> (artifact id: 'bace3171c1f8789bf02cedea36d4a3bd') in 0.007436 seconds 
========================================================================
Received Import Request.
  Time since last request: 3.211083 seconds.
  path: Assets/Scenes/關卡3 歸途.unity
  artifactKey: Guid(bb68ec8e1ad851d479e038e34582b11d) Importer(815301076,1909f56bfc062723c751e8b465ee728b)
Start importing Assets/Scenes/關卡3 歸途.unity using Guid(bb68ec8e1ad851d479e038e34582b11d) Importer(815301076,1909f56bfc062723c751e8b465ee728b)  -> (artifact id: '2c3042737a9af7ff96eb5e8076753237') in 0.007405 seconds 
========================================================================
Received Import Request.
  Time since last request: 44.579666 seconds.
  path: Assets/icon/遊戲內_對話框 1.png
  artifactKey: Guid(193a3fccf7b798c4fa5cc905c1f2d863) Importer(815301076,1909f56bfc062723c751e8b465ee728b)
Start importing Assets/icon/遊戲內_對話框 1.png using Guid(193a3fccf7b798c4fa5cc905c1f2d863) Importer(815301076,1909f56bfc062723c751e8b465ee728b)  -> (artifact id: '1d06c82240a24a22a77b23ca6b4c7087') in 0.021185 seconds 
========================================================================
Received Import Request.
  Time since last request: 9.627245 seconds.
  path: Assets/icon/遊戲內_對話框 1.png
  artifactKey: Guid(193a3fccf7b798c4fa5cc905c1f2d863) Importer(815301076,1909f56bfc062723c751e8b465ee728b)
Start importing Assets/icon/遊戲內_對話框 1.png using Guid(193a3fccf7b798c4fa5cc905c1f2d863) Importer(815301076,1909f56bfc062723c751e8b465ee728b)  -> (artifact id: '2fc40fbadb1fd7b3cf6dc73f58890aea') in 0.013212 seconds 
========================================================================
Received Prepare
Registering precompiled user dll's ...
Registered in 0.005039 seconds.
Begin MonoManager ReloadAssembly
Native extension for WindowsStandalone target not found
Native extension for WebGL target not found
Refreshing native plugins compatible for Editor in 0.64 ms, found 5 plugins.
Preloading 0 native plugins for Editor in 0.00 ms.
Mono: successfully reloaded assembly
- Completed reload, in  0.961 seconds
Domain Reload Profiling:
	ReloadAssembly (962ms)
		BeginReloadAssembly (142ms)
			ExecutionOrderSort (0ms)
			DisableScriptedObjects (6ms)
			BackupInstance (0ms)
			ReleaseScriptingObjects (0ms)
			CreateAndSetChildDomain (39ms)
		EndReloadAssembly (760ms)
			LoadAssemblies (106ms)
			RebuildTransferFunctionScriptingTraits (0ms)
			SetupTypeCache (239ms)
			ReleaseScriptCaches (1ms)
			RebuildScriptCaches (35ms)
			SetupLoadedEditorAssemblies (310ms)
				LogAssemblyErrors (0ms)
				InitializePlatformSupportModulesInManaged (5ms)
				SetLoadedEditorAssemblies (0ms)
				RefreshPlugins (1ms)
				BeforeProcessingInitializeOnLoad (51ms)
				ProcessInitializeOnLoadAttributes (239ms)
				ProcessInitializeOnLoadMethodAttributes (7ms)
				AfterProcessingInitializeOnLoad (7ms)
				EditorAssembliesLoaded (0ms)
			ExecutionOrderSort2 (0ms)
			AwakeInstancesAfterBackupRestoration (6ms)
Platform modules already initialized, skipping
Switching build target platform(19) subTarget(0) extendedPlatform(0) -> platform(13) subTarget(537395200) extendedPlatform(0)
Shader 'Custom/AdditiveTintable': fallback shader 'Particles/Additive (Soft)' not found
Refreshing native plugins compatible for Editor in 0.64 ms, found 5 plugins.
Preloading 0 native plugins for Editor in 0.00 ms.
Unloading 2308 Unused Serialized files (Serialized files now loaded: 0)
System memory in use before: 144.2 MB.
System memory in use after: 133.5 MB.

Unloading 80 unused Assets to reduce memory usage. Loaded Objects now: 2822.
Total: 10.235500 ms (FindLiveObjects: 0.256900 ms CreateObjectMapping: 0.124600 ms MarkObjects: 3.082100 ms  DeleteObjects: 6.770800 ms)

AssetImportParameters requested are different than current active one (requested -> active):
  custom:framework-win-MediaFoundation: 216162199b28c13a410421893ffa2e32 -> 
  custom:video-decoder-ogg-theora: a1e56fd34408186e4bbccfd4996cb3dc -> 
  custom:container-muxer-webm: aa71ff27fc2769a1b78a27578f13a17b -> 
  custom:container-demuxer-webm: 4f35f7cbe854078d1ac9338744f61a02 -> 
  custom:container-demuxer-ogg: 62fdf1f143b41e24485cea50d1cbac27 -> 
  custom:video-encoder-webm-vp8: eb34c28f22e8b96e1ab97ce403110664 -> 
  custom:video-codec-MediaFoundation-h265: 746d11721c4dcdbdad8f713fa42b33f4 -> 
  custom:video-decoder-webm-vp8: 9c59270c3fd7afecdb556c50c9e8de78 -> 
  custom:graphics/normal-map-encoding: 01000000000000000000000000000000 -> 02000000000000000000000000000000
  custom:audio-decoder-ogg-vorbis: bf7c407c2cedff20999df2af8eb42d56 -> 
  custom:audio-encoder-webm-vorbis: bf7c407c2cedff20999df2af8eb42d56 -> 
========================================================================
Received Import Request.
  Time since last request: 43.621778 seconds.
  path: Assets/Scenes/關卡3 歸途.unity
  artifactKey: Guid(bb68ec8e1ad851d479e038e34582b11d) Importer(815301076,1909f56bfc062723c751e8b465ee728b)
Start importing Assets/Scenes/關卡3 歸途.unity using Guid(bb68ec8e1ad851d479e038e34582b11d) Importer(815301076,1909f56bfc062723c751e8b465ee728b)  -> (artifact id: '8b7eca04962e2e9560c4e8c3640c8691') in 0.022219 seconds 
========================================================================
Received Import Request.
  Time since last request: 0.666613 seconds.
  path: Assets/Scenes/首頁.unity
  artifactKey: Guid(9fb980dc84c43384a8183a485703a585) Importer(815301076,1909f56bfc062723c751e8b465ee728b)
Start importing Assets/Scenes/首頁.unity using Guid(9fb980dc84c43384a8183a485703a585) Importer(815301076,1909f56bfc062723c751e8b465ee728b)  -> (artifact id: 'c805604d16e6b7174e4f30c278bce217') in 0.004889 seconds 
========================================================================
Received Import Request.
  Time since last request: 72.394195 seconds.
  path: Assets/icon/設定列_拉條鈕 1.png
  artifactKey: Guid(c11c4192e009f41479784eaafe84207a) Importer(815301076,1909f56bfc062723c751e8b465ee728b)
Start importing Assets/icon/設定列_拉條鈕 1.png using Guid(c11c4192e009f41479784eaafe84207a) Importer(815301076,1909f56bfc062723c751e8b465ee728b)  -> (artifact id: '822992190a930d38383957fa0b8b4f15') in 0.026244 seconds 
========================================================================
Received Import Request.
  Time since last request: 3.901037 seconds.
  path: Assets/icon/設定列_拉條鈕 1.png
  artifactKey: Guid(c11c4192e009f41479784eaafe84207a) Importer(815301076,1909f56bfc062723c751e8b465ee728b)
Start importing Assets/icon/設定列_拉條鈕 1.png using Guid(c11c4192e009f41479784eaafe84207a) Importer(815301076,1909f56bfc062723c751e8b465ee728b)  -> (artifact id: 'cd3df7f021cc78b462253b54ad6df3c1') in 0.031033 seconds 
========================================================================
Received Prepare
Registering precompiled user dll's ...
Registered in 0.005850 seconds.
Begin MonoManager ReloadAssembly
Native extension for WindowsStandalone target not found
Native extension for WebGL target not found
Refreshing native plugins compatible for Editor in 0.68 ms, found 5 plugins.
Preloading 0 native plugins for Editor in 0.00 ms.
Mono: successfully reloaded assembly
- Completed reload, in  0.987 seconds
Domain Reload Profiling:
	ReloadAssembly (988ms)
		BeginReloadAssembly (123ms)
			ExecutionOrderSort (0ms)
			DisableScriptedObjects (4ms)
			BackupInstance (0ms)
			ReleaseScriptingObjects (0ms)
			CreateAndSetChildDomain (39ms)
		EndReloadAssembly (808ms)
			LoadAssemblies (100ms)
			RebuildTransferFunctionScriptingTraits (0ms)
			SetupTypeCache (254ms)
			ReleaseScriptCaches (1ms)
			RebuildScriptCaches (37ms)
			SetupLoadedEditorAssemblies (322ms)
				LogAssemblyErrors (0ms)
				InitializePlatformSupportModulesInManaged (4ms)
				SetLoadedEditorAssemblies (0ms)
				RefreshPlugins (1ms)
				BeforeProcessingInitializeOnLoad (54ms)
				ProcessInitializeOnLoadAttributes (246ms)
				ProcessInitializeOnLoadMethodAttributes (8ms)
				AfterProcessingInitializeOnLoad (8ms)
				EditorAssembliesLoaded (0ms)
			ExecutionOrderSort2 (0ms)
			AwakeInstancesAfterBackupRestoration (6ms)
Platform modules already initialized, skipping
Switching build target platform(19) subTarget(0) extendedPlatform(0) -> platform(13) subTarget(537395200) extendedPlatform(0)
Shader 'Custom/AdditiveTintable': fallback shader 'Particles/Additive (Soft)' not found
Refreshing native plugins compatible for Editor in 0.64 ms, found 5 plugins.
Preloading 0 native plugins for Editor in 0.00 ms.
Unloading 2308 Unused Serialized files (Serialized files now loaded: 0)
System memory in use before: 144.3 MB.
System memory in use after: 133.5 MB.

Unloading 80 unused Assets to reduce memory usage. Loaded Objects now: 2826.
Total: 10.988100 ms (FindLiveObjects: 0.241900 ms CreateObjectMapping: 0.115600 ms MarkObjects: 2.890100 ms  DeleteObjects: 7.739500 ms)

AssetImportParameters requested are different than current active one (requested -> active):
  custom:framework-win-MediaFoundation: 216162199b28c13a410421893ffa2e32 -> 
  custom:video-decoder-ogg-theora: a1e56fd34408186e4bbccfd4996cb3dc -> 
  custom:container-muxer-webm: aa71ff27fc2769a1b78a27578f13a17b -> 
  custom:container-demuxer-webm: 4f35f7cbe854078d1ac9338744f61a02 -> 
  custom:container-demuxer-ogg: 62fdf1f143b41e24485cea50d1cbac27 -> 
  custom:video-encoder-webm-vp8: eb34c28f22e8b96e1ab97ce403110664 -> 
  custom:video-codec-MediaFoundation-h265: 746d11721c4dcdbdad8f713fa42b33f4 -> 
  custom:video-decoder-webm-vp8: 9c59270c3fd7afecdb556c50c9e8de78 -> 
  custom:graphics/normal-map-encoding: 01000000000000000000000000000000 -> 02000000000000000000000000000000
  custom:audio-decoder-ogg-vorbis: bf7c407c2cedff20999df2af8eb42d56 -> 
  custom:audio-encoder-webm-vorbis: bf7c407c2cedff20999df2af8eb42d56 -> 
========================================================================
Received Prepare
Registering precompiled user dll's ...
Registered in 0.005002 seconds.
Begin MonoManager ReloadAssembly
Native extension for WindowsStandalone target not found
Native extension for WebGL target not found
Refreshing native plugins compatible for Editor in 0.66 ms, found 5 plugins.
Preloading 0 native plugins for Editor in 0.00 ms.
Mono: successfully reloaded assembly
- Completed reload, in  0.877 seconds
Domain Reload Profiling:
	ReloadAssembly (878ms)
		BeginReloadAssembly (110ms)
			ExecutionOrderSort (0ms)
			DisableScriptedObjects (4ms)
			BackupInstance (0ms)
			ReleaseScriptingObjects (0ms)
			CreateAndSetChildDomain (33ms)
		EndReloadAssembly (713ms)
			LoadAssemblies (94ms)
			RebuildTransferFunctionScriptingTraits (0ms)
			SetupTypeCache (211ms)
			ReleaseScriptCaches (1ms)
			RebuildScriptCaches (31ms)
			SetupLoadedEditorAssemblies (279ms)
				LogAssemblyErrors (0ms)
				InitializePlatformSupportModulesInManaged (5ms)
				SetLoadedEditorAssemblies (0ms)
				RefreshPlugins (1ms)
				BeforeProcessingInitializeOnLoad (51ms)
				ProcessInitializeOnLoadAttributes (207ms)
				ProcessInitializeOnLoadMethodAttributes (7ms)
				AfterProcessingInitializeOnLoad (7ms)
				EditorAssembliesLoaded (1ms)
			ExecutionOrderSort2 (0ms)
			AwakeInstancesAfterBackupRestoration (6ms)
Platform modules already initialized, skipping
Switching build target platform(19) subTarget(0) extendedPlatform(0) -> platform(13) subTarget(537395200) extendedPlatform(0)
Shader 'Custom/AdditiveTintable': fallback shader 'Particles/Additive (Soft)' not found
Refreshing native plugins compatible for Editor in 0.62 ms, found 5 plugins.
Preloading 0 native plugins for Editor in 0.00 ms.
Unloading 2308 Unused Serialized files (Serialized files now loaded: 0)
System memory in use before: 144.5 MB.
System memory in use after: 133.6 MB.

Unloading 80 unused Assets to reduce memory usage. Loaded Objects now: 2828.
Total: 11.265700 ms (FindLiveObjects: 0.232800 ms CreateObjectMapping: 0.102800 ms MarkObjects: 2.845700 ms  DeleteObjects: 8.083500 ms)

AssetImportParameters requested are different than current active one (requested -> active):
  custom:framework-win-MediaFoundation: 216162199b28c13a410421893ffa2e32 -> 
  custom:video-decoder-ogg-theora: a1e56fd34408186e4bbccfd4996cb3dc -> 
  custom:container-muxer-webm: aa71ff27fc2769a1b78a27578f13a17b -> 
  custom:container-demuxer-webm: 4f35f7cbe854078d1ac9338744f61a02 -> 
  custom:container-demuxer-ogg: 62fdf1f143b41e24485cea50d1cbac27 -> 
  custom:video-encoder-webm-vp8: eb34c28f22e8b96e1ab97ce403110664 -> 
  custom:video-codec-MediaFoundation-h265: 746d11721c4dcdbdad8f713fa42b33f4 -> 
  custom:video-decoder-webm-vp8: 9c59270c3fd7afecdb556c50c9e8de78 -> 
  custom:graphics/normal-map-encoding: 01000000000000000000000000000000 -> 02000000000000000000000000000000
  custom:audio-decoder-ogg-vorbis: bf7c407c2cedff20999df2af8eb42d56 -> 
  custom:audio-encoder-webm-vorbis: bf7c407c2cedff20999df2af8eb42d56 -> 
========================================================================
Received Prepare
Registering precompiled user dll's ...
Registered in 0.006414 seconds.
Begin MonoManager ReloadAssembly
Native extension for WindowsStandalone target not found
Native extension for WebGL target not found
Refreshing native plugins compatible for Editor in 0.68 ms, found 5 plugins.
Preloading 0 native plugins for Editor in 0.00 ms.
Mono: successfully reloaded assembly
- Completed reload, in  1.040 seconds
Domain Reload Profiling:
	ReloadAssembly (1043ms)
		BeginReloadAssembly (174ms)
			ExecutionOrderSort (0ms)
			DisableScriptedObjects (11ms)
			BackupInstance (0ms)
			ReleaseScriptingObjects (0ms)
			CreateAndSetChildDomain (72ms)
		EndReloadAssembly (812ms)
			LoadAssemblies (99ms)
			RebuildTransferFunctionScriptingTraits (0ms)
			SetupTypeCache (253ms)
			ReleaseScriptCaches (1ms)
			RebuildScriptCaches (43ms)
			SetupLoadedEditorAssemblies (305ms)
				LogAssemblyErrors (0ms)
				InitializePlatformSupportModulesInManaged (5ms)
				SetLoadedEditorAssemblies (1ms)
				RefreshPlugins (1ms)
				BeforeProcessingInitializeOnLoad (55ms)
				ProcessInitializeOnLoadAttributes (229ms)
				ProcessInitializeOnLoadMethodAttributes (8ms)
				AfterProcessingInitializeOnLoad (7ms)
				EditorAssembliesLoaded (0ms)
			ExecutionOrderSort2 (0ms)
			AwakeInstancesAfterBackupRestoration (6ms)
Platform modules already initialized, skipping
Switching build target platform(19) subTarget(0) extendedPlatform(0) -> platform(13) subTarget(537395200) extendedPlatform(0)
Shader 'Custom/AdditiveTintable': fallback shader 'Particles/Additive (Soft)' not found
Refreshing native plugins compatible for Editor in 0.86 ms, found 5 plugins.
Preloading 0 native plugins for Editor in 0.00 ms.
Unloading 2308 Unused Serialized files (Serialized files now loaded: 0)
System memory in use before: 144.3 MB.
System memory in use after: 133.6 MB.

Unloading 80 unused Assets to reduce memory usage. Loaded Objects now: 2830.
Total: 14.986800 ms (FindLiveObjects: 0.245400 ms CreateObjectMapping: 0.091900 ms MarkObjects: 4.504900 ms  DeleteObjects: 10.142900 ms)

AssetImportParameters requested are different than current active one (requested -> active):
  custom:framework-win-MediaFoundation: 216162199b28c13a410421893ffa2e32 -> 
  custom:video-decoder-ogg-theora: a1e56fd34408186e4bbccfd4996cb3dc -> 
  custom:container-muxer-webm: aa71ff27fc2769a1b78a27578f13a17b -> 
  custom:container-demuxer-webm: 4f35f7cbe854078d1ac9338744f61a02 -> 
  custom:container-demuxer-ogg: 62fdf1f143b41e24485cea50d1cbac27 -> 
  custom:video-encoder-webm-vp8: eb34c28f22e8b96e1ab97ce403110664 -> 
  custom:video-codec-MediaFoundation-h265: 746d11721c4dcdbdad8f713fa42b33f4 -> 
  custom:video-decoder-webm-vp8: 9c59270c3fd7afecdb556c50c9e8de78 -> 
  custom:graphics/normal-map-encoding: 01000000000000000000000000000000 -> 02000000000000000000000000000000
  custom:audio-decoder-ogg-vorbis: bf7c407c2cedff20999df2af8eb42d56 -> 
  custom:audio-encoder-webm-vorbis: bf7c407c2cedff20999df2af8eb42d56 -> 
AssetImportWorkerClient::OnTransportError - code=2 error=End of file
