Using pre-set license
Built from '2020.3/staging' branch; Version is '2020.3.30f1 (1fb1bf06830e) revision 2077119'; Using compiler version '192528614'; Build Type 'Release'
OS: 'Windows 10  (10.0.19042) 64bit Core' Language: 'en' Physical Memory: 8034 MB
BatchMode: 1, IsHumanControllingUs: 0, StartBugReporterOnCrash: 0, Is64bit: 1, IsPro: 0

COMMAND LINE ARGUMENTS:
D:\2020.3.30f1\Editor\Unity.exe
-adb2
-batchMode
-noUpm
-name
AssetImportWorker8
-projectPath
D:/Unity/Stays/Stays
-logFile
Logs/AssetImportWorker8.log
-srvPort
57504
Successfully changed project path to: D:/Unity/Stays/Stays
D:/Unity/Stays/Stays
Using Asset Import Pipeline V2.
Refreshing native plugins compatible for Editor in 42.86 ms, found 5 plugins.
Preloading 0 native plugins for Editor in 0.00 ms.
Initialize engine version: 2020.3.30f1 (1fb1bf06830e)
[Subsystems] Discovering subsystems at path D:/2020.3.30f1/Editor/Data/Resources/UnitySubsystems
[Subsystems] Discovering subsystems at path D:/Unity/Stays/Stays/Assets
GfxDevice: creating device client; threaded=0
Direct3D:
    Version:  Direct3D 11.0 [level 11.1]
    Renderer: NVIDIA GeForce GTX 1050 (ID=0x1c91)
    Vendor:   
    VRAM:     2996 MB
    Driver:   30.0.15.1165
Initialize mono
Mono path[0] = 'D:/2020.3.30f1/Editor/Data/Managed'
Mono path[1] = 'D:/2020.3.30f1/Editor/Data/MonoBleedingEdge/lib/mono/unityjit'
Mono config path = 'D:/2020.3.30f1/Editor/Data/MonoBleedingEdge/etc'
Using monoOptions --debugger-agent=transport=dt_socket,embedding=1,server=y,suspend=n,address=127.0.0.1:56948
Begin MonoManager ReloadAssembly
Registering precompiled unity dll's ...
Register platform support module: D:/2020.3.30f1/Editor/Data/PlaybackEngines/WebGLSupport/UnityEditor.WebGL.Extensions.dll
Register platform support module: D:/2020.3.30f1/Editor/Data/PlaybackEngines/WindowsStandaloneSupport/UnityEditor.WindowsStandalone.Extensions.dll
Registered in 0.001229 seconds.
Native extension for WindowsStandalone target not found
Native extension for WebGL target not found
Refreshing native plugins compatible for Editor in 37.39 ms, found 5 plugins.
Preloading 0 native plugins for Editor in 0.00 ms.
Mono: successfully reloaded assembly
- Completed reload, in  0.593 seconds
Domain Reload Profiling:
	ReloadAssembly (593ms)
		BeginReloadAssembly (106ms)
			ExecutionOrderSort (0ms)
			DisableScriptedObjects (0ms)
			BackupInstance (0ms)
			ReleaseScriptingObjects (0ms)
			CreateAndSetChildDomain (1ms)
		EndReloadAssembly (430ms)
			LoadAssemblies (106ms)
			RebuildTransferFunctionScriptingTraits (0ms)
			SetupTypeCache (157ms)
			ReleaseScriptCaches (0ms)
			RebuildScriptCaches (29ms)
			SetupLoadedEditorAssemblies (149ms)
				LogAssemblyErrors (0ms)
				InitializePlatformSupportModulesInManaged (4ms)
				SetLoadedEditorAssemblies (0ms)
				RefreshPlugins (37ms)
				BeforeProcessingInitializeOnLoad (14ms)
				ProcessInitializeOnLoadAttributes (67ms)
				ProcessInitializeOnLoadMethodAttributes (25ms)
				AfterProcessingInitializeOnLoad (0ms)
				EditorAssembliesLoaded (0ms)
			ExecutionOrderSort2 (0ms)
			AwakeInstancesAfterBackupRestoration (0ms)
Platform modules already initialized, skipping
Registering precompiled user dll's ...
Registered in 0.002525 seconds.
Begin MonoManager ReloadAssembly
Native extension for WindowsStandalone target not found
Native extension for WebGL target not found
Refreshing native plugins compatible for Editor in 0.52 ms, found 5 plugins.
Preloading 0 native plugins for Editor in 0.00 ms.
Mono: successfully reloaded assembly
- Completed reload, in  9.678 seconds
Domain Reload Profiling:
	ReloadAssembly (9701ms)
		BeginReloadAssembly (711ms)
			ExecutionOrderSort (0ms)
			DisableScriptedObjects (5ms)
			BackupInstance (0ms)
			ReleaseScriptingObjects (0ms)
			CreateAndSetChildDomain (160ms)
		EndReloadAssembly (8941ms)
			LoadAssemblies (3406ms)
			RebuildTransferFunctionScriptingTraits (0ms)
			SetupTypeCache (2495ms)
			ReleaseScriptCaches (0ms)
			RebuildScriptCaches (40ms)
			SetupLoadedEditorAssemblies (2890ms)
				LogAssemblyErrors (0ms)
				InitializePlatformSupportModulesInManaged (4ms)
				SetLoadedEditorAssemblies (0ms)
				RefreshPlugins (1ms)
				BeforeProcessingInitializeOnLoad (251ms)
				ProcessInitializeOnLoadAttributes (1966ms)
				ProcessInitializeOnLoadMethodAttributes (663ms)
				AfterProcessingInitializeOnLoad (4ms)
				EditorAssembliesLoaded (0ms)
			ExecutionOrderSort2 (0ms)
			AwakeInstancesAfterBackupRestoration (10ms)
Platform modules already initialized, skipping
========================================================================
Worker process is ready to serve import requests
Launched and connected shader compiler UnityShaderCompiler.exe after 0.68 seconds
Refreshing native plugins compatible for Editor in 0.47 ms, found 5 plugins.
Preloading 0 native plugins for Editor in 0.00 ms.
Unloading 1883 Unused Serialized files (Serialized files now loaded: 0)
System memory in use before: 134.0 MB.
System memory in use after: 122.9 MB.

Unloading 83 unused Assets to reduce memory usage. Loaded Objects now: 2278.
Total: 10.378200 ms (FindLiveObjects: 0.230200 ms CreateObjectMapping: 0.057100 ms MarkObjects: 2.333500 ms  DeleteObjects: 7.756600 ms)

AssetImportParameters requested are different than current active one (requested -> active):
  custom:framework-win-MediaFoundation: 216162199b28c13a410421893ffa2e32 -> 
  custom:video-decoder-ogg-theora: a1e56fd34408186e4bbccfd4996cb3dc -> 
  custom:container-muxer-webm: aa71ff27fc2769a1b78a27578f13a17b -> 
  custom:container-demuxer-webm: 4f35f7cbe854078d1ac9338744f61a02 -> 
  custom:container-demuxer-ogg: 62fdf1f143b41e24485cea50d1cbac27 -> 
  custom:video-encoder-webm-vp8: eb34c28f22e8b96e1ab97ce403110664 -> 
  custom:video-decoder-webm-vp8: 9c59270c3fd7afecdb556c50c9e8de78 -> 
  custom:audio-decoder-ogg-vorbis: bf7c407c2cedff20999df2af8eb42d56 -> 
  custom:audio-encoder-webm-vorbis: bf7c407c2cedff20999df2af8eb42d56 -> 
========================================================================
Received Import Request.
  path: Assets/Scenes/關卡5 回家.unity
  artifactKey: Guid(7253c3dcd05eb014db88f1f2036febef) Importer(815301076,1909f56bfc062723c751e8b465ee728b)
Start importing Assets/Scenes/關卡5 回家.unity using Guid(7253c3dcd05eb014db88f1f2036febef) Importer(815301076,1909f56bfc062723c751e8b465ee728b)  -> (artifact id: '115bf45289ad17d14da8e0b9933a18e7') in 0.049906 seconds 
========================================================================
Received Import Request.
  Time since last request: 260.567018 seconds.
  path: Assets/素材/Unity-Chan_角色/Texture/accessory/Accessory_01_00.png
  artifactKey: Guid(bcfa9de0f469d2442b1b31265f447d4e) Importer(815301076,1909f56bfc062723c751e8b465ee728b)
Start importing Assets/素材/Unity-Chan_角色/Texture/accessory/Accessory_01_00.png using Guid(bcfa9de0f469d2442b1b31265f447d4e) Importer(815301076,1909f56bfc062723c751e8b465ee728b)  -> (artifact id: '20077947c66069ce0dbb4749ffd02f26') in 1.018337 seconds 
========================================================================
Received Import Request.
  Time since last request: 0.001203 seconds.
  path: Assets/素材/樹/Textures/Ambient Occlusion Map from Mesh DefaultMaterial.png
  artifactKey: Guid(89b9dec6bfb273e459b0ea3e4bb41768) Importer(815301076,1909f56bfc062723c751e8b465ee728b)
Start importing Assets/素材/樹/Textures/Ambient Occlusion Map from Mesh DefaultMaterial.png using Guid(89b9dec6bfb273e459b0ea3e4bb41768) Importer(815301076,1909f56bfc062723c751e8b465ee728b)  -> (artifact id: '060b9630a5c9bda4a031fa95a1ef2424') in 0.141424 seconds 
========================================================================
Received Import Request.
  Time since last request: 0.000451 seconds.
  path: Assets/素材/Elf_角色/FBX/Elf/Textures/elf weapon lv3.tga
  artifactKey: Guid(78a2be05f8f11ef4dbdac142468857f3) Importer(815301076,1909f56bfc062723c751e8b465ee728b)
Start importing Assets/素材/Elf_角色/FBX/Elf/Textures/elf weapon lv3.tga using Guid(78a2be05f8f11ef4dbdac142468857f3) Importer(815301076,1909f56bfc062723c751e8b465ee728b)  -> (artifact id: '16a33f7daaeb322f2507f88d8d0a0a0d') in 0.644149 seconds 
========================================================================
Received Import Request.
  Time since last request: 0.000509 seconds.
  path: Assets/素材/Unity-Chan_角色/Texture/Eye/Eye_00_00.png
  artifactKey: Guid(3f38c94fed55ebb4eae2ad4b36f3e266) Importer(815301076,1909f56bfc062723c751e8b465ee728b)
Start importing Assets/素材/Unity-Chan_角色/Texture/Eye/Eye_00_00.png using Guid(3f38c94fed55ebb4eae2ad4b36f3e266) Importer(815301076,1909f56bfc062723c751e8b465ee728b)  -> (artifact id: 'c60977455a10b3f2703bc28219174d48') in 0.273153 seconds 
========================================================================
Received Import Request.
  Time since last request: 0.000355 seconds.
  path: Assets/素材/Elf_角色/FBX/Elf/Textures/elf weapon lv1.tga
  artifactKey: Guid(afc8ba87e6995c24e8b954abcff42680) Importer(815301076,1909f56bfc062723c751e8b465ee728b)
Start importing Assets/素材/Elf_角色/FBX/Elf/Textures/elf weapon lv1.tga using Guid(afc8ba87e6995c24e8b954abcff42680) Importer(815301076,1909f56bfc062723c751e8b465ee728b)  -> (artifact id: '54af53ec004acf6ab05af04a0e1a6675') in 0.110234 seconds 
========================================================================
Received Import Request.
  Time since last request: 0.000362 seconds.
  path: Assets/素材/Unity-Chan_角色/Texture/Costume/Costume_02_00.png
  artifactKey: Guid(8c6b84bd6176b124fa1db4c4e8bc509b) Importer(815301076,1909f56bfc062723c751e8b465ee728b)
Start importing Assets/素材/Unity-Chan_角色/Texture/Costume/Costume_02_00.png using Guid(8c6b84bd6176b124fa1db4c4e8bc509b) Importer(815301076,1909f56bfc062723c751e8b465ee728b)  -> (artifact id: 'cc10b39d4a8eceaf4cbf3e6ec61d1ca2') in 0.060417 seconds 
========================================================================
Received Import Request.
  Time since last request: 0.000340 seconds.
  path: Assets/素材/Elf_角色/FBX/Elf/Textures/elf weapon lv2.tga
  artifactKey: Guid(93b495251949d9d419be467071eadaa8) Importer(815301076,1909f56bfc062723c751e8b465ee728b)
Start importing Assets/素材/Elf_角色/FBX/Elf/Textures/elf weapon lv2.tga using Guid(93b495251949d9d419be467071eadaa8) Importer(815301076,1909f56bfc062723c751e8b465ee728b)  -> (artifact id: 'c3cecd29046fa02d79263a31fe43a642') in 0.099428 seconds 
========================================================================
Received Import Request.
  Time since last request: 1509.651667 seconds.
  path: Assets/素材/地板/Prefabs/Material 0
  artifactKey: Guid(60d029f9c87383344bf7f660ee3f812b) Importer(815301076,1909f56bfc062723c751e8b465ee728b)
Start importing Assets/素材/地板/Prefabs/Material 0 using Guid(60d029f9c87383344bf7f660ee3f812b) Importer(815301076,1909f56bfc062723c751e8b465ee728b)  -> (artifact id: '2938cd85c417a5f341a90c00c135efb7') in 0.002637 seconds 
========================================================================
Received Import Request.
  Time since last request: 10.001212 seconds.
  path: Assets/素材/地板/Prefabs/Material 1
  artifactKey: Guid(d46506fd6f7031540b26aed10fc783dc) Importer(815301076,1909f56bfc062723c751e8b465ee728b)
Start importing Assets/素材/地板/Prefabs/Material 1 using Guid(d46506fd6f7031540b26aed10fc783dc) Importer(815301076,1909f56bfc062723c751e8b465ee728b)  -> (artifact id: '53bd8ee2febc32d710fa363f0fb5b22a') in 0.024540 seconds 
========================================================================
Received Import Request.
  Time since last request: 2.086276 seconds.
  path: Assets/素材/地板/Prefabs/Material 1/BigStone 1.prefab
  artifactKey: Guid(732d7ec0007cad446bea6c7d9ec74ffd) Importer(815301076,1909f56bfc062723c751e8b465ee728b)
Start importing Assets/素材/地板/Prefabs/Material 1/BigStone 1.prefab using Guid(732d7ec0007cad446bea6c7d9ec74ffd) Importer(815301076,1909f56bfc062723c751e8b465ee728b)  -> (artifact id: '35ebeb566121150cadf7e2f5c6745fb9') in 0.486404 seconds 
========================================================================
Received Import Request.
  Time since last request: 1.307680 seconds.
  path: Assets/素材/地板/Prefabs/Material 1/BigStone 2.prefab
  artifactKey: Guid(7d3b438f2cc47e944a9e5203e355d3ef) Importer(815301076,1909f56bfc062723c751e8b465ee728b)
Start importing Assets/素材/地板/Prefabs/Material 1/BigStone 2.prefab using Guid(7d3b438f2cc47e944a9e5203e355d3ef) Importer(815301076,1909f56bfc062723c751e8b465ee728b)  -> (artifact id: 'e02c4b5d7456613ada11373911c406f3') in 0.013390 seconds 
========================================================================
Received Import Request.
  Time since last request: 0.919492 seconds.
  path: Assets/素材/地板/Prefabs/Material 1/Branch 1.prefab
  artifactKey: Guid(fa9faab0d3696534c8c0c5dc263af4c2) Importer(815301076,1909f56bfc062723c751e8b465ee728b)
Start importing Assets/素材/地板/Prefabs/Material 1/Branch 1.prefab using Guid(fa9faab0d3696534c8c0c5dc263af4c2) Importer(815301076,1909f56bfc062723c751e8b465ee728b)  -> (artifact id: '4a636396eb74478b51b35e29bb28eee6') in 0.012138 seconds 
========================================================================
Received Import Request.
  Time since last request: 0.974272 seconds.
  path: Assets/素材/地板/Prefabs/Material 1/Bridge.prefab
  artifactKey: Guid(1d1058df629c5c4408231811c948d198) Importer(815301076,1909f56bfc062723c751e8b465ee728b)
Start importing Assets/素材/地板/Prefabs/Material 1/Bridge.prefab using Guid(1d1058df629c5c4408231811c948d198) Importer(815301076,1909f56bfc062723c751e8b465ee728b)  -> (artifact id: 'a2ab56762758755cb9ee56ced0e44406') in 0.012561 seconds 
========================================================================
Received Import Request.
  Time since last request: 0.875860 seconds.
  path: Assets/素材/地板/Prefabs/Material 1/Coin.prefab
  artifactKey: Guid(a09eac4f92cd6af48ba81019c527810b) Importer(815301076,1909f56bfc062723c751e8b465ee728b)
Start importing Assets/素材/地板/Prefabs/Material 1/Coin.prefab using Guid(a09eac4f92cd6af48ba81019c527810b) Importer(815301076,1909f56bfc062723c751e8b465ee728b)  -> (artifact id: '502db442b4536ded526b9702c15f1c20') in 0.012880 seconds 
========================================================================
Received Import Request.
  Time since last request: 1.432094 seconds.
  path: Assets/素材/地板/Prefabs/Material 1/LittleStone 2.prefab
  artifactKey: Guid(947f5531ee1fa7344947a3a6ef091db5) Importer(815301076,1909f56bfc062723c751e8b465ee728b)
Start importing Assets/素材/地板/Prefabs/Material 1/LittleStone 2.prefab using Guid(947f5531ee1fa7344947a3a6ef091db5) Importer(815301076,1909f56bfc062723c751e8b465ee728b)  -> (artifact id: '26e55d6047e7e2fad8843e17bb59804a') in 0.010076 seconds 
========================================================================
Received Import Request.
  Time since last request: 0.778095 seconds.
  path: Assets/素材/地板/Prefabs/Material 1/LittleStone 1.prefab
  artifactKey: Guid(1d1bf56b45e7c364494b81fb3f55c57c) Importer(815301076,1909f56bfc062723c751e8b465ee728b)
Start importing Assets/素材/地板/Prefabs/Material 1/LittleStone 1.prefab using Guid(1d1bf56b45e7c364494b81fb3f55c57c) Importer(815301076,1909f56bfc062723c751e8b465ee728b)  -> (artifact id: '42698103aaa4ba729c48811f7bfe23dd') in 0.010819 seconds 
========================================================================
Received Import Request.
  Time since last request: 1.212486 seconds.
  path: Assets/素材/地板/Prefabs/Material 1/Tile Decor.prefab
  artifactKey: Guid(beddc5e4d12b6024f90228d377522ea3) Importer(815301076,1909f56bfc062723c751e8b465ee728b)
Start importing Assets/素材/地板/Prefabs/Material 1/Tile Decor.prefab using Guid(beddc5e4d12b6024f90228d377522ea3) Importer(815301076,1909f56bfc062723c751e8b465ee728b)  -> (artifact id: '1ee89ac5e2451e0c7906e4d9848fc644') in 0.010555 seconds 
========================================================================
Received Import Request.
  Time since last request: 0.694681 seconds.
  path: Assets/素材/地板/Prefabs/Material 1/Tile Bot 1.prefab
  artifactKey: Guid(48fd3a8d9df976848b807f3bdff3a63e) Importer(815301076,1909f56bfc062723c751e8b465ee728b)
Start importing Assets/素材/地板/Prefabs/Material 1/Tile Bot 1.prefab using Guid(48fd3a8d9df976848b807f3bdff3a63e) Importer(815301076,1909f56bfc062723c751e8b465ee728b)  -> (artifact id: '7a06770cf540a60d1608399306cfd41a') in 0.024142 seconds 
========================================================================
Received Import Request.
  Time since last request: 1.934364 seconds.
  path: Assets/素材/地板/Prefabs/Material 1/Tile Bot 2.prefab
  artifactKey: Guid(913953e878c063b4a9ad2ff0d36ad279) Importer(815301076,1909f56bfc062723c751e8b465ee728b)
Start importing Assets/素材/地板/Prefabs/Material 1/Tile Bot 2.prefab using Guid(913953e878c063b4a9ad2ff0d36ad279) Importer(815301076,1909f56bfc062723c751e8b465ee728b)  -> (artifact id: 'b240fc93edd049e075df1792be2efc5a') in 0.009121 seconds 
========================================================================
Received Import Request.
  Time since last request: 5.851268 seconds.
  path: Assets/素材/地板/Prefabs/Material 2/Tile Decor.prefab
  artifactKey: Guid(cdb217eb0f1a6114c9accdc155fcea5f) Importer(815301076,1909f56bfc062723c751e8b465ee728b)
Start importing Assets/素材/地板/Prefabs/Material 2/Tile Decor.prefab using Guid(cdb217eb0f1a6114c9accdc155fcea5f) Importer(815301076,1909f56bfc062723c751e8b465ee728b)  -> (artifact id: 'b4a7eaf19e2c74d78d23bd6cec242dc0') in 0.016904 seconds 
========================================================================
Received Import Request.
  Time since last request: 0.631312 seconds.
  path: Assets/素材/地板/Prefabs/Material 2/Tile Top 1.prefab
  artifactKey: Guid(f2f70d2079ba0cd47a0cb6c83c79671d) Importer(815301076,1909f56bfc062723c751e8b465ee728b)
Start importing Assets/素材/地板/Prefabs/Material 2/Tile Top 1.prefab using Guid(f2f70d2079ba0cd47a0cb6c83c79671d) Importer(815301076,1909f56bfc062723c751e8b465ee728b)  -> (artifact id: '01ff5eb80b78df4969401046043f4c44') in 0.008939 seconds 
========================================================================
Received Import Request.
  Time since last request: 1.715954 seconds.
  path: Assets/素材/地板/Prefabs/Material 2/Tile Bot 1.prefab
  artifactKey: Guid(200459a926f45914ca36855e633befda) Importer(815301076,1909f56bfc062723c751e8b465ee728b)
Start importing Assets/素材/地板/Prefabs/Material 2/Tile Bot 1.prefab using Guid(200459a926f45914ca36855e633befda) Importer(815301076,1909f56bfc062723c751e8b465ee728b)  -> (artifact id: '01995a4e706b2145fd0501740a8708ff') in 0.008937 seconds 
========================================================================
Received Import Request.
  Time since last request: 41.800511 seconds.
  path: Assets/素材/地板/Prefabs/Material 0/Tile Decor.prefab
  artifactKey: Guid(e5a6cf8986afb0543949930ead35cbf9) Importer(815301076,1909f56bfc062723c751e8b465ee728b)
Start importing Assets/素材/地板/Prefabs/Material 0/Tile Decor.prefab using Guid(e5a6cf8986afb0543949930ead35cbf9) Importer(815301076,1909f56bfc062723c751e8b465ee728b)  -> (artifact id: 'b2c2e4d7430f5916f0013324277e2d83') in 0.011450 seconds 
========================================================================
Received Import Request.
  Time since last request: 0.726760 seconds.
  path: Assets/素材/地板/Prefabs/Material 0/Tile Top 1.prefab
  artifactKey: Guid(845ad39e51a0a464a864825f760d85e0) Importer(815301076,1909f56bfc062723c751e8b465ee728b)
Start importing Assets/素材/地板/Prefabs/Material 0/Tile Top 1.prefab using Guid(845ad39e51a0a464a864825f760d85e0) Importer(815301076,1909f56bfc062723c751e8b465ee728b)  -> (artifact id: 'f54385d617d1c4d6ac988ecd3e7f63cf') in 0.011345 seconds 
========================================================================
Received Import Request.
  Time since last request: 18.941068 seconds.
  path: Assets/素材/地板/Prefabs/Material 3
  artifactKey: Guid(b33332bb52310f944adbdb62d0a86015) Importer(815301076,1909f56bfc062723c751e8b465ee728b)
Start importing Assets/素材/地板/Prefabs/Material 3 using Guid(b33332bb52310f944adbdb62d0a86015) Importer(815301076,1909f56bfc062723c751e8b465ee728b)  -> (artifact id: '61c594bf02a4596c6ea07d6134457c5b') in 0.002419 seconds 
========================================================================
Received Import Request.
  Time since last request: 764.293042 seconds.
  path: Assets/素材/地板/Prefabs/Material 1/Stones Tile.prefab
  artifactKey: Guid(8dfa86d8ff455424a81645814ec9e322) Importer(815301076,1909f56bfc062723c751e8b465ee728b)
Start importing Assets/素材/地板/Prefabs/Material 1/Stones Tile.prefab using Guid(8dfa86d8ff455424a81645814ec9e322) Importer(815301076,1909f56bfc062723c751e8b465ee728b)  -> (artifact id: 'f3f6a0e1119929b72e317e58ac08715f') in 0.011048 seconds 
========================================================================
Received Import Request.
  Time since last request: 224.552717 seconds.
  path: Assets/素材/地板/Prefabs/Material 0/BigStone 1.prefab
  artifactKey: Guid(bff151e1d30ee48468a63710c35596a9) Importer(815301076,1909f56bfc062723c751e8b465ee728b)
Start importing Assets/素材/地板/Prefabs/Material 0/BigStone 1.prefab using Guid(bff151e1d30ee48468a63710c35596a9) Importer(815301076,1909f56bfc062723c751e8b465ee728b)  -> (artifact id: 'd649e282d1b41ee1af6e8e4572d37714') in 0.018879 seconds 
========================================================================
Received Import Request.
  Time since last request: 0.000329 seconds.
  path: Assets/素材/地板/Prefabs/Material 0/Stones Tile.prefab
  artifactKey: Guid(72388d1a9d1285246a965299508d6b7d) Importer(815301076,1909f56bfc062723c751e8b465ee728b)
Start importing Assets/素材/地板/Prefabs/Material 0/Stones Tile.prefab using Guid(72388d1a9d1285246a965299508d6b7d) Importer(815301076,1909f56bfc062723c751e8b465ee728b)  -> (artifact id: '83503406e96331c3125a88416fde3e6a') in 0.015468 seconds 
========================================================================
Received Import Request.
  Time since last request: 0.000402 seconds.
  path: Assets/素材/地板/Prefabs/Material 0/LittleStone 3.prefab
  artifactKey: Guid(4f2bfcd4d48b1304f87f0eb55c22b2ad) Importer(815301076,1909f56bfc062723c751e8b465ee728b)
Start importing Assets/素材/地板/Prefabs/Material 0/LittleStone 3.prefab using Guid(4f2bfcd4d48b1304f87f0eb55c22b2ad) Importer(815301076,1909f56bfc062723c751e8b465ee728b)  -> (artifact id: '04225e639c438a5a75bc33a9135df517') in 0.019752 seconds 
========================================================================
Received Import Request.
  Time since last request: 0.000526 seconds.
  path: Assets/素材/地板/Prefabs/Material 0/LittleStone 2.prefab
  artifactKey: Guid(1fa087e8b03d6da4d8229fd533a41ce7) Importer(815301076,1909f56bfc062723c751e8b465ee728b)
Start importing Assets/素材/地板/Prefabs/Material 0/LittleStone 2.prefab using Guid(1fa087e8b03d6da4d8229fd533a41ce7) Importer(815301076,1909f56bfc062723c751e8b465ee728b)  -> (artifact id: '542dd79236e0380adfc3f7fd2b12b232') in 0.011112 seconds 
========================================================================
Received Import Request.
  Time since last request: 0.000491 seconds.
  path: Assets/素材/地板/Prefabs/Material 0/Tile Bot 2.prefab
  artifactKey: Guid(b24af410a59a0cc4c8f01f3ad358b943) Importer(815301076,1909f56bfc062723c751e8b465ee728b)
Start importing Assets/素材/地板/Prefabs/Material 0/Tile Bot 2.prefab using Guid(b24af410a59a0cc4c8f01f3ad358b943) Importer(815301076,1909f56bfc062723c751e8b465ee728b)  -> (artifact id: '3d0c2fdae96ebc3f78c9c41010b886cc') in 0.038535 seconds 
========================================================================
Received Import Request.
  Time since last request: 0.000274 seconds.
  path: Assets/素材/地板/Prefabs/Material 0/Tile Bot 1.prefab
  artifactKey: Guid(162d2f8f57192a14ab9278fc56faf57e) Importer(815301076,1909f56bfc062723c751e8b465ee728b)
Start importing Assets/素材/地板/Prefabs/Material 0/Tile Bot 1.prefab using Guid(162d2f8f57192a14ab9278fc56faf57e) Importer(815301076,1909f56bfc062723c751e8b465ee728b)  -> (artifact id: 'cbbe7cfed1b4e3fc08dd5e3988744940') in 0.019126 seconds 
========================================================================
Received Import Request.
  Time since last request: 0.000602 seconds.
  path: Assets/素材/地板/Prefabs/Material 0/Fence.prefab
  artifactKey: Guid(c4c0a33a13be57f498b5218097d89b92) Importer(815301076,1909f56bfc062723c751e8b465ee728b)
Start importing Assets/素材/地板/Prefabs/Material 0/Fence.prefab using Guid(c4c0a33a13be57f498b5218097d89b92) Importer(815301076,1909f56bfc062723c751e8b465ee728b)  -> (artifact id: '595e30be14e700a3d830c76a7bccf11e') in 0.020988 seconds 
========================================================================
Received Import Request.
  Time since last request: 0.000406 seconds.
  path: Assets/素材/地板/Prefabs/Material 0/Bush 1.prefab
  artifactKey: Guid(404505804505bc346bd277b3ff0dc1e4) Importer(815301076,1909f56bfc062723c751e8b465ee728b)
Start importing Assets/素材/地板/Prefabs/Material 0/Bush 1.prefab using Guid(404505804505bc346bd277b3ff0dc1e4) Importer(815301076,1909f56bfc062723c751e8b465ee728b)  -> (artifact id: 'bebab2d98cdf34332a56519fbab117fb') in 0.032465 seconds 
========================================================================
Received Import Request.
  Time since last request: 0.000552 seconds.
  path: Assets/素材/地板/Prefabs/Material 0/Ground Tile.prefab
  artifactKey: Guid(900e6f9432fab1f4e86d7e9e63e57f0c) Importer(815301076,1909f56bfc062723c751e8b465ee728b)
Start importing Assets/素材/地板/Prefabs/Material 0/Ground Tile.prefab using Guid(900e6f9432fab1f4e86d7e9e63e57f0c) Importer(815301076,1909f56bfc062723c751e8b465ee728b)  -> (artifact id: '7d724a47d7b5803e418fb748e2681502') in 0.015232 seconds 
========================================================================
Received Import Request.
  Time since last request: 0.000398 seconds.
  path: Assets/素材/地板/Prefabs/Material 0/Tile Top 2.prefab
  artifactKey: Guid(f928cfed68cd2fa41a97871b63b7d54c) Importer(815301076,1909f56bfc062723c751e8b465ee728b)
Start importing Assets/素材/地板/Prefabs/Material 0/Tile Top 2.prefab using Guid(f928cfed68cd2fa41a97871b63b7d54c) Importer(815301076,1909f56bfc062723c751e8b465ee728b)  -> (artifact id: '4fbb0f0a56ab82a331317f2a096833e4') in 0.015361 seconds 
========================================================================
Received Import Request.
  Time since last request: 0.000380 seconds.
  path: Assets/素材/地板/Prefabs/Material 0/LittleStone 1.prefab
  artifactKey: Guid(5119d5f0634b90c4fa893861654e81b3) Importer(815301076,1909f56bfc062723c751e8b465ee728b)
Start importing Assets/素材/地板/Prefabs/Material 0/LittleStone 1.prefab using Guid(5119d5f0634b90c4fa893861654e81b3) Importer(815301076,1909f56bfc062723c751e8b465ee728b)  -> (artifact id: '7e80455f553dddbed68b3df32443f58b') in 0.012497 seconds 
========================================================================
Received Import Request.
  Time since last request: 0.000531 seconds.
  path: Assets/素材/地板/Prefabs/Material 0/Bush 2.prefab
  artifactKey: Guid(25d4358d22a714442ae3c55bec1bbf3f) Importer(815301076,1909f56bfc062723c751e8b465ee728b)
Start importing Assets/素材/地板/Prefabs/Material 0/Bush 2.prefab using Guid(25d4358d22a714442ae3c55bec1bbf3f) Importer(815301076,1909f56bfc062723c751e8b465ee728b)  -> (artifact id: '9526cef7d4b0ae9b37f51b257a4e833c') in 0.013678 seconds 
========================================================================
Received Import Request.
  Time since last request: 0.000369 seconds.
  path: Assets/素材/地板/Prefabs/Material 0/Tree 2.prefab
  artifactKey: Guid(b84103262dbd8cd48a0d67046bee6366) Importer(815301076,1909f56bfc062723c751e8b465ee728b)
Start importing Assets/素材/地板/Prefabs/Material 0/Tree 2.prefab using Guid(b84103262dbd8cd48a0d67046bee6366) Importer(815301076,1909f56bfc062723c751e8b465ee728b)  -> (artifact id: 'fafbf8c2ae85dd298005907a0a318c59') in 0.013398 seconds 
========================================================================
Received Import Request.
  Time since last request: 0.000310 seconds.
  path: Assets/素材/地板/Prefabs/Material 0/Branch 2.prefab
  artifactKey: Guid(e8ef785b7b64117448a96bb948329292) Importer(815301076,1909f56bfc062723c751e8b465ee728b)
Start importing Assets/素材/地板/Prefabs/Material 0/Branch 2.prefab using Guid(e8ef785b7b64117448a96bb948329292) Importer(815301076,1909f56bfc062723c751e8b465ee728b)  -> (artifact id: '22b0c820fa8ee35b054e69af61290afa') in 0.014776 seconds 
========================================================================
Received Import Request.
  Time since last request: 0.000383 seconds.
  path: Assets/素材/地板/Prefabs/Material 0/Grass.prefab
  artifactKey: Guid(e8d2ccbee098ec94a954a38c4f953c91) Importer(815301076,1909f56bfc062723c751e8b465ee728b)
Start importing Assets/素材/地板/Prefabs/Material 0/Grass.prefab using Guid(e8d2ccbee098ec94a954a38c4f953c91) Importer(815301076,1909f56bfc062723c751e8b465ee728b)  -> (artifact id: 'a687ac1a1f3c9882fad6b57daf83093f') in 0.013196 seconds 
========================================================================
Received Import Request.
  Time since last request: 0.000504 seconds.
  path: Assets/素材/地板/Prefabs/Material 0/Branch 1.prefab
  artifactKey: Guid(4fdcfaf87ac8ed04e8b7f438cb718b1e) Importer(815301076,1909f56bfc062723c751e8b465ee728b)
Start importing Assets/素材/地板/Prefabs/Material 0/Branch 1.prefab using Guid(4fdcfaf87ac8ed04e8b7f438cb718b1e) Importer(815301076,1909f56bfc062723c751e8b465ee728b)  -> (artifact id: '0ee42a2fdca84bdd5689f90441d01fc5') in 0.035602 seconds 
========================================================================
Received Import Request.
  Time since last request: 0.000287 seconds.
  path: Assets/素材/地板/Prefabs/Material 0/Tree 1.prefab
  artifactKey: Guid(d26323b6796b9124cbb1d69c674adc29) Importer(815301076,1909f56bfc062723c751e8b465ee728b)
Start importing Assets/素材/地板/Prefabs/Material 0/Tree 1.prefab using Guid(d26323b6796b9124cbb1d69c674adc29) Importer(815301076,1909f56bfc062723c751e8b465ee728b)  -> (artifact id: '6a432fa5764d4b1ef33bd7e0a538af0f') in 0.012916 seconds 
========================================================================
Received Import Request.
  Time since last request: 0.000422 seconds.
  path: Assets/素材/地板/Prefabs/Material 0/BigStone 2.prefab
  artifactKey: Guid(326d053bdd1aa3a438922c178fec8b73) Importer(815301076,1909f56bfc062723c751e8b465ee728b)
Start importing Assets/素材/地板/Prefabs/Material 0/BigStone 2.prefab using Guid(326d053bdd1aa3a438922c178fec8b73) Importer(815301076,1909f56bfc062723c751e8b465ee728b)  -> (artifact id: '53cfdadfd6acf8892bb42c5a9ec8ad0f') in 0.012002 seconds 
========================================================================
Received Import Request.
  Time since last request: 0.000380 seconds.
  path: Assets/素材/地板/Prefabs/Material 0/Coin.prefab
  artifactKey: Guid(ac78353ace64acb4683bc65eb61c7de0) Importer(815301076,1909f56bfc062723c751e8b465ee728b)
Start importing Assets/素材/地板/Prefabs/Material 0/Coin.prefab using Guid(ac78353ace64acb4683bc65eb61c7de0) Importer(815301076,1909f56bfc062723c751e8b465ee728b)  -> (artifact id: '1fab51a8e4d7eac1d7c82c3953199336') in 0.013484 seconds 
========================================================================
Received Import Request.
  Time since last request: 0.000321 seconds.
  path: Assets/素材/地板/Prefabs/Material 0/Nameplate.prefab
  artifactKey: Guid(ed6de85b9226e3146b5f62ffb3b4a1fd) Importer(815301076,1909f56bfc062723c751e8b465ee728b)
Start importing Assets/素材/地板/Prefabs/Material 0/Nameplate.prefab using Guid(ed6de85b9226e3146b5f62ffb3b4a1fd) Importer(815301076,1909f56bfc062723c751e8b465ee728b)  -> (artifact id: '9f8ccf9f7bd3325cb27437a6fc16dd5f') in 0.012498 seconds 
========================================================================
Received Import Request.
  Time since last request: 0.000419 seconds.
  path: Assets/素材/地板/Prefabs/Material 0/Bridge.prefab
  artifactKey: Guid(2754fe213be5eaf409b94575b0aabd8e) Importer(815301076,1909f56bfc062723c751e8b465ee728b)
Start importing Assets/素材/地板/Prefabs/Material 0/Bridge.prefab using Guid(2754fe213be5eaf409b94575b0aabd8e) Importer(815301076,1909f56bfc062723c751e8b465ee728b)  -> (artifact id: '19ac4ce2bcd0e9209528aa0058cd3352') in 0.011781 seconds 
========================================================================
Received Import Request.
  Time since last request: 3.815904 seconds.
  path: Assets/素材/地板/Prefabs/Material 1/Branch 2.prefab
  artifactKey: Guid(60d6627e5fcd645459ca9a892e1f1a80) Importer(815301076,1909f56bfc062723c751e8b465ee728b)
Start importing Assets/素材/地板/Prefabs/Material 1/Branch 2.prefab using Guid(60d6627e5fcd645459ca9a892e1f1a80) Importer(815301076,1909f56bfc062723c751e8b465ee728b)  -> (artifact id: '2835fba60dd8fc295c39995dc508ef74') in 0.020634 seconds 
========================================================================
Received Import Request.
  Time since last request: 0.000320 seconds.
  path: Assets/素材/地板/Prefabs/Material 1/Ground Tile.prefab
  artifactKey: Guid(086e3f98528fb64498d7f7d540d2ce05) Importer(815301076,1909f56bfc062723c751e8b465ee728b)
Start importing Assets/素材/地板/Prefabs/Material 1/Ground Tile.prefab using Guid(086e3f98528fb64498d7f7d540d2ce05) Importer(815301076,1909f56bfc062723c751e8b465ee728b)  -> (artifact id: '3e225862ff5607722cdf74ef4576b234') in 0.011885 seconds 
========================================================================
Received Import Request.
  Time since last request: 0.000598 seconds.
  path: Assets/素材/地板/Prefabs/Material 1/Tile Top 2.prefab
  artifactKey: Guid(3dd970b60e1b094408f229d12a1b15d7) Importer(815301076,1909f56bfc062723c751e8b465ee728b)
Start importing Assets/素材/地板/Prefabs/Material 1/Tile Top 2.prefab using Guid(3dd970b60e1b094408f229d12a1b15d7) Importer(815301076,1909f56bfc062723c751e8b465ee728b)  -> (artifact id: '5608a042910f6e97c5800f0328b0eeb3') in 0.019661 seconds 
========================================================================
Received Import Request.
  Time since last request: 0.000429 seconds.
  path: Assets/素材/地板/Prefabs/Material 1/Tree 1.prefab
  artifactKey: Guid(a3d9b661523801e4a8a84e417439806e) Importer(815301076,1909f56bfc062723c751e8b465ee728b)
Start importing Assets/素材/地板/Prefabs/Material 1/Tree 1.prefab using Guid(a3d9b661523801e4a8a84e417439806e) Importer(815301076,1909f56bfc062723c751e8b465ee728b)  -> (artifact id: '33a5182aa88e78ee86db79f8c71740eb') in 0.013354 seconds 
========================================================================
Received Import Request.
  Time since last request: 0.000440 seconds.
  path: Assets/素材/地板/Prefabs/Material 1/Grass.prefab
  artifactKey: Guid(32b4c487e0aab85409b19e77ac880e0e) Importer(815301076,1909f56bfc062723c751e8b465ee728b)
Start importing Assets/素材/地板/Prefabs/Material 1/Grass.prefab using Guid(32b4c487e0aab85409b19e77ac880e0e) Importer(815301076,1909f56bfc062723c751e8b465ee728b)  -> (artifact id: '0df87ea8a2c924063060374c601ac09a') in 0.014332 seconds 
========================================================================
Received Import Request.
  Time since last request: 0.000358 seconds.
  path: Assets/素材/地板/Prefabs/Material 1/Nameplate.prefab
  artifactKey: Guid(5f226faa30648a445a5e57937c3c8b21) Importer(815301076,1909f56bfc062723c751e8b465ee728b)
Start importing Assets/素材/地板/Prefabs/Material 1/Nameplate.prefab using Guid(5f226faa30648a445a5e57937c3c8b21) Importer(815301076,1909f56bfc062723c751e8b465ee728b)  -> (artifact id: '23577e372ef7dc67fae5d0a716a5708c') in 0.013932 seconds 
========================================================================
Received Import Request.
  Time since last request: 0.000473 seconds.
  path: Assets/素材/地板/Prefabs/Material 1/Bush 1.prefab
  artifactKey: Guid(2026d0eebc61d0d498d45028aa3f375d) Importer(815301076,1909f56bfc062723c751e8b465ee728b)
Start importing Assets/素材/地板/Prefabs/Material 1/Bush 1.prefab using Guid(2026d0eebc61d0d498d45028aa3f375d) Importer(815301076,1909f56bfc062723c751e8b465ee728b)  -> (artifact id: 'ebc55dde955f493ba411e64d0beea528') in 0.012973 seconds 
========================================================================
Received Import Request.
  Time since last request: 0.000617 seconds.
  path: Assets/素材/地板/Prefabs/Material 1/Tree 2.prefab
  artifactKey: Guid(a56ab5fba436dbd46836d7b577ed3deb) Importer(815301076,1909f56bfc062723c751e8b465ee728b)
Start importing Assets/素材/地板/Prefabs/Material 1/Tree 2.prefab using Guid(a56ab5fba436dbd46836d7b577ed3deb) Importer(815301076,1909f56bfc062723c751e8b465ee728b)  -> (artifact id: '58d069378455c462a9bd95ddfcf1392f') in 0.038187 seconds 
========================================================================
Received Import Request.
  Time since last request: 0.000622 seconds.
  path: Assets/素材/地板/Prefabs/Material 1/Fence.prefab
  artifactKey: Guid(e77e44f6234bf34469e022632c99062f) Importer(815301076,1909f56bfc062723c751e8b465ee728b)
Start importing Assets/素材/地板/Prefabs/Material 1/Fence.prefab using Guid(e77e44f6234bf34469e022632c99062f) Importer(815301076,1909f56bfc062723c751e8b465ee728b)  -> (artifact id: '81848bc5d6d2349d9c3809447b29840d') in 0.019953 seconds 
========================================================================
Received Import Request.
  Time since last request: 0.000411 seconds.
  path: Assets/素材/地板/Prefabs/Material 1/Bush 2.prefab
  artifactKey: Guid(0b75adaa575133e43b432bdba63aa813) Importer(815301076,1909f56bfc062723c751e8b465ee728b)
Start importing Assets/素材/地板/Prefabs/Material 1/Bush 2.prefab using Guid(0b75adaa575133e43b432bdba63aa813) Importer(815301076,1909f56bfc062723c751e8b465ee728b)  -> (artifact id: '5bfefee3647aad49d448357bf8eaf491') in 0.014698 seconds 
========================================================================
Received Import Request.
  Time since last request: 0.000463 seconds.
  path: Assets/素材/地板/Prefabs/Material 1/Tile Top 1.prefab
  artifactKey: Guid(3d3e1647da524af438765070d6d4fc6c) Importer(815301076,1909f56bfc062723c751e8b465ee728b)
Start importing Assets/素材/地板/Prefabs/Material 1/Tile Top 1.prefab using Guid(3d3e1647da524af438765070d6d4fc6c) Importer(815301076,1909f56bfc062723c751e8b465ee728b)  -> (artifact id: '46d367db9b2042d6bfa8d96d5297211b') in 0.016735 seconds 
========================================================================
Received Import Request.
  Time since last request: 0.000432 seconds.
  path: Assets/素材/地板/Prefabs/Material 1/LittleStone 3.prefab
  artifactKey: Guid(7c63593e3dfeabc46bfda51e8c508cb4) Importer(815301076,1909f56bfc062723c751e8b465ee728b)
Start importing Assets/素材/地板/Prefabs/Material 1/LittleStone 3.prefab using Guid(7c63593e3dfeabc46bfda51e8c508cb4) Importer(815301076,1909f56bfc062723c751e8b465ee728b)  -> (artifact id: 'a3322d9f76821b09e69d4d90c6d40f0d') in 0.016497 seconds 
========================================================================
Received Import Request.
  Time since last request: 30.128598 seconds.
  path: Assets/素材/地板/Prefabs/Material 2/BigStone 1.prefab
  artifactKey: Guid(4fe91b70223fc4d4cb3214cdd8a2491f) Importer(815301076,1909f56bfc062723c751e8b465ee728b)
Start importing Assets/素材/地板/Prefabs/Material 2/BigStone 1.prefab using Guid(4fe91b70223fc4d4cb3214cdd8a2491f) Importer(815301076,1909f56bfc062723c751e8b465ee728b)  -> (artifact id: 'ba74de359debba1f5ea008056930a91c') in 0.018745 seconds 
========================================================================
Received Import Request.
  Time since last request: 0.000394 seconds.
  path: Assets/素材/地板/Prefabs/Material 2/Bush 1.prefab
  artifactKey: Guid(f511578de5244d24d8896f01bc37f583) Importer(815301076,1909f56bfc062723c751e8b465ee728b)
Start importing Assets/素材/地板/Prefabs/Material 2/Bush 1.prefab using Guid(f511578de5244d24d8896f01bc37f583) Importer(815301076,1909f56bfc062723c751e8b465ee728b)  -> (artifact id: '96c383f9f8de6d3c3f6cbd70c4f5fad9') in 0.034900 seconds 
========================================================================
Received Import Request.
  Time since last request: 0.000370 seconds.
  path: Assets/素材/地板/Prefabs/Material 2/Coin.prefab
  artifactKey: Guid(24008ca901bc15e4e9aba3e3e15680dc) Importer(815301076,1909f56bfc062723c751e8b465ee728b)
Start importing Assets/素材/地板/Prefabs/Material 2/Coin.prefab using Guid(24008ca901bc15e4e9aba3e3e15680dc) Importer(815301076,1909f56bfc062723c751e8b465ee728b)  -> (artifact id: '7a478a7f23dc3724893feeb3a7a18d7a') in 0.048388 seconds 
========================================================================
Received Import Request.
  Time since last request: 0.000296 seconds.
  path: Assets/素材/地板/Prefabs/Material 2/Stones Tile.prefab
  artifactKey: Guid(abfe5c7e82c96314489525c5f8a9ba7f) Importer(815301076,1909f56bfc062723c751e8b465ee728b)
Start importing Assets/素材/地板/Prefabs/Material 2/Stones Tile.prefab using Guid(abfe5c7e82c96314489525c5f8a9ba7f) Importer(815301076,1909f56bfc062723c751e8b465ee728b)  -> (artifact id: '0bbb3a3c5c719ad99ee759a5fc911d04') in 0.012689 seconds 
========================================================================
Received Import Request.
  Time since last request: 0.000412 seconds.
  path: Assets/素材/地板/Prefabs/Material 2/Grass.prefab
  artifactKey: Guid(822eca22c3c604347af004b5bbdfc67a) Importer(815301076,1909f56bfc062723c751e8b465ee728b)
Start importing Assets/素材/地板/Prefabs/Material 2/Grass.prefab using Guid(822eca22c3c604347af004b5bbdfc67a) Importer(815301076,1909f56bfc062723c751e8b465ee728b)  -> (artifact id: 'f867454857a1f6cc330b4e3cb1f6eb38') in 0.018350 seconds 
========================================================================
Received Import Request.
  Time since last request: 0.000405 seconds.
  path: Assets/素材/地板/Prefabs/Material 2/Nameplate.prefab
  artifactKey: Guid(8dae05d3f47952b4ea654ded5ea3d5da) Importer(815301076,1909f56bfc062723c751e8b465ee728b)
Start importing Assets/素材/地板/Prefabs/Material 2/Nameplate.prefab using Guid(8dae05d3f47952b4ea654ded5ea3d5da) Importer(815301076,1909f56bfc062723c751e8b465ee728b)  -> (artifact id: 'ec6f303cc440f1866f15e530bfaa7b95') in 0.014787 seconds 
========================================================================
Received Import Request.
  Time since last request: 0.000744 seconds.
  path: Assets/素材/地板/Prefabs/Material 2/Tile Top 2.prefab
  artifactKey: Guid(c9136788b99468f4d896217e3b9c17a6) Importer(815301076,1909f56bfc062723c751e8b465ee728b)
Start importing Assets/素材/地板/Prefabs/Material 2/Tile Top 2.prefab using Guid(c9136788b99468f4d896217e3b9c17a6) Importer(815301076,1909f56bfc062723c751e8b465ee728b)  -> (artifact id: '30782a1b6f99aa2c7c7562fd23a8eb51') in 0.014265 seconds 
========================================================================
Received Import Request.
  Time since last request: 0.000425 seconds.
  path: Assets/素材/地板/Prefabs/Material 2/Tile Bot 2.prefab
  artifactKey: Guid(0a6820ea3b4f3c6468072b085e02a366) Importer(815301076,1909f56bfc062723c751e8b465ee728b)
Start importing Assets/素材/地板/Prefabs/Material 2/Tile Bot 2.prefab using Guid(0a6820ea3b4f3c6468072b085e02a366) Importer(815301076,1909f56bfc062723c751e8b465ee728b)  -> (artifact id: '5d599a13170177655a64e3a4ca5005bf') in 0.019128 seconds 
========================================================================
Received Import Request.
  Time since last request: 0.000400 seconds.
  path: Assets/素材/地板/Prefabs/Material 2/Tree 2.prefab
  artifactKey: Guid(1d0d62047c0ad0d469d62127fbd1e23d) Importer(815301076,1909f56bfc062723c751e8b465ee728b)
Start importing Assets/素材/地板/Prefabs/Material 2/Tree 2.prefab using Guid(1d0d62047c0ad0d469d62127fbd1e23d) Importer(815301076,1909f56bfc062723c751e8b465ee728b)  -> (artifact id: '290e528a501fd1be50f1a7a7770e8505') in 0.018365 seconds 
========================================================================
Received Import Request.
  Time since last request: 0.000379 seconds.
  path: Assets/素材/地板/Prefabs/Material 2/Ground Tile.prefab
  artifactKey: Guid(4ed6fffbb6b1f274ba7c0bbc15e1e4d0) Importer(815301076,1909f56bfc062723c751e8b465ee728b)
Start importing Assets/素材/地板/Prefabs/Material 2/Ground Tile.prefab using Guid(4ed6fffbb6b1f274ba7c0bbc15e1e4d0) Importer(815301076,1909f56bfc062723c751e8b465ee728b)  -> (artifact id: '3a9cd012195f1b16e8ecaa845e187709') in 0.013066 seconds 
========================================================================
Received Import Request.
  Time since last request: 0.000401 seconds.
  path: Assets/素材/地板/Prefabs/Material 2/LittleStone 2.prefab
  artifactKey: Guid(77b882d86c71eb9469361801d3fa650c) Importer(815301076,1909f56bfc062723c751e8b465ee728b)
Start importing Assets/素材/地板/Prefabs/Material 2/LittleStone 2.prefab using Guid(77b882d86c71eb9469361801d3fa650c) Importer(815301076,1909f56bfc062723c751e8b465ee728b)  -> (artifact id: 'd8efa0804b0efc48d827b9390e93e046') in 0.015219 seconds 
========================================================================
Received Import Request.
  Time since last request: 0.000513 seconds.
  path: Assets/素材/地板/Prefabs/Material 2/Tree 1.prefab
  artifactKey: Guid(3c35546a5208df9409b96c23d4121d80) Importer(815301076,1909f56bfc062723c751e8b465ee728b)
Start importing Assets/素材/地板/Prefabs/Material 2/Tree 1.prefab using Guid(3c35546a5208df9409b96c23d4121d80) Importer(815301076,1909f56bfc062723c751e8b465ee728b)  -> (artifact id: '4f4720cb98f59fa01803d8dfba81a1a3') in 0.019108 seconds 
========================================================================
Received Import Request.
  Time since last request: 0.000561 seconds.
  path: Assets/素材/地板/Prefabs/Material 2/Bush 2.prefab
  artifactKey: Guid(2f40c419bd3e540408f5af549d78ea76) Importer(815301076,1909f56bfc062723c751e8b465ee728b)
Start importing Assets/素材/地板/Prefabs/Material 2/Bush 2.prefab using Guid(2f40c419bd3e540408f5af549d78ea76) Importer(815301076,1909f56bfc062723c751e8b465ee728b)  -> (artifact id: '0bd6d656d07b064033e3b7ef8f5534d6') in 0.015495 seconds 
========================================================================
Received Import Request.
  Time since last request: 0.000523 seconds.
  path: Assets/素材/地板/Prefabs/Material 2/Fence.prefab
  artifactKey: Guid(760a160301010754c8406349710830ce) Importer(815301076,1909f56bfc062723c751e8b465ee728b)
Start importing Assets/素材/地板/Prefabs/Material 2/Fence.prefab using Guid(760a160301010754c8406349710830ce) Importer(815301076,1909f56bfc062723c751e8b465ee728b)  -> (artifact id: 'dcc7662963e65417d52ebecee8653458') in 0.023156 seconds 
========================================================================
Received Import Request.
  Time since last request: 0.000849 seconds.
  path: Assets/素材/地板/Prefabs/Material 2/LittleStone 3.prefab
  artifactKey: Guid(cad11d9b98bd5dd4fb9a7f59a4d6a646) Importer(815301076,1909f56bfc062723c751e8b465ee728b)
Start importing Assets/素材/地板/Prefabs/Material 2/LittleStone 3.prefab using Guid(cad11d9b98bd5dd4fb9a7f59a4d6a646) Importer(815301076,1909f56bfc062723c751e8b465ee728b)  -> (artifact id: 'fa584c6c895cc743e71f1f9a2dcbbe44') in 0.013430 seconds 
========================================================================
Received Import Request.
  Time since last request: 0.000333 seconds.
  path: Assets/素材/地板/Prefabs/Material 2/BigStone 2.prefab
  artifactKey: Guid(b70e65c0a0ae25a4b979477e733863a5) Importer(815301076,1909f56bfc062723c751e8b465ee728b)
Start importing Assets/素材/地板/Prefabs/Material 2/BigStone 2.prefab using Guid(b70e65c0a0ae25a4b979477e733863a5) Importer(815301076,1909f56bfc062723c751e8b465ee728b)  -> (artifact id: 'a3292abd7612da9facd8e724e02301d8') in 0.035743 seconds 
========================================================================
Received Import Request.
  Time since last request: 0.000251 seconds.
  path: Assets/素材/地板/Prefabs/Material 2/Branch 1.prefab
  artifactKey: Guid(a7c78a720aa6c62488112a7956962c0b) Importer(815301076,1909f56bfc062723c751e8b465ee728b)
Start importing Assets/素材/地板/Prefabs/Material 2/Branch 1.prefab using Guid(a7c78a720aa6c62488112a7956962c0b) Importer(815301076,1909f56bfc062723c751e8b465ee728b)  -> (artifact id: '3175881f71b530c2cdd76c0dd3191e8a') in 0.013621 seconds 
========================================================================
Received Import Request.
  Time since last request: 0.000369 seconds.
  path: Assets/素材/地板/Prefabs/Material 2/LittleStone 1.prefab
  artifactKey: Guid(585134f2c275a0447aea1808d2c99a83) Importer(815301076,1909f56bfc062723c751e8b465ee728b)
Start importing Assets/素材/地板/Prefabs/Material 2/LittleStone 1.prefab using Guid(585134f2c275a0447aea1808d2c99a83) Importer(815301076,1909f56bfc062723c751e8b465ee728b)  -> (artifact id: '814315e1b9734a2a3b3abedc0c48c67e') in 0.012599 seconds 
========================================================================
Received Import Request.
  Time since last request: 0.000592 seconds.
  path: Assets/素材/地板/Prefabs/Material 2/Bridge.prefab
  artifactKey: Guid(1cc150c5bdde0df49a3caf03a7ca92a4) Importer(815301076,1909f56bfc062723c751e8b465ee728b)
Start importing Assets/素材/地板/Prefabs/Material 2/Bridge.prefab using Guid(1cc150c5bdde0df49a3caf03a7ca92a4) Importer(815301076,1909f56bfc062723c751e8b465ee728b)  -> (artifact id: 'a80a60bb2b7438774829c62e31eb7eca') in 0.013094 seconds 
========================================================================
Received Import Request.
  Time since last request: 120.422188 seconds.
  path: Assets/預製件/關卡內UI.prefab
  artifactKey: Guid(7b5ced3b1794f934faf9eb8c4aab8286) Importer(815301076,1909f56bfc062723c751e8b465ee728b)
Start importing Assets/預製件/關卡內UI.prefab using Guid(7b5ced3b1794f934faf9eb8c4aab8286) Importer(815301076,1909f56bfc062723c751e8b465ee728b)  -> (artifact id: 'fa576acbe764927fe79af46c0c50bc1c') in 0.094538 seconds 
========================================================================
Received Import Request.
  Time since last request: 2.446566 seconds.
  path: Assets/預製件/土地.prefab
  artifactKey: Guid(ea4a9e6f87613344cba9f2f11b97f56b) Importer(815301076,1909f56bfc062723c751e8b465ee728b)
Start importing Assets/預製件/土地.prefab using Guid(ea4a9e6f87613344cba9f2f11b97f56b) Importer(815301076,1909f56bfc062723c751e8b465ee728b)  -> (artifact id: '708a88e5113d9ec14f7f6b132a359523') in 0.029246 seconds 
========================================================================
Received Import Request.
  Time since last request: 46.176152 seconds.
  path: Assets/預製件/土地.prefab
  artifactKey: Guid(ea4a9e6f87613344cba9f2f11b97f56b) Importer(815301076,1909f56bfc062723c751e8b465ee728b)
Start importing Assets/預製件/土地.prefab using Guid(ea4a9e6f87613344cba9f2f11b97f56b) Importer(815301076,1909f56bfc062723c751e8b465ee728b)  -> (artifact id: 'f78daa159ff0b90d71e83d5349c368f3') in 0.025516 seconds 
========================================================================
Received Import Request.
  Time since last request: 71.496284 seconds.
  path: Assets/New Folder
  artifactKey: Guid(4866bc89d8c71b8479c63247d984e064) Importer(815301076,1909f56bfc062723c751e8b465ee728b)
Start importing Assets/New Folder using Guid(4866bc89d8c71b8479c63247d984e064) Importer(815301076,1909f56bfc062723c751e8b465ee728b)  -> (artifact id: '68c02a9d180e708a33a2e0809c5e1dfa') in 0.002353 seconds 
========================================================================
Received Import Request.
  Time since last request: 4.939433 seconds.
  path: Assets/Script
  artifactKey: Guid(4866bc89d8c71b8479c63247d984e064) Importer(815301076,1909f56bfc062723c751e8b465ee728b)
Start importing Assets/Script using Guid(4866bc89d8c71b8479c63247d984e064) Importer(815301076,1909f56bfc062723c751e8b465ee728b)  -> (artifact id: 'c9e7920b87a5a7b7c9dc7496e852d1e2') in 0.003094 seconds 
========================================================================
Received Prepare
Registering precompiled user dll's ...
Registered in 0.215926 seconds.
Begin MonoManager ReloadAssembly
Native extension for WindowsStandalone target not found
Native extension for WebGL target not found
Refreshing native plugins compatible for Editor in 16.29 ms, found 5 plugins.
Preloading 0 native plugins for Editor in 0.00 ms.
Mono: successfully reloaded assembly
- Completed reload, in  5.900 seconds
Domain Reload Profiling:
	ReloadAssembly (5957ms)
		BeginReloadAssembly (3984ms)
			ExecutionOrderSort (9ms)
			DisableScriptedObjects (908ms)
			BackupInstance (0ms)
			ReleaseScriptingObjects (0ms)
			CreateAndSetChildDomain (1415ms)
		EndReloadAssembly (1824ms)
			LoadAssemblies (572ms)
			RebuildTransferFunctionScriptingTraits (13ms)
			SetupTypeCache (749ms)
			ReleaseScriptCaches (2ms)
			RebuildScriptCaches (40ms)
			SetupLoadedEditorAssemblies (505ms)
				LogAssemblyErrors (0ms)
				InitializePlatformSupportModulesInManaged (6ms)
				SetLoadedEditorAssemblies (1ms)
				RefreshPlugins (16ms)
				BeforeProcessingInitializeOnLoad (78ms)
				ProcessInitializeOnLoadAttributes (395ms)
				ProcessInitializeOnLoadMethodAttributes (7ms)
				AfterProcessingInitializeOnLoad (2ms)
				EditorAssembliesLoaded (0ms)
			ExecutionOrderSort2 (0ms)
			AwakeInstancesAfterBackupRestoration (9ms)
Platform modules already initialized, skipping
Switching build target platform(19) subTarget(0) extendedPlatform(0) -> platform(13) subTarget(537395200) extendedPlatform(0)
Refreshing native plugins compatible for Editor in 0.92 ms, found 5 plugins.
Preloading 0 native plugins for Editor in 0.00 ms.
Unloading 1795 Unused Serialized files (Serialized files now loaded: 0)
System memory in use before: 125.3 MB.
System memory in use after: 114.3 MB.

Unloading 79 unused Assets to reduce memory usage. Loaded Objects now: 2289.
Total: 14.056200 ms (FindLiveObjects: 0.258900 ms CreateObjectMapping: 0.097500 ms MarkObjects: 3.319100 ms  DeleteObjects: 10.378200 ms)

AssetImportParameters requested are different than current active one (requested -> active):
  custom:framework-win-MediaFoundation: 216162199b28c13a410421893ffa2e32 -> 
  custom:video-decoder-ogg-theora: a1e56fd34408186e4bbccfd4996cb3dc -> 
  custom:container-muxer-webm: aa71ff27fc2769a1b78a27578f13a17b -> 
  custom:container-demuxer-webm: 4f35f7cbe854078d1ac9338744f61a02 -> 
  custom:container-demuxer-ogg: 62fdf1f143b41e24485cea50d1cbac27 -> 
  custom:video-encoder-webm-vp8: eb34c28f22e8b96e1ab97ce403110664 -> 
  custom:video-decoder-webm-vp8: 9c59270c3fd7afecdb556c50c9e8de78 -> 
  custom:graphics/normal-map-encoding: 01000000000000000000000000000000 -> 02000000000000000000000000000000
  custom:audio-decoder-ogg-vorbis: bf7c407c2cedff20999df2af8eb42d56 -> 
  custom:audio-encoder-webm-vorbis: bf7c407c2cedff20999df2af8eb42d56 -> 
========================================================================
Received Import Request.
  Time since last request: 3329.036311 seconds.
  path: ProjectSettings/TagManager.asset
  artifactKey: Guid(00000000000000003000000000000000) Importer(815301076,1909f56bfc062723c751e8b465ee728b)
Start importing ProjectSettings/TagManager.asset using Guid(00000000000000003000000000000000) Importer(815301076,1909f56bfc062723c751e8b465ee728b)  -> (artifact id: '95df672b4aaba54310d34c83eef51bb8') in 1.142556 seconds 
